#
# There is insufficient memory for the Java Runtime Environment to continue.
# Native memory allocation (malloc) failed to allocate 2107376 bytes for Chunk::new
# Possible reasons:
#   The system is out of physical RAM or swap space
#   The process is running with CompressedOops enabled, and the Java Heap may be blocking the growth of the native heap
# Possible solutions:
#   Reduce memory load on the system
#   Increase physical memory or swap space
#   Check if swap backing store is full
#   Decrease Java heap size (-Xmx/-Xms)
#   Decrease number of Java threads
#   Decrease Java thread stack sizes (-Xss)
#   Set larger code cache with -XX:ReservedCodeCacheSize=
#   JVM is running with Unscaled Compressed Oops mode in which the Java heap is
#     placed in the first 4GB address space. The Java Heap base address is the
#     maximum limit for the native heap growth. Please use -XX:HeapBaseMinAddress
#     to set the Java Heap base and to place the Java Heap above 4GB virtual address.
# This output file may be truncated or incomplete.
#
#  Out of Memory Error (./src/hotspot/share/memory/arena.cpp:197), pid=13096, tid=8848
#
# JRE version: OpenJDK Runtime Environment (11.0.12+7) (build 11.0.12+7-b1504.28-7817840)
# Java VM: OpenJDK 64-Bit Server VM (11.0.12+7-b1504.28-7817840, mixed mode, tiered, compressed oops, g1 gc, windows-amd64)
# No core dump will be written. Minidumps are not enabled by default on client versions of Windows
#

---------------  S U M M A R Y ------------

Command Line: org.jetbrains.kotlin.cli.jvm.K2JVMCompiler @D:\AndroidStudioProjects\IslamicApp\app\build\20220827_17537126742109671111.compiler.options

Host: Intel(R) Core(TM) i5-10210U CPU @ 1.60GHz, 8 cores, 7G,  Windows 10 , 64 bit Build 19041 (10.0.19041.1889)
Time: Sat Aug 27 20:52:21 2022 Azerbaijan Standard Time elapsed time: 2.454545 seconds (0d 0h 0m 2s)

---------------  T H R E A D  ---------------

Current thread (0x0000016a21458800):  JavaThread "C2 CompilerThread1" daemon [_thread_in_native, id=8848, stack(0x0000004c08000000,0x0000004c08100000)]


Current CompileTask:
C2:   2454 1831   !   4       jdk.internal.loader.BuiltinClassLoader::loadClassOrNull (143 bytes)

Stack: [0x0000004c08000000,0x0000004c08100000]
Native frames: (J=compiled Java code, j=interpreted, Vv=VM code, C=native code)
V  [jvm.dll+0x5fbcea]
V  [jvm.dll+0x731905]
V  [jvm.dll+0x732f1d]
V  [jvm.dll+0x7335d3]
V  [jvm.dll+0x247bf8]
V  [jvm.dll+0xc018c]
V  [jvm.dll+0xc06cc]
V  [jvm.dll+0x35b2db]
V  [jvm.dll+0x328803]
V  [jvm.dll+0x327cfa]
V  [jvm.dll+0x200602]
V  [jvm.dll+0x1ff794]
V  [jvm.dll+0x18868c]
V  [jvm.dll+0x20e0d7]
V  [jvm.dll+0x20c901]
V  [jvm.dll+0x6f9b7f]
V  [jvm.dll+0x6f26a5]
V  [jvm.dll+0x5fabf6]
C  [ucrtbase.dll+0x21bb2]
C  [KERNEL32.DLL+0x17034]
C  [ntdll.dll+0x52651]


---------------  P R O C E S S  ---------------

Threads class SMR info:
_java_thread_list=0x0000016a047a5ce0, length=11, elements={
0x0000016a046c9800, 0x0000016a2096c800, 0x0000016a20976800, 0x0000016a20987800,
0x0000016a2098a000, 0x0000016a2098b000, 0x0000016a2098e000, 0x0000016a20991800,
0x0000016a212f4800, 0x0000016a2145b800, 0x0000016a21458800
}

Java Threads: ( => current thread )
  0x0000016a046c9800 JavaThread "main" [_thread_in_vm, id=16292, stack(0x0000004c06f00000,0x0000004c07000000)]
  0x0000016a2096c800 JavaThread "Reference Handler" daemon [_thread_blocked, id=8980, stack(0x0000004c07600000,0x0000004c07700000)]
  0x0000016a20976800 JavaThread "Finalizer" daemon [_thread_blocked, id=13444, stack(0x0000004c07700000,0x0000004c07800000)]
  0x0000016a20987800 JavaThread "Signal Dispatcher" daemon [_thread_blocked, id=14684, stack(0x0000004c07800000,0x0000004c07900000)]
  0x0000016a2098a000 JavaThread "Attach Listener" daemon [_thread_blocked, id=15132, stack(0x0000004c07900000,0x0000004c07a00000)]
  0x0000016a2098b000 JavaThread "Service Thread" daemon [_thread_blocked, id=19264, stack(0x0000004c07a00000,0x0000004c07b00000)]
  0x0000016a2098e000 JavaThread "C2 CompilerThread0" daemon [_thread_in_native, id=15444, stack(0x0000004c07b00000,0x0000004c07c00000)]
  0x0000016a20991800 JavaThread "C1 CompilerThread0" daemon [_thread_in_native, id=10128, stack(0x0000004c07c00000,0x0000004c07d00000)]
  0x0000016a212f4800 JavaThread "Sweeper thread" daemon [_thread_blocked, id=10520, stack(0x0000004c07d00000,0x0000004c07e00000)]
  0x0000016a2145b800 JavaThread "Common-Cleaner" daemon [_thread_blocked, id=17588, stack(0x0000004c07f00000,0x0000004c08000000)]
=>0x0000016a21458800 JavaThread "C2 CompilerThread1" daemon [_thread_in_native, id=8848, stack(0x0000004c08000000,0x0000004c08100000)]

Other Threads:
  0x0000016a2096a000 VMThread "VM Thread" [stack: 0x0000004c07500000,0x0000004c07600000] [id=7216]
  0x0000016a21456800 WatcherThread [stack: 0x0000004c07e00000,0x0000004c07f00000] [id=4344]
  0x0000016a046e3800 GCTaskThread "GC Thread#0" [stack: 0x0000004c07000000,0x0000004c07100000] [id=9032]
  0x0000016a21d1d800 GCTaskThread "GC Thread#1" [stack: 0x0000004c08100000,0x0000004c08200000] [id=1396]
  0x0000016a219bf000 GCTaskThread "GC Thread#2" [stack: 0x0000004c08200000,0x0000004c08300000] [id=11660]
  0x0000016a04713800 ConcurrentGCThread "G1 Main Marker" [stack: 0x0000004c07100000,0x0000004c07200000] [id=5708]
  0x0000016a04715000 ConcurrentGCThread "G1 Conc#0" [stack: 0x0000004c07200000,0x0000004c07300000] [id=2692]
  0x0000016a21d38800 ConcurrentGCThread "G1 Conc#1" [stack: 0x0000004c08300000,0x0000004c08400000] [id=788]
  0x0000016a207b0800 ConcurrentGCThread "G1 Refine#0" [stack: 0x0000004c07300000,0x0000004c07400000] [id=14588]
  0x0000016a047a3000 ConcurrentGCThread "G1 Young RemSet Sampling" [stack: 0x0000004c07400000,0x0000004c07500000] [id=11180]

Threads with active compile tasks:
C2 CompilerThread0   2484 1940       4       jdk.nio.zipfs.ZipConstants::CENHOW (9 bytes)
C1 CompilerThread0   2484 1998       3       java.lang.invoke.LambdaForm$BasicType::basicType (172 bytes)
C2 CompilerThread1   2484 1831   !   4       jdk.internal.loader.BuiltinClassLoader::loadClassOrNull (143 bytes)

VM state:not at safepoint (normal execution)

VM Mutex/Monitor currently owned by a thread: None

Heap address: 0x0000000082e00000, size: 2002 MB, Compressed Oops mode: 32-bit
Narrow klass base: 0x0000000000000000, Narrow klass shift: 3
Compressed class space size: 1073741824 Address: 0x0000000100000000

Heap:
 garbage-first heap   total 129024K, used 31306K [0x0000000082e00000, 0x0000000100000000)
  region size 1024K, 26 young (26624K), 7 survivors (7168K)
 Metaspace       used 25889K, capacity 26279K, committed 26544K, reserved 1073152K
  class space    used 2820K, capacity 2985K, committed 3072K, reserved 1048576K
Heap Regions: E=young(eden), S=young(survivor), O=old, HS=humongous(starts), HC=humongous(continues), CS=collection set, F=free, A=archive, TAMS=top-at-mark-start (previous, next)
|   0|0x0000000082e00000, 0x0000000082f00000, 0x0000000082f00000|100%|HS|  |TAMS 0x0000000082f00000, 0x0000000082e00000| Complete 
|   1|0x0000000082f00000, 0x0000000083000000, 0x0000000083000000|100%|HC|  |TAMS 0x0000000083000000, 0x0000000082f00000| Complete 
|   2|0x0000000083000000, 0x0000000083100000, 0x0000000083100000|100%|HC|  |TAMS 0x0000000083100000, 0x0000000083000000| Complete 
|   3|0x0000000083100000, 0x0000000083100000, 0x0000000083200000|  0%| F|  |TAMS 0x0000000083100000, 0x0000000083100000| Untracked 
|   4|0x0000000083200000, 0x000000008320b000, 0x0000000083300000|  4%| O|  |TAMS 0x000000008320b000, 0x0000000083200000| Untracked 
|   5|0x0000000083300000, 0x0000000083400000, 0x0000000083400000|100%|HS|  |TAMS 0x0000000083300000, 0x0000000083300000| Complete 
|   6|0x0000000083400000, 0x0000000083500000, 0x0000000083500000|100%|HC|  |TAMS 0x0000000083400000, 0x0000000083400000| Complete 
|   7|0x0000000083500000, 0x0000000083600000, 0x0000000083600000|100%|HC|  |TAMS 0x0000000083500000, 0x0000000083500000| Complete 
|   8|0x0000000083600000, 0x0000000083600000, 0x0000000083700000|  0%| F|  |TAMS 0x0000000083600000, 0x0000000083600000| Untracked 
|   9|0x0000000083700000, 0x0000000083700000, 0x0000000083800000|  0%| F|  |TAMS 0x0000000083700000, 0x0000000083700000| Untracked 
|  10|0x0000000083800000, 0x0000000083800000, 0x0000000083900000|  0%| F|  |TAMS 0x0000000083800000, 0x0000000083800000| Untracked 
|  11|0x0000000083900000, 0x0000000083900000, 0x0000000083a00000|  0%| F|  |TAMS 0x0000000083900000, 0x0000000083900000| Untracked 
|  12|0x0000000083a00000, 0x0000000083a00000, 0x0000000083b00000|  0%| F|  |TAMS 0x0000000083a00000, 0x0000000083a00000| Untracked 
|  13|0x0000000083b00000, 0x0000000083b00000, 0x0000000083c00000|  0%| F|  |TAMS 0x0000000083b00000, 0x0000000083b00000| Untracked 
|  14|0x0000000083c00000, 0x0000000083c00000, 0x0000000083d00000|  0%| F|  |TAMS 0x0000000083c00000, 0x0000000083c00000| Untracked 
|  15|0x0000000083d00000, 0x0000000083d00000, 0x0000000083e00000|  0%| F|  |TAMS 0x0000000083d00000, 0x0000000083d00000| Untracked 
|  16|0x0000000083e00000, 0x0000000083e00000, 0x0000000083f00000|  0%| F|  |TAMS 0x0000000083e00000, 0x0000000083e00000| Untracked 
|  17|0x0000000083f00000, 0x0000000083f00000, 0x0000000084000000|  0%| F|  |TAMS 0x0000000083f00000, 0x0000000083f00000| Untracked 
|  18|0x0000000084000000, 0x0000000084000000, 0x0000000084100000|  0%| F|  |TAMS 0x0000000084000000, 0x0000000084000000| Untracked 
|  19|0x0000000084100000, 0x0000000084100000, 0x0000000084200000|  0%| F|  |TAMS 0x0000000084100000, 0x0000000084100000| Untracked 
|  20|0x0000000084200000, 0x0000000084200000, 0x0000000084300000|  0%| F|  |TAMS 0x0000000084200000, 0x0000000084200000| Untracked 
|  21|0x0000000084300000, 0x0000000084300000, 0x0000000084400000|  0%| F|  |TAMS 0x0000000084300000, 0x0000000084300000| Untracked 
|  22|0x0000000084400000, 0x0000000084400000, 0x0000000084500000|  0%| F|  |TAMS 0x0000000084400000, 0x0000000084400000| Untracked 
|  23|0x0000000084500000, 0x0000000084500000, 0x0000000084600000|  0%| F|  |TAMS 0x0000000084500000, 0x0000000084500000| Untracked 
|  24|0x0000000084600000, 0x0000000084600000, 0x0000000084700000|  0%| F|  |TAMS 0x0000000084600000, 0x0000000084600000| Untracked 
|  25|0x0000000084700000, 0x0000000084700000, 0x0000000084800000|  0%| F|  |TAMS 0x0000000084700000, 0x0000000084700000| Untracked 
|  26|0x0000000084800000, 0x0000000084800000, 0x0000000084900000|  0%| F|  |TAMS 0x0000000084800000, 0x0000000084800000| Untracked 
|  27|0x0000000084900000, 0x0000000084900000, 0x0000000084a00000|  0%| F|  |TAMS 0x0000000084900000, 0x0000000084900000| Untracked 
|  28|0x0000000084a00000, 0x0000000084a00000, 0x0000000084b00000|  0%| F|  |TAMS 0x0000000084a00000, 0x0000000084a00000| Untracked 
|  29|0x0000000084b00000, 0x0000000084b00000, 0x0000000084c00000|  0%| F|  |TAMS 0x0000000084b00000, 0x0000000084b00000| Untracked 
|  30|0x0000000084c00000, 0x0000000084c00000, 0x0000000084d00000|  0%| F|  |TAMS 0x0000000084c00000, 0x0000000084c00000| Untracked 
|  31|0x0000000084d00000, 0x0000000084d00000, 0x0000000084e00000|  0%| F|  |TAMS 0x0000000084d00000, 0x0000000084d00000| Untracked 
|  32|0x0000000084e00000, 0x0000000084e00000, 0x0000000084f00000|  0%| F|  |TAMS 0x0000000084e00000, 0x0000000084e00000| Untracked 
|  33|0x0000000084f00000, 0x0000000084f00000, 0x0000000085000000|  0%| F|  |TAMS 0x0000000084f00000, 0x0000000084f00000| Untracked 
|  34|0x0000000085000000, 0x0000000085000000, 0x0000000085100000|  0%| F|  |TAMS 0x0000000085000000, 0x0000000085000000| Untracked 
|  35|0x0000000085100000, 0x0000000085100000, 0x0000000085200000|  0%| F|  |TAMS 0x0000000085100000, 0x0000000085100000| Untracked 
|  36|0x0000000085200000, 0x0000000085200000, 0x0000000085300000|  0%| F|  |TAMS 0x0000000085200000, 0x0000000085200000| Untracked 
|  37|0x0000000085300000, 0x0000000085300000, 0x0000000085400000|  0%| F|  |TAMS 0x0000000085300000, 0x0000000085300000| Untracked 
|  38|0x0000000085400000, 0x0000000085400000, 0x0000000085500000|  0%| F|  |TAMS 0x0000000085400000, 0x0000000085400000| Untracked 
|  39|0x0000000085500000, 0x0000000085500000, 0x0000000085600000|  0%| F|  |TAMS 0x0000000085500000, 0x0000000085500000| Untracked 
|  40|0x0000000085600000, 0x0000000085600000, 0x0000000085700000|  0%| F|  |TAMS 0x0000000085600000, 0x0000000085600000| Untracked 
|  41|0x0000000085700000, 0x0000000085700000, 0x0000000085800000|  0%| F|  |TAMS 0x0000000085700000, 0x0000000085700000| Untracked 
|  42|0x0000000085800000, 0x0000000085800000, 0x0000000085900000|  0%| F|  |TAMS 0x0000000085800000, 0x0000000085800000| Untracked 
|  43|0x0000000085900000, 0x0000000085900000, 0x0000000085a00000|  0%| F|  |TAMS 0x0000000085900000, 0x0000000085900000| Untracked 
|  44|0x0000000085a00000, 0x0000000085a00000, 0x0000000085b00000|  0%| F|  |TAMS 0x0000000085a00000, 0x0000000085a00000| Untracked 
|  45|0x0000000085b00000, 0x0000000085b00000, 0x0000000085c00000|  0%| F|  |TAMS 0x0000000085b00000, 0x0000000085b00000| Untracked 
|  46|0x0000000085c00000, 0x0000000085c00000, 0x0000000085d00000|  0%| F|  |TAMS 0x0000000085c00000, 0x0000000085c00000| Untracked 
|  47|0x0000000085d00000, 0x0000000085d00000, 0x0000000085e00000|  0%| F|  |TAMS 0x0000000085d00000, 0x0000000085d00000| Untracked 
|  48|0x0000000085e00000, 0x0000000085e00000, 0x0000000085f00000|  0%| F|  |TAMS 0x0000000085e00000, 0x0000000085e00000| Untracked 
|  49|0x0000000085f00000, 0x0000000085f00000, 0x0000000086000000|  0%| F|  |TAMS 0x0000000085f00000, 0x0000000085f00000| Untracked 
|  50|0x0000000086000000, 0x0000000086000000, 0x0000000086100000|  0%| F|  |TAMS 0x0000000086000000, 0x0000000086000000| Untracked 
|  51|0x0000000086100000, 0x0000000086100000, 0x0000000086200000|  0%| F|  |TAMS 0x0000000086100000, 0x0000000086100000| Untracked 
|  52|0x0000000086200000, 0x0000000086200000, 0x0000000086300000|  0%| F|  |TAMS 0x0000000086200000, 0x0000000086200000| Untracked 
|  53|0x0000000086300000, 0x0000000086300000, 0x0000000086400000|  0%| F|  |TAMS 0x0000000086300000, 0x0000000086300000| Untracked 
|  54|0x0000000086400000, 0x0000000086400000, 0x0000000086500000|  0%| F|  |TAMS 0x0000000086400000, 0x0000000086400000| Untracked 
|  55|0x0000000086500000, 0x0000000086500000, 0x0000000086600000|  0%| F|  |TAMS 0x0000000086500000, 0x0000000086500000| Untracked 
|  56|0x0000000086600000, 0x0000000086600000, 0x0000000086700000|  0%| F|  |TAMS 0x0000000086600000, 0x0000000086600000| Untracked 
|  57|0x0000000086700000, 0x0000000086700000, 0x0000000086800000|  0%| F|  |TAMS 0x0000000086700000, 0x0000000086700000| Untracked 
|  58|0x0000000086800000, 0x0000000086800000, 0x0000000086900000|  0%| F|  |TAMS 0x0000000086800000, 0x0000000086800000| Untracked 
|  59|0x0000000086900000, 0x0000000086900000, 0x0000000086a00000|  0%| F|  |TAMS 0x0000000086900000, 0x0000000086900000| Untracked 
|  60|0x0000000086a00000, 0x0000000086a00000, 0x0000000086b00000|  0%| F|  |TAMS 0x0000000086a00000, 0x0000000086a00000| Untracked 
|  61|0x0000000086b00000, 0x0000000086b00000, 0x0000000086c00000|  0%| F|  |TAMS 0x0000000086b00000, 0x0000000086b00000| Untracked 
|  62|0x0000000086c00000, 0x0000000086c00000, 0x0000000086d00000|  0%| F|  |TAMS 0x0000000086c00000, 0x0000000086c00000| Untracked 
|  63|0x0000000086d00000, 0x0000000086d00000, 0x0000000086e00000|  0%| F|  |TAMS 0x0000000086d00000, 0x0000000086d00000| Untracked 
|  64|0x0000000086e00000, 0x0000000086e00000, 0x0000000086f00000|  0%| F|  |TAMS 0x0000000086e00000, 0x0000000086e00000| Untracked 
|  65|0x0000000086f00000, 0x0000000086f00000, 0x0000000087000000|  0%| F|  |TAMS 0x0000000086f00000, 0x0000000086f00000| Untracked 
|  66|0x0000000087000000, 0x0000000087000000, 0x0000000087100000|  0%| F|  |TAMS 0x0000000087000000, 0x0000000087000000| Untracked 
|  67|0x0000000087100000, 0x0000000087100000, 0x0000000087200000|  0%| F|  |TAMS 0x0000000087100000, 0x0000000087100000| Untracked 
|  68|0x0000000087200000, 0x0000000087200000, 0x0000000087300000|  0%| F|  |TAMS 0x0000000087200000, 0x0000000087200000| Untracked 
|  69|0x0000000087300000, 0x0000000087300000, 0x0000000087400000|  0%| F|  |TAMS 0x0000000087300000, 0x0000000087300000| Untracked 
|  70|0x0000000087400000, 0x0000000087400000, 0x0000000087500000|  0%| F|  |TAMS 0x0000000087400000, 0x0000000087400000| Untracked 
|  71|0x0000000087500000, 0x0000000087500000, 0x0000000087600000|  0%| F|  |TAMS 0x0000000087500000, 0x0000000087500000| Untracked 
|  72|0x0000000087600000, 0x0000000087600000, 0x0000000087700000|  0%| F|  |TAMS 0x0000000087600000, 0x0000000087600000| Untracked 
|  73|0x0000000087700000, 0x0000000087700000, 0x0000000087800000|  0%| F|  |TAMS 0x0000000087700000, 0x0000000087700000| Untracked 
|  74|0x0000000087800000, 0x0000000087800000, 0x0000000087900000|  0%| F|  |TAMS 0x0000000087800000, 0x0000000087800000| Untracked 
|  75|0x0000000087900000, 0x0000000087900000, 0x0000000087a00000|  0%| F|  |TAMS 0x0000000087900000, 0x0000000087900000| Untracked 
|  76|0x0000000087a00000, 0x0000000087a00000, 0x0000000087b00000|  0%| F|  |TAMS 0x0000000087a00000, 0x0000000087a00000| Untracked 
|  77|0x0000000087b00000, 0x0000000087b00000, 0x0000000087c00000|  0%| F|  |TAMS 0x0000000087b00000, 0x0000000087b00000| Untracked 
|  78|0x0000000087c00000, 0x0000000087c00000, 0x0000000087d00000|  0%| F|  |TAMS 0x0000000087c00000, 0x0000000087c00000| Untracked 
|  79|0x0000000087d00000, 0x0000000087d87b40, 0x0000000087e00000| 53%| S|CS|TAMS 0x0000000087d00000, 0x0000000087d00000| Complete 
|  80|0x0000000087e00000, 0x0000000087f00000, 0x0000000087f00000|100%| S|CS|TAMS 0x0000000087e00000, 0x0000000087e00000| Complete 
|  81|0x0000000087f00000, 0x0000000088000000, 0x0000000088000000|100%| S|CS|TAMS 0x0000000087f00000, 0x0000000087f00000| Complete 
|  82|0x0000000088000000, 0x0000000088100000, 0x0000000088100000|100%| S|CS|TAMS 0x0000000088000000, 0x0000000088000000| Complete 
|  83|0x0000000088100000, 0x0000000088200000, 0x0000000088200000|100%| S|CS|TAMS 0x0000000088100000, 0x0000000088100000| Complete 
|  84|0x0000000088200000, 0x0000000088300000, 0x0000000088300000|100%| S|CS|TAMS 0x0000000088200000, 0x0000000088200000| Complete 
|  85|0x0000000088300000, 0x0000000088400000, 0x0000000088400000|100%| S|CS|TAMS 0x0000000088300000, 0x0000000088300000| Complete 
|  86|0x0000000088400000, 0x0000000088400000, 0x0000000088500000|  0%| F|  |TAMS 0x0000000088400000, 0x0000000088400000| Untracked 
|  87|0x0000000088500000, 0x0000000088500000, 0x0000000088600000|  0%| F|  |TAMS 0x0000000088500000, 0x0000000088500000| Untracked 
|  88|0x0000000088600000, 0x0000000088600000, 0x0000000088700000|  0%| F|  |TAMS 0x0000000088600000, 0x0000000088600000| Untracked 
|  89|0x0000000088700000, 0x0000000088700000, 0x0000000088800000|  0%| F|  |TAMS 0x0000000088700000, 0x0000000088700000| Untracked 
|  90|0x0000000088800000, 0x0000000088800000, 0x0000000088900000|  0%| F|  |TAMS 0x0000000088800000, 0x0000000088800000| Untracked 
|  91|0x0000000088900000, 0x0000000088900000, 0x0000000088a00000|  0%| F|  |TAMS 0x0000000088900000, 0x0000000088900000| Untracked 
|  92|0x0000000088a00000, 0x0000000088a00000, 0x0000000088b00000|  0%| F|  |TAMS 0x0000000088a00000, 0x0000000088a00000| Untracked 
|  93|0x0000000088b00000, 0x0000000088b00000, 0x0000000088c00000|  0%| F|  |TAMS 0x0000000088b00000, 0x0000000088b00000| Untracked 
|  94|0x0000000088c00000, 0x0000000088c00000, 0x0000000088d00000|  0%| F|  |TAMS 0x0000000088c00000, 0x0000000088c00000| Untracked 
|  95|0x0000000088d00000, 0x0000000088d00000, 0x0000000088e00000|  0%| F|  |TAMS 0x0000000088d00000, 0x0000000088d00000| Untracked 
|  96|0x0000000088e00000, 0x0000000088e00000, 0x0000000088f00000|  0%| F|  |TAMS 0x0000000088e00000, 0x0000000088e00000| Untracked 
|  97|0x0000000088f00000, 0x0000000088f00000, 0x0000000089000000|  0%| F|  |TAMS 0x0000000088f00000, 0x0000000088f00000| Untracked 
|  98|0x0000000089000000, 0x0000000089000000, 0x0000000089100000|  0%| F|  |TAMS 0x0000000089000000, 0x0000000089000000| Untracked 
|  99|0x0000000089100000, 0x0000000089100000, 0x0000000089200000|  0%| F|  |TAMS 0x0000000089100000, 0x0000000089100000| Untracked 
| 100|0x0000000089200000, 0x0000000089200000, 0x0000000089300000|  0%| F|  |TAMS 0x0000000089200000, 0x0000000089200000| Untracked 
| 101|0x0000000089300000, 0x0000000089300000, 0x0000000089400000|  0%| F|  |TAMS 0x0000000089300000, 0x0000000089300000| Untracked 
| 102|0x0000000089400000, 0x0000000089400000, 0x0000000089500000|  0%| F|  |TAMS 0x0000000089400000, 0x0000000089400000| Untracked 
| 103|0x0000000089500000, 0x0000000089500000, 0x0000000089600000|  0%| F|  |TAMS 0x0000000089500000, 0x0000000089500000| Untracked 
| 104|0x0000000089600000, 0x0000000089600000, 0x0000000089700000|  0%| F|  |TAMS 0x0000000089600000, 0x0000000089600000| Untracked 
| 105|0x0000000089700000, 0x0000000089700000, 0x0000000089800000|  0%| F|  |TAMS 0x0000000089700000, 0x0000000089700000| Untracked 
| 106|0x0000000089800000, 0x0000000089800000, 0x0000000089900000|  0%| F|  |TAMS 0x0000000089800000, 0x0000000089800000| Untracked 
| 107|0x0000000089900000, 0x0000000089a00000, 0x0000000089a00000|100%| E|  |TAMS 0x0000000089900000, 0x0000000089900000| Complete 
| 108|0x0000000089a00000, 0x0000000089b00000, 0x0000000089b00000|100%| E|CS|TAMS 0x0000000089a00000, 0x0000000089a00000| Complete 
| 109|0x0000000089b00000, 0x0000000089c00000, 0x0000000089c00000|100%| E|CS|TAMS 0x0000000089b00000, 0x0000000089b00000| Complete 
| 110|0x0000000089c00000, 0x0000000089d00000, 0x0000000089d00000|100%| E|CS|TAMS 0x0000000089c00000, 0x0000000089c00000| Complete 
| 111|0x0000000089d00000, 0x0000000089e00000, 0x0000000089e00000|100%| E|CS|TAMS 0x0000000089d00000, 0x0000000089d00000| Complete 
| 112|0x0000000089e00000, 0x0000000089f00000, 0x0000000089f00000|100%| E|CS|TAMS 0x0000000089e00000, 0x0000000089e00000| Complete 
| 113|0x0000000089f00000, 0x000000008a000000, 0x000000008a000000|100%| E|CS|TAMS 0x0000000089f00000, 0x0000000089f00000| Complete 
| 114|0x000000008a000000, 0x000000008a100000, 0x000000008a100000|100%| E|CS|TAMS 0x000000008a000000, 0x000000008a000000| Complete 
| 115|0x000000008a100000, 0x000000008a200000, 0x000000008a200000|100%| E|CS|TAMS 0x000000008a100000, 0x000000008a100000| Complete 
| 116|0x000000008a200000, 0x000000008a300000, 0x000000008a300000|100%| E|CS|TAMS 0x000000008a200000, 0x000000008a200000| Complete 
| 117|0x000000008a300000, 0x000000008a400000, 0x000000008a400000|100%| E|CS|TAMS 0x000000008a300000, 0x000000008a300000| Complete 
| 118|0x000000008a400000, 0x000000008a500000, 0x000000008a500000|100%| E|CS|TAMS 0x000000008a400000, 0x000000008a400000| Complete 
| 119|0x000000008a500000, 0x000000008a600000, 0x000000008a600000|100%| E|CS|TAMS 0x000000008a500000, 0x000000008a500000| Complete 
| 120|0x000000008a600000, 0x000000008a700000, 0x000000008a700000|100%| E|CS|TAMS 0x000000008a600000, 0x000000008a600000| Complete 
| 121|0x000000008a700000, 0x000000008a800000, 0x000000008a800000|100%| E|CS|TAMS 0x000000008a700000, 0x000000008a700000| Complete 
| 122|0x000000008a800000, 0x000000008a900000, 0x000000008a900000|100%| E|CS|TAMS 0x000000008a800000, 0x000000008a800000| Complete 
| 123|0x000000008a900000, 0x000000008aa00000, 0x000000008aa00000|100%| E|CS|TAMS 0x000000008a900000, 0x000000008a900000| Complete 
| 124|0x000000008aa00000, 0x000000008ab00000, 0x000000008ab00000|100%| E|CS|TAMS 0x000000008aa00000, 0x000000008aa00000| Complete 
| 125|0x000000008ab00000, 0x000000008ac00000, 0x000000008ac00000|100%| E|CS|TAMS 0x000000008ab00000, 0x000000008ab00000| Complete 

Card table byte_map: [0x0000016a19810000,0x0000016a19c00000] _byte_map_base: 0x0000016a193f9000

Marking Bits (Prev, Next): (CMBitMap*) 0x0000016a0470b030, (CMBitMap*) 0x0000016a0470aff8
 Prev Bits: [0x0000016a1bf40000, 0x0000016a1de88000)
 Next Bits: [0x0000016a19ff0000, 0x0000016a1bf38000)

Polling page: 0x0000016a047b0000

Metaspace:

Usage:
  Non-class:     22.76 MB capacity,    22.55 MB (>99%) used,   179.19 KB ( <1%) free+waste,    35.88 KB ( <1%) overhead. 
      Class:      2.92 MB capacity,     2.76 MB ( 94%) used,   147.95 KB (  5%) free+waste,    16.56 KB ( <1%) overhead. 
       Both:     25.67 MB capacity,    25.30 MB ( 99%) used,   327.14 KB (  1%) free+waste,    52.44 KB ( <1%) overhead. 

Virtual space:
  Non-class space:       24.00 MB reserved,      22.92 MB ( 96%) committed 
      Class space:        1.00 GB reserved,       3.00 MB ( <1%) committed 
             Both:        1.02 GB reserved,      25.92 MB (  2%) committed 

Chunk freelists:
   Non-Class:  42.00 KB
       Class:  0 bytes
        Both:  42.00 KB

MaxMetaspaceSize: 17179869184.00 GB
CompressedClassSpaceSize: 1.00 GB
Initial GC threshold: 20.80 MB
Current GC threshold: 35.08 MB
CDS: off

CodeHeap 'non-profiled nmethods': size=120000Kb used=715Kb max_used=715Kb free=119284Kb
 bounds [0x0000016a11480000, 0x0000016a116f0000, 0x0000016a189b0000]
CodeHeap 'profiled nmethods': size=120000Kb used=3880Kb max_used=3880Kb free=116119Kb
 bounds [0x0000016a09f50000, 0x0000016a0a320000, 0x0000016a11480000]
CodeHeap 'non-nmethods': size=5760Kb used=1231Kb max_used=1243Kb free=4528Kb
 bounds [0x0000016a099b0000, 0x0000016a09c20000, 0x0000016a09f50000]
 total_blobs=2511 nmethods=2005 adapters=418
 compilation: enabled
              stopped_count=0, restarted_count=0
 full_count=0

Compilation events (20 events):
Event: 2.418 Thread 0x0000016a20991800 1958       3       jdk.internal.misc.Unsafe::getIntUnaligned (83 bytes)
Event: 2.419 Thread 0x0000016a20991800 nmethod 1958 0x0000016a0a30a910 code [0x0000016a0a30ab00, 0x0000016a0a30af88]
Event: 2.419 Thread 0x0000016a20991800 1957       3       jdk.nio.zipfs.ZipFileSystem$ParentLookup::equals (34 bytes)
Event: 2.419 Thread 0x0000016a20991800 nmethod 1957 0x0000016a0a30b110 code [0x0000016a0a30b2e0, 0x0000016a0a30b668]
Event: 2.419 Thread 0x0000016a20991800 1961       3       java.util.Arrays::equals (56 bytes)
Event: 2.419 Thread 0x0000016a20991800 nmethod 1961 0x0000016a0a30b790 code [0x0000016a0a30b960, 0x0000016a0a30bbe8]
Event: 2.419 Thread 0x0000016a20991800 1963       3       jdk.nio.zipfs.ZipFileSystem$ParentLookup::as (8 bytes)
Event: 2.420 Thread 0x0000016a20991800 nmethod 1963 0x0000016a0a30bd10 code [0x0000016a0a30bec0, 0x0000016a0a30c008]
Event: 2.436 Thread 0x0000016a2098e000 nmethod 1948 0x0000016a1152a990 code [0x0000016a1152ab60, 0x0000016a1152b718]
Event: 2.436 Thread 0x0000016a2098e000 1969       4       jdk.internal.util.ArraysSupport::mismatch (103 bytes)
Event: 2.441 Thread 0x0000016a2098e000 nmethod 1969 0x0000016a1152ba10 code [0x0000016a1152bbc0, 0x0000016a1152be98]
Event: 2.441 Thread 0x0000016a2098e000 1964       4       jdk.nio.zipfs.ZipFileSystem$ParentLookup::name (43 bytes)
Event: 2.447 Thread 0x0000016a2098e000 nmethod 1964 0x0000016a1152c110 code [0x0000016a1152c2a0, 0x0000016a1152c578]
Event: 2.447 Thread 0x0000016a2098e000 1965       4       jdk.nio.zipfs.ZipFileSystem::getParentOff (40 bytes)
Event: 2.449 Thread 0x0000016a20991800 1972 %     3       org.jetbrains.kotlin.org.jdom.Verifier::buildBitFlags @ 30 (56 bytes)
Event: 2.449 Thread 0x0000016a20991800 nmethod 1972% 0x0000016a0a30c110 code [0x0000016a0a30c300, 0x0000016a0a30c898]
Event: 2.450 Thread 0x0000016a20991800 1973       3       java.lang.StringUTF16::compress (50 bytes)
Event: 2.451 Thread 0x0000016a20991800 nmethod 1973 0x0000016a0a30cb10 code [0x0000016a0a30cce0, 0x0000016a0a30cf18]
Event: 2.451 Thread 0x0000016a2098e000 nmethod 1965 0x0000016a1152c690 code [0x0000016a1152c820, 0x0000016a1152c9f8]
Event: 2.451 Thread 0x0000016a2098e000 1970       4       java.util.HashMap::containsKey (18 bytes)

GC Heap History (4 events):
Event: 0.825 GC heap before
{Heap before GC invocations=0 (full 0):
 garbage-first heap   total 129024K, used 27648K [0x0000000082e00000, 0x0000000100000000)
  region size 1024K, 24 young (24576K), 0 survivors (0K)
 Metaspace       used 12199K, capacity 12318K, committed 12416K, reserved 1060864K
  class space    used 1105K, capacity 1145K, committed 1152K, reserved 1048576K
}
Event: 0.831 GC heap after
{Heap after GC invocations=1 (full 0):
 garbage-first heap   total 129024K, used 6188K [0x0000000082e00000, 0x0000000100000000)
  region size 1024K, 3 young (3072K), 3 survivors (3072K)
 Metaspace       used 12199K, capacity 12318K, committed 12416K, reserved 1060864K
  class space    used 1105K, capacity 1145K, committed 1152K, reserved 1048576K
}
Event: 1.983 GC heap before
{Heap before GC invocations=1 (full 0):
 garbage-first heap   total 129024K, used 43052K [0x0000000082e00000, 0x0000000100000000)
  region size 1024K, 40 young (40960K), 3 survivors (3072K)
 Metaspace       used 20887K, capacity 21159K, committed 21296K, reserved 1069056K
  class space    used 2263K, capacity 2375K, committed 2432K, reserved 1048576K
}
Event: 1.996 GC heap after
{Heap after GC invocations=2 (full 0):
 garbage-first heap   total 129024K, used 9802K [0x0000000082e00000, 0x0000000100000000)
  region size 1024K, 7 young (7168K), 7 survivors (7168K)
 Metaspace       used 20887K, capacity 21159K, committed 21296K, reserved 1069056K
  class space    used 2263K, capacity 2375K, committed 2432K, reserved 1048576K
}

Deoptimization events (20 events):
Event: 2.403 Thread 0x0000016a046c9800 DEOPT PACKING pc=0x0000016a0a3031a8 sp=0x0000004c06ffe760
Event: 2.403 Thread 0x0000016a046c9800 DEOPT UNPACKING pc=0x0000016a099fa95e sp=0x0000004c06ffdc08 mode 0
Event: 2.403 Thread 0x0000016a046c9800 DEOPT PACKING pc=0x0000016a0a3031a8 sp=0x0000004c06ffe760
Event: 2.403 Thread 0x0000016a046c9800 DEOPT UNPACKING pc=0x0000016a099fa95e sp=0x0000004c06ffdc08 mode 0
Event: 2.404 Thread 0x0000016a046c9800 DEOPT PACKING pc=0x0000016a0a3031a8 sp=0x0000004c06ffe760
Event: 2.404 Thread 0x0000016a046c9800 DEOPT UNPACKING pc=0x0000016a099fa95e sp=0x0000004c06ffdc08 mode 0
Event: 2.404 Thread 0x0000016a046c9800 DEOPT PACKING pc=0x0000016a0a3031a8 sp=0x0000004c06ffe760
Event: 2.404 Thread 0x0000016a046c9800 DEOPT UNPACKING pc=0x0000016a099fa95e sp=0x0000004c06ffdc08 mode 0
Event: 2.404 Thread 0x0000016a046c9800 DEOPT PACKING pc=0x0000016a0a3031a8 sp=0x0000004c06ffe760
Event: 2.404 Thread 0x0000016a046c9800 DEOPT UNPACKING pc=0x0000016a099fa95e sp=0x0000004c06ffdc08 mode 0
Event: 2.404 Thread 0x0000016a046c9800 DEOPT PACKING pc=0x0000016a0a3031a8 sp=0x0000004c06ffe760
Event: 2.404 Thread 0x0000016a046c9800 DEOPT UNPACKING pc=0x0000016a099fa95e sp=0x0000004c06ffdc08 mode 0
Event: 2.404 Thread 0x0000016a046c9800 DEOPT PACKING pc=0x0000016a0a3031a8 sp=0x0000004c06ffe760
Event: 2.404 Thread 0x0000016a046c9800 DEOPT UNPACKING pc=0x0000016a099fa95e sp=0x0000004c06ffdc08 mode 0
Event: 2.404 Thread 0x0000016a046c9800 DEOPT PACKING pc=0x0000016a0a3031a8 sp=0x0000004c06ffe760
Event: 2.404 Thread 0x0000016a046c9800 DEOPT UNPACKING pc=0x0000016a099fa95e sp=0x0000004c06ffdc08 mode 0
Event: 2.405 Thread 0x0000016a046c9800 DEOPT PACKING pc=0x0000016a0a3031a8 sp=0x0000004c06ffe760
Event: 2.405 Thread 0x0000016a046c9800 DEOPT UNPACKING pc=0x0000016a099fa95e sp=0x0000004c06ffdc08 mode 0
Event: 2.405 Thread 0x0000016a046c9800 DEOPT PACKING pc=0x0000016a0a3031a8 sp=0x0000004c06ffe760
Event: 2.405 Thread 0x0000016a046c9800 DEOPT UNPACKING pc=0x0000016a099fa95e sp=0x0000004c06ffdc08 mode 0

Classes redefined (0 events):
No events

Internal exceptions (17 events):
Event: 1.494 Thread 0x0000016a046c9800 Exception <a 'java/lang/NoSuchMethodError'{0x00000000894b3750}: 'int java.lang.invoke.DelegatingMethodHandle$Holder.reinvoke_L(java.lang.Object, java.lang.Object, java.lang.Object, long, int, int)'> (0x00000000894b3750) thrown at [./src/hotspot/share/interpreter/linkResolver.cpp, line 773]
Event: 1.496 Thread 0x0000016a046c9800 Exception <a 'java/lang/NoSuchMethodError'{0x00000000894c10d8}: 'int java.lang.invoke.DelegatingMethodHandle$Holder.reinvoke_L(java.lang.Object, java.lang.Object, java.lang.Object, long, long, long)'> (0x00000000894c10d8) thrown at [./src/hotspot/share/interpreter/linkResolver.cpp, line 773]
Event: 1.498 Thread 0x0000016a046c9800 Exception <a 'java/lang/NoSuchMethodError'{0x00000000894ce290}: 'int java.lang.invoke.DelegatingMethodHandle$Holder.reinvoke_L(java.lang.Object, java.lang.Object, java.lang.Object, long, java.lang.Object, java.lang.Object)'> (0x00000000894ce290) thrown at [./src/hotspot/share/interpreter/linkResolver.cpp, line 773]
Event: 1.500 Thread 0x0000016a046c9800 Exception <a 'java/lang/NoSuchMethodError'{0x00000000894db6f8}: 'void java.lang.invoke.DelegatingMethodHandle$Holder.reinvoke_L(java.lang.Object, java.lang.Object, java.lang.Object, long, java.lang.Object)'> (0x00000000894db6f8) thrown at [./src/hotspot/share/interpreter/linkResolver.cpp, line 773]
Event: 1.501 Thread 0x0000016a046c9800 Exception <a 'java/lang/NoSuchMethodError'{0x00000000894e4f78}: 'java.lang.Object java.lang.invoke.DirectMethodHandle$Holder.invokeSpecial(java.lang.Object, java.lang.Object, java.lang.Object, java.lang.Object, long)'> (0x00000000894e4f78) thrown at [./src/hotspot/share/interpreter/linkResolver.cpp, line 773]
Event: 1.502 Thread 0x0000016a046c9800 Exception <a 'java/lang/NoSuchMethodError'{0x00000000894e84d0}: 'java.lang.Object java.lang.invoke.DelegatingMethodHandle$Holder.reinvoke_L(java.lang.Object, java.lang.Object, java.lang.Object, long)'> (0x00000000894e84d0) thrown at [./src/hotspot/share/interpreter/linkResolver.cpp, line 773]
Event: 1.505 Thread 0x0000016a046c9800 Exception <a 'java/lang/NoSuchMethodError'{0x0000000089002e30}: 'long java.lang.invoke.Invokers$Holder.invoke_MT(java.lang.Object, java.lang.Object, java.lang.Object, java.lang.Object)'> (0x0000000089002e30) thrown at [./src/hotspot/share/interpreter/linkResolver.cpp, line 773]
Event: 1.505 Thread 0x0000016a046c9800 Exception <a 'java/lang/NoSuchMethodError'{0x00000000890064b0}: 'long java.lang.invoke.DelegatingMethodHandle$Holder.reinvoke_L(java.lang.Object, java.lang.Object, java.lang.Object)'> (0x00000000890064b0) thrown at [./src/hotspot/share/interpreter/linkResolver.cpp, line 773]
Event: 1.507 Thread 0x0000016a046c9800 Exception <a 'java/lang/NoSuchMethodError'{0x0000000089010170}: 'int java.lang.invoke.DirectMethodHandle$Holder.invokeSpecial(java.lang.Object, java.lang.Object, java.lang.Object, java.lang.Object)'> (0x0000000089010170) thrown at [./src/hotspot/share/interpreter/linkResolver.cpp, line 773]
Event: 1.510 Thread 0x0000016a046c9800 Exception <a 'java/lang/NoSuchMethodError'{0x000000008901ef50}: 'int java.lang.invoke.DelegatingMethodHandle$Holder.reinvoke_L(java.lang.Object, java.lang.Object, java.lang.Object, long, int)'> (0x000000008901ef50) thrown at [./src/hotspot/share/interpreter/linkResolver.cpp, line 773]
Event: 1.725 Thread 0x0000016a046c9800 Exception <a 'java/lang/NoSuchMethodError'{0x0000000088c79d40}: 'int java.lang.invoke.DirectMethodHandle$Holder.invokeSpecialIFC(java.lang.Object, java.lang.Object, int)'> (0x0000000088c79d40) thrown at [./src/hotspot/share/interpreter/linkResolver.cpp, line 773]
Event: 2.056 Thread 0x0000016a046c9800 Exception <a 'java/lang/NoSuchMethodError'{0x000000008a92be90}: 'java.lang.Object java.lang.invoke.DirectMethodHandle$Holder.invokeStaticInit(java.lang.Object, int)'> (0x000000008a92be90) thrown at [./src/hotspot/share/interpreter/linkResolver.cpp, line 773]
Event: 2.094 Thread 0x0000016a046c9800 Exception <a 'java/lang/NoSuchMethodError'{0x000000008a7464c8}: 'long java.lang.invoke.DirectMethodHandle$Holder.invokeStatic(java.lang.Object)'> (0x000000008a7464c8) thrown at [./src/hotspot/share/interpreter/linkResolver.cpp, line 773]
Event: 2.095 Thread 0x0000016a046c9800 Exception <a 'java/lang/NoSuchMethodError'{0x000000008a749320}: 'long java.lang.invoke.DirectMethodHandle$Holder.invokeStaticInit(java.lang.Object)'> (0x000000008a749320) thrown at [./src/hotspot/share/interpreter/linkResolver.cpp, line 773]
Event: 2.170 Thread 0x0000016a046c9800 Exception <a 'java/lang/NoSuchMethodError'{0x000000008a4f1ba0}: 'int java.lang.invoke.DirectMethodHandle$Holder.invokeStaticInit(java.lang.Object, java.lang.Object, java.lang.Object)'> (0x000000008a4f1ba0) thrown at [./src/hotspot/share/interpreter/linkResolver.cpp, line 773]
Event: 2.175 Thread 0x0000016a046c9800 Exception <a 'java/lang/NoSuchMethodError'{0x000000008a31d080}: 'int java.lang.invoke.DirectMethodHandle$Holder.invokeStaticInit(java.lang.Object, java.lang.Object)'> (0x000000008a31d080) thrown at [./src/hotspot/share/interpreter/linkResolver.cpp, line 773]
Event: 2.236 Thread 0x0000016a046c9800 Exception <a 'java/lang/NoSuchMethodError'{0x000000008a132380}: 'void java.lang.invoke.DirectMethodHandle$Holder.invokeSpecial(java.lang.Object, java.lang.Object)'> (0x000000008a132380) thrown at [./src/hotspot/share/interpreter/linkResolver.cpp, line 773]

Events (20 events):
Event: 2.444 loading class org/jetbrains/kotlin/org/jdom/IllegalNameException
Event: 2.444 loading class org/jetbrains/kotlin/org/jdom/IllegalNameException done
Event: 2.445 loading class org/jetbrains/kotlin/org/jdom/Verifier
Event: 2.445 loading class org/jetbrains/kotlin/org/jdom/Verifier done
Event: 2.449 loading class org/jetbrains/kotlin/com/intellij/openapi/util/JDOMUtil$EmptyTextFilter
Event: 2.449 loading class org/jetbrains/kotlin/com/intellij/openapi/util/JDOMUtil$EmptyTextFilter done
Event: 2.449 loading class org/jetbrains/kotlin/org/jdom/filter/Filter
Event: 2.449 loading class org/jetbrains/kotlin/org/jdom/filter/Filter done
Event: 2.451 loading class java/time/DateTimeException
Event: 2.451 loading class java/time/DateTimeException done
Event: 2.451 loading class java/util/regex/PatternSyntaxException
Event: 2.451 loading class java/util/regex/PatternSyntaxException done
Event: 2.451 loading class java/time/LocalDateTime
Event: 2.452 loading class java/time/temporal/Temporal
Event: 2.453 loading class java/time/temporal/TemporalAccessor
Event: 2.453 loading class java/time/temporal/TemporalAccessor done
Event: 2.453 loading class java/time/temporal/Temporal done
Event: 2.453 loading class java/time/temporal/TemporalAdjuster
Event: 2.453 loading class java/time/temporal/TemporalAdjuster done
Event: 2.453 loading class java/time/chrono/ChronoLocalDateTime


Dynamic libraries:
0x00007ff77a160000 - 0x00007ff77a16a000 	D:\Programs\Android\jre\bin\java.exe
0x00007ffbb8ad0000 - 0x00007ffbb8cc8000 	C:\Windows\SYSTEM32\ntdll.dll
0x00007ffbb74d0000 - 0x00007ffbb758d000 	C:\Windows\System32\KERNEL32.DLL
0x00007ffbb65b0000 - 0x00007ffbb687e000 	C:\Windows\System32\KERNELBASE.dll
0x00007ffbb6880000 - 0x00007ffbb6980000 	C:\Windows\System32\ucrtbase.dll
0x00007ffb99150000 - 0x00007ffb99167000 	D:\Programs\Android\jre\bin\VCRUNTIME140.dll
0x00007ffbaada0000 - 0x00007ffbaadb9000 	D:\Programs\Android\jre\bin\jli.dll
0x00007ffbb7330000 - 0x00007ffbb74d0000 	C:\Windows\System32\USER32.dll
0x00007ffbb6b00000 - 0x00007ffbb6b22000 	C:\Windows\System32\win32u.dll
0x00007ffb98190000 - 0x00007ffb9842a000 	C:\Windows\WinSxS\amd64_microsoft.windows.common-controls_6595b64144ccf1df_6.0.19041.1110_none_60b5254171f9507e\COMCTL32.dll
0x00007ffbb6e80000 - 0x00007ffbb6eaa000 	C:\Windows\System32\GDI32.dll
0x00007ffbb80b0000 - 0x00007ffbb814e000 	C:\Windows\System32\msvcrt.dll
0x00007ffbb6260000 - 0x00007ffbb636b000 	C:\Windows\System32\gdi32full.dll
0x00007ffbb6a30000 - 0x00007ffbb6acd000 	C:\Windows\System32\msvcp_win.dll
0x00007ffbb84b0000 - 0x00007ffbb84e0000 	C:\Windows\System32\IMM32.DLL
0x00007ffb72fe0000 - 0x00007ffb7307d000 	D:\Programs\Android\jre\bin\msvcp140.dll
0x00007ffb53770000 - 0x00007ffb54255000 	D:\Programs\Android\jre\bin\server\jvm.dll
0x00007ffbb8000000 - 0x00007ffbb80ae000 	C:\Windows\System32\ADVAPI32.dll
0x00007ffbb84e0000 - 0x00007ffbb857c000 	C:\Windows\System32\sechost.dll
0x00007ffbb7df0000 - 0x00007ffbb7f15000 	C:\Windows\System32\RPCRT4.dll
0x00007ffbb6e70000 - 0x00007ffbb6e78000 	C:\Windows\System32\PSAPI.DLL
0x00007ffb90360000 - 0x00007ffb90387000 	C:\Windows\SYSTEM32\WINMM.dll
0x00007ffbaec10000 - 0x00007ffbaec19000 	C:\Windows\SYSTEM32\WSOCK32.dll
0x00007ffbaab50000 - 0x00007ffbaab5a000 	C:\Windows\SYSTEM32\VERSION.dll
0x00007ffbb8880000 - 0x00007ffbb88eb000 	C:\Windows\System32\WS2_32.dll
0x00007ffbb4a40000 - 0x00007ffbb4a52000 	C:\Windows\SYSTEM32\kernel.appcore.dll
0x00007ffbad020000 - 0x00007ffbad031000 	D:\Programs\Android\jre\bin\verify.dll
0x00007ffbaedb0000 - 0x00007ffbaef94000 	C:\Windows\SYSTEM32\DBGHELP.DLL
0x00007ffb974e0000 - 0x00007ffb9750c000 	C:\Windows\SYSTEM32\dbgcore.DLL
0x00007ffbb64d0000 - 0x00007ffbb6552000 	C:\Windows\System32\bcryptPrimitives.dll
0x00007ffbacd90000 - 0x00007ffbacdb9000 	D:\Programs\Android\jre\bin\java.dll
0x00007ffbaec00000 - 0x00007ffbaec0b000 	D:\Programs\Android\jre\bin\jimage.dll
0x00007ffbaab30000 - 0x00007ffbaab48000 	D:\Programs\Android\jre\bin\zip.dll
0x00007ffbb7590000 - 0x00007ffbb7cd4000 	C:\Windows\System32\SHELL32.dll
0x00007ffbb4290000 - 0x00007ffbb4a24000 	C:\Windows\SYSTEM32\windows.storage.dll
0x00007ffbb8150000 - 0x00007ffbb84a4000 	C:\Windows\System32\combase.dll
0x00007ffbb5b70000 - 0x00007ffbb5ba0000 	C:\Windows\SYSTEM32\Wldp.dll
0x00007ffbb7d40000 - 0x00007ffbb7ded000 	C:\Windows\System32\SHCORE.dll
0x00007ffbb6ce0000 - 0x00007ffbb6d35000 	C:\Windows\System32\shlwapi.dll
0x00007ffbb6130000 - 0x00007ffbb614f000 	C:\Windows\SYSTEM32\profapi.dll
0x00007ffbaa660000 - 0x00007ffbaa67a000 	D:\Programs\Android\jre\bin\net.dll
0x00007ffbadda0000 - 0x00007ffbadeaa000 	C:\Windows\SYSTEM32\WINHTTP.dll
0x00007ffbb5950000 - 0x00007ffbb59ba000 	C:\Windows\system32\mswsock.dll
0x00007ffbad5f0000 - 0x00007ffbad604000 	D:\Programs\Android\jre\bin\nio.dll

dbghelp: loaded successfully - version: 4.0.5 - missing functions: none
symbol engine: initialized successfully - sym options: 0x614 - pdb path: .;D:\Programs\Android\jre\bin;C:\Windows\SYSTEM32;C:\Windows\WinSxS\amd64_microsoft.windows.common-controls_6595b64144ccf1df_6.0.19041.1110_none_60b5254171f9507e;D:\Programs\Android\jre\bin\server

VM Arguments:
java_command: org.jetbrains.kotlin.cli.jvm.K2JVMCompiler @D:\AndroidStudioProjects\IslamicApp\app\build\20220827_17537126742109671111.compiler.options
java_class_path (initial): C:\Users\ayten\.gradle\caches\modules-2\files-2.1\org.jetbrains.kotlin\kotlin-compiler-embeddable\1.7.10\909803167c98606fcf22b4c848647c68e351d48d\kotlin-compiler-embeddable-1.7.10.jar;C:\Users\ayten\.gradle\caches\modules-2\files-2.1\org.jetbrains.kotlin\kotlin-reflect\1.7.10\165e600dfea6185cf5efa700756294cc4904dbeb\kotlin-reflect-1.7.10.jar;C:\Users\ayten\.gradle\caches\modules-2\files-2.1\org.jetbrains.kotlin\kotlin-stdlib\1.7.10\d2abf9e77736acc4450dc4a3f707fa2c10f5099d\kotlin-stdlib-1.7.10.jar;C:\Users\ayten\.gradle\caches\modules-2\files-2.1\org.jetbrains.kotlin\kotlin-script-runtime\1.7.10\c99c87a6988d8fd8d5142e9ed5c9f34a7cf561ee\kotlin-script-runtime-1.7.10.jar;C:\Users\ayten\.gradle\caches\modules-2\files-2.1\org.jetbrains.kotlin\kotlin-daemon-embeddable\1.7.10\3a9f7aef7080d3ae63126cbba4f827ed664f32fa\kotlin-daemon-embeddable-1.7.10.jar;C:\Users\ayten\.gradle\caches\modules-2\files-2.1\org.jetbrains.intellij.deps\trove4j\1.0.20200330\3afb14d5f9ceb459d724e907a21145e8ff394f02\trove4j-1.0.20200330.jar;C:\Users\ayten\.gradle\caches\modules-2\files-2.1\net.java.dev.jna\jna\5.6.0\330f2244e9030119ab3030fc3fededc86713d9cc\jna-5.6.0.jar;C:\Users\ayten\.gradle\caches\modules-2\files-2.1\org.jetbrains.kotlin\kotlin-stdlib-common\1.7.10\bac80c520d0a9e3f3673bc2658c6ed02ef45a76a\kotlin-stdlib-common-1.7.10.jar;C:\Users\ayten\.gradle\caches\modules-2\files-2.1\org.jetbrains\annotations\13.0\919f0dfe192fb4e063e7dacadee7f8bb9a2672a9\annotations-13.0.jar
Launcher Type: SUN_STANDARD

[Global flags]
     intx CICompilerCount                          = 4                                         {product} {ergonomic}
     uint ConcGCThreads                            = 2                                         {product} {ergonomic}
     uint G1ConcRefinementThreads                  = 8                                         {product} {ergonomic}
   size_t G1HeapRegionSize                         = 1048576                                   {product} {ergonomic}
    uintx GCDrainStackTargetSize                   = 64                                        {product} {ergonomic}
   size_t InitialHeapSize                          = 132120576                                 {product} {ergonomic}
   size_t MarkStackSize                            = 4194304                                   {product} {ergonomic}
   size_t MaxHeapSize                              = 2099249152                                {product} {ergonomic}
   size_t MaxNewSize                               = 1259339776                                {product} {ergonomic}
   size_t MinHeapDeltaBytes                        = 1048576                                   {product} {ergonomic}
    uintx NonNMethodCodeHeapSize                   = 5836300                                {pd product} {ergonomic}
    uintx NonProfiledCodeHeapSize                  = 122910970                              {pd product} {ergonomic}
    uintx ProfiledCodeHeapSize                     = 122910970                              {pd product} {ergonomic}
    uintx ReservedCodeCacheSize                    = 251658240                              {pd product} {ergonomic}
     bool SegmentedCodeCache                       = true                                      {product} {ergonomic}
     bool UseCompressedClassPointers               = true                                 {lp64_product} {ergonomic}
     bool UseCompressedOops                        = true                                 {lp64_product} {ergonomic}
     bool UseG1GC                                  = true                                      {product} {ergonomic}
     bool UseLargePagesIndividualAllocation        = false                                  {pd product} {ergonomic}

Logging:
Log output configuration:
 #0: stdout all=warning uptime,level,tags
 #1: stderr all=off uptime,level,tags

Environment Variables:
JAVA_HOME=C:\Program Files\Java\jdk1.8.0_281
PATH=C:\Program Files\Amazon Corretto\jdk11.0.14_10\bin;C:\Program Files (x86)\Common Files\Oracle\Java\javapath;C:\ProgramData\Oracle\Java\javapath;C:\Program Files (x86)\NVIDIA Corporation\PhysX\Common;C:\Windows\system32;C:\Windows;C:\Windows\System32\Wbem;C:\Windows\System32\WindowsPowerShell\v1.0\;C:\Windows\System32\OpenSSH\;D:\Programs\Git\cmd;D:\Program Files\;D:\Programs\flutter\bin;C:\Users\ayten\AppData\Local\Programs\Python\Python310;C:\Users\ayten\AppData\Local\Microsoft\WindowsApps;D:\Programs\IntelliJ IDEA Community Edition 2021.2.3\bin;;C:\Users\ayten\AppData\Local\GitHubDesktop\bin;C:\tools\dart-sdk;C:\Program Files\Java\jdk1.8.0_281\bin;D:\Programs\Microsoft VS Code\bin;C:\Users\ayten\AppData\Local\Programs\Python\Python310\Scripts;C:\Users\ayten\.virtualenvs\storefront-dcLWylEk\Scripts;C:\Users\ayten\AppData\Roaming\npm;D:\Program Files\heroku\bin;C:\msys64\mingw64\bin;
USERNAME=aytn
OS=Windows_NT
PROCESSOR_IDENTIFIER=Intel64 Family 6 Model 142 Stepping 12, GenuineIntel



---------------  S Y S T E M  ---------------

OS: Windows 10 , 64 bit Build 19041 (10.0.19041.1889)
OS uptime: 1 days 12:30 hours
Hyper-V role detected

CPU:total 8 (initial active 8) (4 cores per cpu, 2 threads per core) family 6 model 142 stepping 12 microcode 0xca, cmov, cx8, fxsr, mmx, sse, sse2, sse3, ssse3, sse4.1, sse4.2, popcnt, avx, avx2, aes, clmul, erms, 3dnowpref, lzcnt, ht, tsc, tscinvbit, bmi1, bmi2, adx, fma

Memory: 4k page, system-wide physical 8001M (392M free)
TotalPageFile size 32577M (AvailPageFile size 6M)
current process WorkingSet (physical memory assigned to process): 146M, peak: 146M
current process commit charge ("private bytes"): 255M, peak: 257M

vm_info: OpenJDK 64-Bit Server VM (11.0.12+7-b1504.28-7817840) for windows-amd64 JRE (11.0.12+7-b1504.28-7817840), built on Oct 13 2021 22:12:33 by "builder" with MS VC++ 14.0 (VS2015)

END.
