#
# There is insufficient memory for the Java Runtime Environment to continue.
# Native memory allocation (malloc) failed to allocate 32744 bytes for ChunkPool::allocate
# Possible reasons:
#   The system is out of physical RAM or swap space
#   The process is running with CompressedOops enabled, and the Java Heap may be blocking the growth of the native heap
# Possible solutions:
#   Reduce memory load on the system
#   Increase physical memory or swap space
#   Check if swap backing store is full
#   Decrease Java heap size (-Xmx/-Xms)
#   Decrease number of Java threads
#   Decrease Java thread stack sizes (-Xss)
#   Set larger code cache with -XX:ReservedCodeCacheSize=
#   JVM is running with Unscaled Compressed Oops mode in which the Java heap is
#     placed in the first 4GB address space. The Java Heap base address is the
#     maximum limit for the native heap growth. Please use -XX:HeapBaseMinAddress
#     to set the Java Heap base and to place the Java Heap above 4GB virtual address.
# This output file may be truncated or incomplete.
#
#  Out of Memory Error (./src/hotspot/share/memory/arena.cpp:81), pid=17600, tid=18108
#
# JRE version: OpenJDK Runtime Environment (11.0.12+7) (build 11.0.12+7-b1504.28-7817840)
# Java VM: OpenJDK 64-Bit Server VM (11.0.12+7-b1504.28-7817840, mixed mode, tiered, compressed oops, g1 gc, windows-amd64)
# No core dump will be written. Minidumps are not enabled by default on client versions of Windows
#

---------------  S U M M A R Y ------------

Command Line: org.jetbrains.kotlin.cli.jvm.K2JVMCompiler @D:\AndroidStudioProjects\IslamicApp\app\build\20220827_1737680670737954883.compiler.options

Host: Intel(R) Core(TM) i5-10210U CPU @ 1.60GHz, 8 cores, 7G,  Windows 10 , 64 bit Build 19041 (10.0.19041.1889)
Time: Sat Aug 27 20:53:39 2022 Azerbaijan Standard Time elapsed time: 1.122327 seconds (0d 0h 0m 1s)

---------------  T H R E A D  ---------------

Current thread (0x00000274fca37800):  JavaThread "C2 CompilerThread0" daemon [_thread_in_native, id=18108, stack(0x000000ab69900000,0x000000ab69a00000)]


Current CompileTask:
C2:   1122  660       4       java.lang.StringLatin1::indexOf (121 bytes)

Stack: [0x000000ab69900000,0x000000ab69a00000]
Native frames: (J=compiled Java code, j=interpreted, Vv=VM code, C=native code)
V  [jvm.dll+0x5fbcea]
V  [jvm.dll+0x731905]
V  [jvm.dll+0x732f1d]
V  [jvm.dll+0x7335d3]
V  [jvm.dll+0x247bf8]
V  [jvm.dll+0xc041b]
V  [jvm.dll+0xc06cc]
V  [jvm.dll+0x58d463]
V  [jvm.dll+0x58d588]
V  [jvm.dll+0x5928ae]
V  [jvm.dll+0x59308f]
V  [jvm.dll+0x591c6e]
V  [jvm.dll+0x2004a2]
V  [jvm.dll+0x1ff794]
V  [jvm.dll+0x18868c]
V  [jvm.dll+0x20e0d7]
V  [jvm.dll+0x20c901]
V  [jvm.dll+0x6f9b7f]
V  [jvm.dll+0x6f26a5]
V  [jvm.dll+0x5fabf6]
C  [ucrtbase.dll+0x21bb2]
C  [KERNEL32.DLL+0x17034]
C  [ntdll.dll+0x52651]


---------------  P R O C E S S  ---------------

Threads class SMR info:
_java_thread_list=0x00000274fd4fa9b0, length=10, elements={
0x00000274e073d000, 0x00000274fca17000, 0x00000274fca19000, 0x00000274fca30800,
0x00000274fca32800, 0x00000274fca33800, 0x00000274fca37800, 0x00000274fca3d000,
0x00000274fca45800, 0x00000274fd4fb000
}

Java Threads: ( => current thread )
  0x00000274e073d000 JavaThread "main" [_thread_in_vm, id=15764, stack(0x000000ab68d00000,0x000000ab68e00000)]
  0x00000274fca17000 JavaThread "Reference Handler" daemon [_thread_blocked, id=13600, stack(0x000000ab69400000,0x000000ab69500000)]
  0x00000274fca19000 JavaThread "Finalizer" daemon [_thread_blocked, id=15392, stack(0x000000ab69500000,0x000000ab69600000)]
  0x00000274fca30800 JavaThread "Signal Dispatcher" daemon [_thread_blocked, id=17572, stack(0x000000ab69600000,0x000000ab69700000)]
  0x00000274fca32800 JavaThread "Attach Listener" daemon [_thread_blocked, id=3100, stack(0x000000ab69700000,0x000000ab69800000)]
  0x00000274fca33800 JavaThread "Service Thread" daemon [_thread_blocked, id=4044, stack(0x000000ab69800000,0x000000ab69900000)]
=>0x00000274fca37800 JavaThread "C2 CompilerThread0" daemon [_thread_in_native, id=18108, stack(0x000000ab69900000,0x000000ab69a00000)]
  0x00000274fca3d000 JavaThread "C1 CompilerThread0" daemon [_thread_blocked, id=14956, stack(0x000000ab69a00000,0x000000ab69b00000)]
  0x00000274fca45800 JavaThread "Sweeper thread" daemon [_thread_blocked, id=8544, stack(0x000000ab69b00000,0x000000ab69c00000)]
  0x00000274fd4fb000 JavaThread "Common-Cleaner" daemon [_thread_blocked, id=1444, stack(0x000000ab69d00000,0x000000ab69e00000)]

Other Threads:
  0x00000274fca14000 VMThread "VM Thread" [stack: 0x000000ab69300000,0x000000ab69400000] [id=17656]
  0x00000274fd4f5000 WatcherThread [stack: 0x000000ab69c00000,0x000000ab69d00000] [id=2984]
  0x00000274e0753800 GCTaskThread "GC Thread#0" [stack: 0x000000ab68e00000,0x000000ab68f00000] [id=11288]
  0x00000274e0784800 ConcurrentGCThread "G1 Main Marker" [stack: 0x000000ab68f00000,0x000000ab69000000] [id=1956]
  0x00000274e0786800 ConcurrentGCThread "G1 Conc#0" [stack: 0x000000ab69000000,0x000000ab69100000] [id=14152]
  0x00000274e0814800 ConcurrentGCThread "G1 Refine#0" [stack: 0x000000ab69100000,0x000000ab69200000] [id=16712]
  0x00000274fc861800 ConcurrentGCThread "G1 Young RemSet Sampling" [stack: 0x000000ab69200000,0x000000ab69300000] [id=7948]

Threads with active compile tasks:
C2 CompilerThread0   1158  660       4       java.lang.StringLatin1::indexOf (121 bytes)

VM state:not at safepoint (normal execution)

VM Mutex/Monitor currently owned by a thread:  ([mutex/lock_event])
[0x00000274e0739ab0] SymbolTable_lock - owner thread: 0x0000000000000000

Heap address: 0x0000000082e00000, size: 2002 MB, Compressed Oops mode: 32-bit
Narrow klass base: 0x0000000000000000, Narrow klass shift: 3
Compressed class space size: 1073741824 Address: 0x0000000100000000

Heap:
 garbage-first heap   total 129024K, used 26624K [0x0000000082e00000, 0x0000000100000000)
  region size 1024K, 24 young (24576K), 0 survivors (0K)
 Metaspace       used 12068K, capacity 12190K, committed 12416K, reserved 1060864K
  class space    used 1096K, capacity 1145K, committed 1152K, reserved 1048576K
Heap Regions: E=young(eden), S=young(survivor), O=old, HS=humongous(starts), HC=humongous(continues), CS=collection set, F=free, A=archive, TAMS=top-at-mark-start (previous, next)
|   0|0x0000000082e00000, 0x0000000082f00000, 0x0000000082f00000|100%|HS|  |TAMS 0x0000000082e00000, 0x0000000082e00000| Complete 
|   1|0x0000000082f00000, 0x0000000083000000, 0x0000000083000000|100%|HC|  |TAMS 0x0000000082f00000, 0x0000000082f00000| Complete 
|   2|0x0000000083000000, 0x0000000083100000, 0x0000000083100000|100%|HC|  |TAMS 0x0000000083000000, 0x0000000083000000| Complete 
|   3|0x0000000083100000, 0x0000000083200000, 0x0000000083200000|100%|HS|  |TAMS 0x0000000083100000, 0x0000000083100000| Complete 
|   4|0x0000000083200000, 0x0000000083200000, 0x0000000083300000|  0%| F|  |TAMS 0x0000000083200000, 0x0000000083200000| Untracked 
|   5|0x0000000083300000, 0x0000000083300000, 0x0000000083400000|  0%| F|  |TAMS 0x0000000083300000, 0x0000000083300000| Untracked 
|   6|0x0000000083400000, 0x0000000083400000, 0x0000000083500000|  0%| F|  |TAMS 0x0000000083400000, 0x0000000083400000| Untracked 
|   7|0x0000000083500000, 0x0000000083500000, 0x0000000083600000|  0%| F|  |TAMS 0x0000000083500000, 0x0000000083500000| Untracked 
|   8|0x0000000083600000, 0x0000000083600000, 0x0000000083700000|  0%| F|  |TAMS 0x0000000083600000, 0x0000000083600000| Untracked 
|   9|0x0000000083700000, 0x0000000083700000, 0x0000000083800000|  0%| F|  |TAMS 0x0000000083700000, 0x0000000083700000| Untracked 
|  10|0x0000000083800000, 0x0000000083800000, 0x0000000083900000|  0%| F|  |TAMS 0x0000000083800000, 0x0000000083800000| Untracked 
|  11|0x0000000083900000, 0x0000000083900000, 0x0000000083a00000|  0%| F|  |TAMS 0x0000000083900000, 0x0000000083900000| Untracked 
|  12|0x0000000083a00000, 0x0000000083a00000, 0x0000000083b00000|  0%| F|  |TAMS 0x0000000083a00000, 0x0000000083a00000| Untracked 
|  13|0x0000000083b00000, 0x0000000083b00000, 0x0000000083c00000|  0%| F|  |TAMS 0x0000000083b00000, 0x0000000083b00000| Untracked 
|  14|0x0000000083c00000, 0x0000000083c00000, 0x0000000083d00000|  0%| F|  |TAMS 0x0000000083c00000, 0x0000000083c00000| Untracked 
|  15|0x0000000083d00000, 0x0000000083d00000, 0x0000000083e00000|  0%| F|  |TAMS 0x0000000083d00000, 0x0000000083d00000| Untracked 
|  16|0x0000000083e00000, 0x0000000083e00000, 0x0000000083f00000|  0%| F|  |TAMS 0x0000000083e00000, 0x0000000083e00000| Untracked 
|  17|0x0000000083f00000, 0x0000000083f00000, 0x0000000084000000|  0%| F|  |TAMS 0x0000000083f00000, 0x0000000083f00000| Untracked 
|  18|0x0000000084000000, 0x0000000084000000, 0x0000000084100000|  0%| F|  |TAMS 0x0000000084000000, 0x0000000084000000| Untracked 
|  19|0x0000000084100000, 0x0000000084100000, 0x0000000084200000|  0%| F|  |TAMS 0x0000000084100000, 0x0000000084100000| Untracked 
|  20|0x0000000084200000, 0x0000000084200000, 0x0000000084300000|  0%| F|  |TAMS 0x0000000084200000, 0x0000000084200000| Untracked 
|  21|0x0000000084300000, 0x0000000084300000, 0x0000000084400000|  0%| F|  |TAMS 0x0000000084300000, 0x0000000084300000| Untracked 
|  22|0x0000000084400000, 0x0000000084400000, 0x0000000084500000|  0%| F|  |TAMS 0x0000000084400000, 0x0000000084400000| Untracked 
|  23|0x0000000084500000, 0x0000000084500000, 0x0000000084600000|  0%| F|  |TAMS 0x0000000084500000, 0x0000000084500000| Untracked 
|  24|0x0000000084600000, 0x0000000084600000, 0x0000000084700000|  0%| F|  |TAMS 0x0000000084600000, 0x0000000084600000| Untracked 
|  25|0x0000000084700000, 0x0000000084700000, 0x0000000084800000|  0%| F|  |TAMS 0x0000000084700000, 0x0000000084700000| Untracked 
|  26|0x0000000084800000, 0x0000000084800000, 0x0000000084900000|  0%| F|  |TAMS 0x0000000084800000, 0x0000000084800000| Untracked 
|  27|0x0000000084900000, 0x0000000084900000, 0x0000000084a00000|  0%| F|  |TAMS 0x0000000084900000, 0x0000000084900000| Untracked 
|  28|0x0000000084a00000, 0x0000000084a00000, 0x0000000084b00000|  0%| F|  |TAMS 0x0000000084a00000, 0x0000000084a00000| Untracked 
|  29|0x0000000084b00000, 0x0000000084b00000, 0x0000000084c00000|  0%| F|  |TAMS 0x0000000084b00000, 0x0000000084b00000| Untracked 
|  30|0x0000000084c00000, 0x0000000084c00000, 0x0000000084d00000|  0%| F|  |TAMS 0x0000000084c00000, 0x0000000084c00000| Untracked 
|  31|0x0000000084d00000, 0x0000000084d00000, 0x0000000084e00000|  0%| F|  |TAMS 0x0000000084d00000, 0x0000000084d00000| Untracked 
|  32|0x0000000084e00000, 0x0000000084e00000, 0x0000000084f00000|  0%| F|  |TAMS 0x0000000084e00000, 0x0000000084e00000| Untracked 
|  33|0x0000000084f00000, 0x0000000084f00000, 0x0000000085000000|  0%| F|  |TAMS 0x0000000084f00000, 0x0000000084f00000| Untracked 
|  34|0x0000000085000000, 0x0000000085000000, 0x0000000085100000|  0%| F|  |TAMS 0x0000000085000000, 0x0000000085000000| Untracked 
|  35|0x0000000085100000, 0x0000000085100000, 0x0000000085200000|  0%| F|  |TAMS 0x0000000085100000, 0x0000000085100000| Untracked 
|  36|0x0000000085200000, 0x0000000085200000, 0x0000000085300000|  0%| F|  |TAMS 0x0000000085200000, 0x0000000085200000| Untracked 
|  37|0x0000000085300000, 0x0000000085300000, 0x0000000085400000|  0%| F|  |TAMS 0x0000000085300000, 0x0000000085300000| Untracked 
|  38|0x0000000085400000, 0x0000000085400000, 0x0000000085500000|  0%| F|  |TAMS 0x0000000085400000, 0x0000000085400000| Untracked 
|  39|0x0000000085500000, 0x0000000085500000, 0x0000000085600000|  0%| F|  |TAMS 0x0000000085500000, 0x0000000085500000| Untracked 
|  40|0x0000000085600000, 0x0000000085600000, 0x0000000085700000|  0%| F|  |TAMS 0x0000000085600000, 0x0000000085600000| Untracked 
|  41|0x0000000085700000, 0x0000000085700000, 0x0000000085800000|  0%| F|  |TAMS 0x0000000085700000, 0x0000000085700000| Untracked 
|  42|0x0000000085800000, 0x0000000085800000, 0x0000000085900000|  0%| F|  |TAMS 0x0000000085800000, 0x0000000085800000| Untracked 
|  43|0x0000000085900000, 0x0000000085900000, 0x0000000085a00000|  0%| F|  |TAMS 0x0000000085900000, 0x0000000085900000| Untracked 
|  44|0x0000000085a00000, 0x0000000085a00000, 0x0000000085b00000|  0%| F|  |TAMS 0x0000000085a00000, 0x0000000085a00000| Untracked 
|  45|0x0000000085b00000, 0x0000000085b00000, 0x0000000085c00000|  0%| F|  |TAMS 0x0000000085b00000, 0x0000000085b00000| Untracked 
|  46|0x0000000085c00000, 0x0000000085c00000, 0x0000000085d00000|  0%| F|  |TAMS 0x0000000085c00000, 0x0000000085c00000| Untracked 
|  47|0x0000000085d00000, 0x0000000085d00000, 0x0000000085e00000|  0%| F|  |TAMS 0x0000000085d00000, 0x0000000085d00000| Untracked 
|  48|0x0000000085e00000, 0x0000000085e00000, 0x0000000085f00000|  0%| F|  |TAMS 0x0000000085e00000, 0x0000000085e00000| Untracked 
|  49|0x0000000085f00000, 0x0000000085f00000, 0x0000000086000000|  0%| F|  |TAMS 0x0000000085f00000, 0x0000000085f00000| Untracked 
|  50|0x0000000086000000, 0x0000000086000000, 0x0000000086100000|  0%| F|  |TAMS 0x0000000086000000, 0x0000000086000000| Untracked 
|  51|0x0000000086100000, 0x0000000086100000, 0x0000000086200000|  0%| F|  |TAMS 0x0000000086100000, 0x0000000086100000| Untracked 
|  52|0x0000000086200000, 0x0000000086200000, 0x0000000086300000|  0%| F|  |TAMS 0x0000000086200000, 0x0000000086200000| Untracked 
|  53|0x0000000086300000, 0x0000000086300000, 0x0000000086400000|  0%| F|  |TAMS 0x0000000086300000, 0x0000000086300000| Untracked 
|  54|0x0000000086400000, 0x0000000086400000, 0x0000000086500000|  0%| F|  |TAMS 0x0000000086400000, 0x0000000086400000| Untracked 
|  55|0x0000000086500000, 0x0000000086500000, 0x0000000086600000|  0%| F|  |TAMS 0x0000000086500000, 0x0000000086500000| Untracked 
|  56|0x0000000086600000, 0x0000000086600000, 0x0000000086700000|  0%| F|  |TAMS 0x0000000086600000, 0x0000000086600000| Untracked 
|  57|0x0000000086700000, 0x0000000086700000, 0x0000000086800000|  0%| F|  |TAMS 0x0000000086700000, 0x0000000086700000| Untracked 
|  58|0x0000000086800000, 0x0000000086800000, 0x0000000086900000|  0%| F|  |TAMS 0x0000000086800000, 0x0000000086800000| Untracked 
|  59|0x0000000086900000, 0x0000000086900000, 0x0000000086a00000|  0%| F|  |TAMS 0x0000000086900000, 0x0000000086900000| Untracked 
|  60|0x0000000086a00000, 0x0000000086a00000, 0x0000000086b00000|  0%| F|  |TAMS 0x0000000086a00000, 0x0000000086a00000| Untracked 
|  61|0x0000000086b00000, 0x0000000086b00000, 0x0000000086c00000|  0%| F|  |TAMS 0x0000000086b00000, 0x0000000086b00000| Untracked 
|  62|0x0000000086c00000, 0x0000000086c00000, 0x0000000086d00000|  0%| F|  |TAMS 0x0000000086c00000, 0x0000000086c00000| Untracked 
|  63|0x0000000086d00000, 0x0000000086d00000, 0x0000000086e00000|  0%| F|  |TAMS 0x0000000086d00000, 0x0000000086d00000| Untracked 
|  64|0x0000000086e00000, 0x0000000086e00000, 0x0000000086f00000|  0%| F|  |TAMS 0x0000000086e00000, 0x0000000086e00000| Untracked 
|  65|0x0000000086f00000, 0x0000000086f00000, 0x0000000087000000|  0%| F|  |TAMS 0x0000000086f00000, 0x0000000086f00000| Untracked 
|  66|0x0000000087000000, 0x0000000087000000, 0x0000000087100000|  0%| F|  |TAMS 0x0000000087000000, 0x0000000087000000| Untracked 
|  67|0x0000000087100000, 0x0000000087100000, 0x0000000087200000|  0%| F|  |TAMS 0x0000000087100000, 0x0000000087100000| Untracked 
|  68|0x0000000087200000, 0x0000000087200000, 0x0000000087300000|  0%| F|  |TAMS 0x0000000087200000, 0x0000000087200000| Untracked 
|  69|0x0000000087300000, 0x0000000087300000, 0x0000000087400000|  0%| F|  |TAMS 0x0000000087300000, 0x0000000087300000| Untracked 
|  70|0x0000000087400000, 0x0000000087400000, 0x0000000087500000|  0%| F|  |TAMS 0x0000000087400000, 0x0000000087400000| Untracked 
|  71|0x0000000087500000, 0x0000000087500000, 0x0000000087600000|  0%| F|  |TAMS 0x0000000087500000, 0x0000000087500000| Untracked 
|  72|0x0000000087600000, 0x0000000087600000, 0x0000000087700000|  0%| F|  |TAMS 0x0000000087600000, 0x0000000087600000| Untracked 
|  73|0x0000000087700000, 0x0000000087700000, 0x0000000087800000|  0%| F|  |TAMS 0x0000000087700000, 0x0000000087700000| Untracked 
|  74|0x0000000087800000, 0x0000000087800000, 0x0000000087900000|  0%| F|  |TAMS 0x0000000087800000, 0x0000000087800000| Untracked 
|  75|0x0000000087900000, 0x0000000087900000, 0x0000000087a00000|  0%| F|  |TAMS 0x0000000087900000, 0x0000000087900000| Untracked 
|  76|0x0000000087a00000, 0x0000000087a00000, 0x0000000087b00000|  0%| F|  |TAMS 0x0000000087a00000, 0x0000000087a00000| Untracked 
|  77|0x0000000087b00000, 0x0000000087b00000, 0x0000000087c00000|  0%| F|  |TAMS 0x0000000087b00000, 0x0000000087b00000| Untracked 
|  78|0x0000000087c00000, 0x0000000087c00000, 0x0000000087d00000|  0%| F|  |TAMS 0x0000000087c00000, 0x0000000087c00000| Untracked 
|  79|0x0000000087d00000, 0x0000000087d00000, 0x0000000087e00000|  0%| F|  |TAMS 0x0000000087d00000, 0x0000000087d00000| Untracked 
|  80|0x0000000087e00000, 0x0000000087e00000, 0x0000000087f00000|  0%| F|  |TAMS 0x0000000087e00000, 0x0000000087e00000| Untracked 
|  81|0x0000000087f00000, 0x0000000087f00000, 0x0000000088000000|  0%| F|  |TAMS 0x0000000087f00000, 0x0000000087f00000| Untracked 
|  82|0x0000000088000000, 0x0000000088000000, 0x0000000088100000|  0%| F|  |TAMS 0x0000000088000000, 0x0000000088000000| Untracked 
|  83|0x0000000088100000, 0x0000000088100000, 0x0000000088200000|  0%| F|  |TAMS 0x0000000088100000, 0x0000000088100000| Untracked 
|  84|0x0000000088200000, 0x0000000088200000, 0x0000000088300000|  0%| F|  |TAMS 0x0000000088200000, 0x0000000088200000| Untracked 
|  85|0x0000000088300000, 0x0000000088300000, 0x0000000088400000|  0%| F|  |TAMS 0x0000000088300000, 0x0000000088300000| Untracked 
|  86|0x0000000088400000, 0x0000000088400000, 0x0000000088500000|  0%| F|  |TAMS 0x0000000088400000, 0x0000000088400000| Untracked 
|  87|0x0000000088500000, 0x0000000088500000, 0x0000000088600000|  0%| F|  |TAMS 0x0000000088500000, 0x0000000088500000| Untracked 
|  88|0x0000000088600000, 0x0000000088600000, 0x0000000088700000|  0%| F|  |TAMS 0x0000000088600000, 0x0000000088600000| Untracked 
|  89|0x0000000088700000, 0x0000000088700000, 0x0000000088800000|  0%| F|  |TAMS 0x0000000088700000, 0x0000000088700000| Untracked 
|  90|0x0000000088800000, 0x0000000088800000, 0x0000000088900000|  0%| F|  |TAMS 0x0000000088800000, 0x0000000088800000| Untracked 
|  91|0x0000000088900000, 0x0000000088900000, 0x0000000088a00000|  0%| F|  |TAMS 0x0000000088900000, 0x0000000088900000| Untracked 
|  92|0x0000000088a00000, 0x0000000088a00000, 0x0000000088b00000|  0%| F|  |TAMS 0x0000000088a00000, 0x0000000088a00000| Untracked 
|  93|0x0000000088b00000, 0x0000000088b00000, 0x0000000088c00000|  0%| F|  |TAMS 0x0000000088b00000, 0x0000000088b00000| Untracked 
|  94|0x0000000088c00000, 0x0000000088c00000, 0x0000000088d00000|  0%| F|  |TAMS 0x0000000088c00000, 0x0000000088c00000| Untracked 
|  95|0x0000000088d00000, 0x0000000088d00000, 0x0000000088e00000|  0%| F|  |TAMS 0x0000000088d00000, 0x0000000088d00000| Untracked 
|  96|0x0000000088e00000, 0x0000000088e00000, 0x0000000088f00000|  0%| F|  |TAMS 0x0000000088e00000, 0x0000000088e00000| Untracked 
|  97|0x0000000088f00000, 0x0000000088f00000, 0x0000000089000000|  0%| F|  |TAMS 0x0000000088f00000, 0x0000000088f00000| Untracked 
|  98|0x0000000089000000, 0x0000000089000000, 0x0000000089100000|  0%| F|  |TAMS 0x0000000089000000, 0x0000000089000000| Untracked 
|  99|0x0000000089100000, 0x0000000089100000, 0x0000000089200000|  0%| F|  |TAMS 0x0000000089100000, 0x0000000089100000| Untracked 
| 100|0x0000000089200000, 0x0000000089200000, 0x0000000089300000|  0%| F|  |TAMS 0x0000000089200000, 0x0000000089200000| Untracked 
| 101|0x0000000089300000, 0x0000000089300000, 0x0000000089400000|  0%| F|  |TAMS 0x0000000089300000, 0x0000000089300000| Untracked 
| 102|0x0000000089400000, 0x00000000894fe300, 0x0000000089500000| 99%| E|  |TAMS 0x0000000089400000, 0x0000000089400000| Complete 
| 103|0x0000000089500000, 0x0000000089600000, 0x0000000089600000|100%| E|CS|TAMS 0x0000000089500000, 0x0000000089500000| Complete 
| 104|0x0000000089600000, 0x0000000089700000, 0x0000000089700000|100%| E|CS|TAMS 0x0000000089600000, 0x0000000089600000| Complete 
| 105|0x0000000089700000, 0x0000000089800000, 0x0000000089800000|100%| E|CS|TAMS 0x0000000089700000, 0x0000000089700000| Complete 
| 106|0x0000000089800000, 0x0000000089900000, 0x0000000089900000|100%| E|CS|TAMS 0x0000000089800000, 0x0000000089800000| Complete 
| 107|0x0000000089900000, 0x0000000089a00000, 0x0000000089a00000|100%| E|CS|TAMS 0x0000000089900000, 0x0000000089900000| Complete 
| 108|0x0000000089a00000, 0x0000000089b00000, 0x0000000089b00000|100%| E|CS|TAMS 0x0000000089a00000, 0x0000000089a00000| Complete 
| 109|0x0000000089b00000, 0x0000000089c00000, 0x0000000089c00000|100%| E|CS|TAMS 0x0000000089b00000, 0x0000000089b00000| Complete 
| 110|0x0000000089c00000, 0x0000000089d00000, 0x0000000089d00000|100%| E|CS|TAMS 0x0000000089c00000, 0x0000000089c00000| Complete 
| 111|0x0000000089d00000, 0x0000000089e00000, 0x0000000089e00000|100%| E|CS|TAMS 0x0000000089d00000, 0x0000000089d00000| Complete 
| 112|0x0000000089e00000, 0x0000000089f00000, 0x0000000089f00000|100%| E|CS|TAMS 0x0000000089e00000, 0x0000000089e00000| Complete 
| 113|0x0000000089f00000, 0x000000008a000000, 0x000000008a000000|100%| E|CS|TAMS 0x0000000089f00000, 0x0000000089f00000| Complete 
| 114|0x000000008a000000, 0x000000008a100000, 0x000000008a100000|100%| E|CS|TAMS 0x000000008a000000, 0x000000008a000000| Complete 
| 115|0x000000008a100000, 0x000000008a200000, 0x000000008a200000|100%| E|CS|TAMS 0x000000008a100000, 0x000000008a100000| Complete 
| 116|0x000000008a200000, 0x000000008a300000, 0x000000008a300000|100%| E|CS|TAMS 0x000000008a200000, 0x000000008a200000| Complete 
| 117|0x000000008a300000, 0x000000008a400000, 0x000000008a400000|100%| E|CS|TAMS 0x000000008a300000, 0x000000008a300000| Complete 
| 118|0x000000008a400000, 0x000000008a500000, 0x000000008a500000|100%| E|CS|TAMS 0x000000008a400000, 0x000000008a400000| Complete 
| 119|0x000000008a500000, 0x000000008a600000, 0x000000008a600000|100%| E|  |TAMS 0x000000008a500000, 0x000000008a500000| Complete 
| 120|0x000000008a600000, 0x000000008a700000, 0x000000008a700000|100%| E|CS|TAMS 0x000000008a600000, 0x000000008a600000| Complete 
| 121|0x000000008a700000, 0x000000008a800000, 0x000000008a800000|100%| E|CS|TAMS 0x000000008a700000, 0x000000008a700000| Complete 
| 122|0x000000008a800000, 0x000000008a900000, 0x000000008a900000|100%| E|CS|TAMS 0x000000008a800000, 0x000000008a800000| Complete 
| 123|0x000000008a900000, 0x000000008aa00000, 0x000000008aa00000|100%| E|CS|TAMS 0x000000008a900000, 0x000000008a900000| Complete 
| 124|0x000000008aa00000, 0x000000008ab00000, 0x000000008ab00000|100%| E|CS|TAMS 0x000000008aa00000, 0x000000008aa00000| Complete 
| 125|0x000000008ab00000, 0x000000008ac00000, 0x000000008ac00000|100%| E|CS|TAMS 0x000000008ab00000, 0x000000008ab00000| Complete 

Card table byte_map: [0x00000274f58c0000,0x00000274f5cb0000] _byte_map_base: 0x00000274f54a9000

Marking Bits (Prev, Next): (CMBitMap*) 0x00000274e077c128, (CMBitMap*) 0x00000274e077c160
 Prev Bits: [0x00000274f60a0000, 0x00000274f7fe8000)
 Next Bits: [0x00000274f7ff0000, 0x00000274f9f38000)

Polling page: 0x00000274e0820000

Metaspace:

Usage:
  Non-class:     10.85 MB capacity,    10.80 MB (>99%) used,    44.03 KB ( <1%) free+waste,     8.25 KB ( <1%) overhead. 
      Class:      1.12 MB capacity,     1.08 MB ( 96%) used,    40.79 KB (  4%) free+waste,     2.56 KB ( <1%) overhead. 
       Both:     11.97 MB capacity,    11.87 MB (>99%) used,    84.82 KB ( <1%) free+waste,    10.81 KB ( <1%) overhead. 

Virtual space:
  Non-class space:       12.00 MB reserved,      11.00 MB ( 92%) committed 
      Class space:        1.00 GB reserved,       1.13 MB ( <1%) committed 
             Both:        1.01 GB reserved,      12.13 MB (  1%) committed 

Chunk freelists:
   Non-Class:  27.00 KB
       Class:  7.00 KB
        Both:  34.00 KB

MaxMetaspaceSize: 17179869184.00 GB
CompressedClassSpaceSize: 1.00 GB
Initial GC threshold: 20.80 MB
Current GC threshold: 20.80 MB
CDS: off

CodeHeap 'non-profiled nmethods': size=120000Kb used=194Kb max_used=194Kb free=119805Kb
 bounds [0x00000274ed540000, 0x00000274ed7b0000, 0x00000274f4a70000]
CodeHeap 'profiled nmethods': size=120000Kb used=1261Kb max_used=1261Kb free=118738Kb
 bounds [0x00000274e6010000, 0x00000274e6280000, 0x00000274ed540000]
CodeHeap 'non-nmethods': size=5760Kb used=1138Kb max_used=1147Kb free=4621Kb
 bounds [0x00000274e5a70000, 0x00000274e5ce0000, 0x00000274e6010000]
 total_blobs=1073 nmethods=689 adapters=297
 compilation: enabled
              stopped_count=0, restarted_count=0
 full_count=0

Compilation events (20 events):
Event: 1.113 Thread 0x00000274fca3d000  638       3       kotlin.reflect.jvm.internal.impl.protobuf.CodedInputStream::readBytes (101 bytes)
Event: 1.114 Thread 0x00000274fca3d000 nmethod 638 0x00000274e6140e10 code [0x00000274e6141060, 0x00000274e61419f8]
Event: 1.114 Thread 0x00000274fca3d000  639       3       kotlin.reflect.jvm.internal.impl.protobuf.ByteString::copyFrom (21 bytes)
Event: 1.114 Thread 0x00000274fca3d000 nmethod 639 0x00000274e6141d10 code [0x00000274e6141ee0, 0x00000274e61422e8]
Event: 1.114 Thread 0x00000274fca3d000  643       3       kotlin.reflect.jvm.internal.impl.metadata.ProtoBuf$ValueParameter::initFields (35 bytes)
Event: 1.114 Thread 0x00000274fca3d000 nmethod 643 0x00000274e6142490 code [0x00000274e6142660, 0x00000274e6142918]
Event: 1.114 Thread 0x00000274fca3d000  644       3       kotlin.reflect.jvm.internal.impl.metadata.ProtoBuf$ValueParameter$1::parsePartialFrom (7 bytes)
Event: 1.115 Thread 0x00000274fca3d000 nmethod 644 0x00000274e6142a10 code [0x00000274e6142be0, 0x00000274e6142e48]
Event: 1.115 Thread 0x00000274fca3d000  646       3       java.util.AbstractCollection::isEmpty (13 bytes)
Event: 1.115 Thread 0x00000274fca3d000 nmethod 646 0x00000274e6142f90 code [0x00000274e6143140, 0x00000274e6143348]
Event: 1.115 Thread 0x00000274fca3d000  648       1       kotlin.reflect.jvm.internal.impl.protobuf.LiteralByteString::getOffsetIntoBytes (2 bytes)
Event: 1.115 Thread 0x00000274fca3d000 nmethod 648 0x00000274ed56db10 code [0x00000274ed56dcc0, 0x00000274ed56dd78]
Event: 1.115 Thread 0x00000274fca3d000  659       1       java.lang.Boolean::booleanValue (5 bytes)
Event: 1.115 Thread 0x00000274fca3d000 nmethod 659 0x00000274ed56de10 code [0x00000274ed56dfc0, 0x00000274ed56e078]
Event: 1.115 Thread 0x00000274fca3d000  655       1       kotlin.reflect.jvm.internal.impl.metadata.ProtoBuf$Annotation::getId (5 bytes)
Event: 1.115 Thread 0x00000274fca3d000 nmethod 655 0x00000274ed56e110 code [0x00000274ed56e2c0, 0x00000274ed56e378]
Event: 1.115 Thread 0x00000274fca3d000  656       1       kotlin.reflect.jvm.internal.impl.metadata.ProtoBuf$Annotation::access$4700 (5 bytes)
Event: 1.115 Thread 0x00000274fca3d000 nmethod 656 0x00000274ed56e410 code [0x00000274ed56e5c0, 0x00000274ed56e658]
Event: 1.115 Thread 0x00000274fca3d000  654       1       java.util.Collections$EmptyMap::get (2 bytes)
Event: 1.115 Thread 0x00000274fca3d000 nmethod 654 0x00000274ed56e710 code [0x00000274ed56e8c0, 0x00000274ed56e978]

GC Heap History (0 events):
No events

Deoptimization events (20 events):
Event: 0.305 Thread 0x00000274e073d000 DEOPT PACKING pc=0x00000274e602cc8e sp=0x000000ab68dfad80
Event: 0.305 Thread 0x00000274e073d000 DEOPT UNPACKING pc=0x00000274e5aba95e sp=0x000000ab68dfa220 mode 0
Event: 0.305 Thread 0x00000274e073d000 DEOPT PACKING pc=0x00000274e602cc8e sp=0x000000ab68dfad80
Event: 0.305 Thread 0x00000274e073d000 DEOPT UNPACKING pc=0x00000274e5aba95e sp=0x000000ab68dfa220 mode 0
Event: 0.305 Thread 0x00000274e073d000 DEOPT PACKING pc=0x00000274e602cc8e sp=0x000000ab68dfad80
Event: 0.305 Thread 0x00000274e073d000 DEOPT UNPACKING pc=0x00000274e5aba95e sp=0x000000ab68dfa220 mode 0
Event: 0.642 Thread 0x00000274e073d000 DEOPT PACKING pc=0x00000274e6054da2 sp=0x000000ab68dfd000
Event: 0.642 Thread 0x00000274e073d000 DEOPT UNPACKING pc=0x00000274e5aba95e sp=0x000000ab68dfc468 mode 0
Event: 0.655 Thread 0x00000274e073d000 DEOPT PACKING pc=0x00000274e6035150 sp=0x000000ab68defc40
Event: 0.655 Thread 0x00000274e073d000 DEOPT UNPACKING pc=0x00000274e5aba95e sp=0x000000ab68def0c8 mode 0
Event: 1.091 Thread 0x00000274e073d000 Uncommon trap: trap_request=0xffffff4d fr.pc=0x00000274ed56be9c relative=0x000000000000039c
Event: 1.091 Thread 0x00000274e073d000 Uncommon trap: reason=unstable_if action=reinterpret pc=0x00000274ed56be9c method=kotlin.reflect.jvm.internal.impl.protobuf.CodedInputStream.isAtEnd()Z @ 16 c2
Event: 1.091 Thread 0x00000274e073d000 DEOPT PACKING pc=0x00000274ed56be9c sp=0x000000ab68dfadb0
Event: 1.091 Thread 0x00000274e073d000 DEOPT UNPACKING pc=0x00000274e5aba1af sp=0x000000ab68dfad30 mode 2
Event: 1.102 Thread 0x00000274e073d000 Uncommon trap: trap_request=0xffffff4d fr.pc=0x00000274ed569960 relative=0x0000000000000120
Event: 1.102 Thread 0x00000274e073d000 Uncommon trap: reason=unstable_if action=reinterpret pc=0x00000274ed569960 method=kotlin.reflect.jvm.internal.impl.protobuf.CodedInputStream.readRawVarint32()I @ 69 c2
Event: 1.102 Thread 0x00000274e073d000 DEOPT PACKING pc=0x00000274ed569960 sp=0x000000ab68dfa800
Event: 1.102 Thread 0x00000274e073d000 DEOPT UNPACKING pc=0x00000274e5aba1af sp=0x000000ab68dfa788 mode 2
Event: 1.105 Thread 0x00000274e073d000 DEOPT PACKING pc=0x00000274e60563ff sp=0x000000ab68dfa940
Event: 1.105 Thread 0x00000274e073d000 DEOPT UNPACKING pc=0x00000274e5aba95e sp=0x000000ab68df9d90 mode 0

Classes redefined (0 events):
No events

Internal exceptions (0 events):
No events

Events (20 events):
Event: 1.080 loading class java/util/LinkedList$ListItr
Event: 1.081 loading class java/util/LinkedList$ListItr done
Event: 1.084 loading class java/io/FilePermission
Event: 1.084 loading class java/io/FilePermission done
Event: 1.085 loading class java/io/FilePermission$1
Event: 1.085 loading class jdk/internal/misc/JavaIOFilePermissionAccess
Event: 1.085 loading class jdk/internal/misc/JavaIOFilePermissionAccess done
Event: 1.085 loading class java/io/FilePermission$1 done
Event: 1.085 loading class sun/security/util/FilePermCompat
Event: 1.085 loading class sun/security/util/FilePermCompat done
Event: 1.085 loading class sun/security/util/SecurityProperties
Event: 1.086 loading class sun/security/util/SecurityProperties done
Event: 1.086 loading class java/security/Security
Event: 1.086 loading class java/security/Security done
Event: 1.087 loading class java/security/Security$1
Event: 1.087 loading class java/security/Security$1 done
Event: 1.087 loading class java/util/Properties$LineReader
Event: 1.087 loading class java/util/Properties$LineReader done
Event: 1.107 loading class kotlin/reflect/jvm/internal/impl/descriptors/PackageFragmentProviderImpl
Event: 1.107 loading class kotlin/reflect/jvm/internal/impl/descriptors/PackageFragmentProviderImpl done


Dynamic libraries:
0x00007ff77a160000 - 0x00007ff77a16a000 	D:\Programs\Android\jre\bin\java.exe
0x00007ffbb8ad0000 - 0x00007ffbb8cc8000 	C:\Windows\SYSTEM32\ntdll.dll
0x00007ffbb74d0000 - 0x00007ffbb758d000 	C:\Windows\System32\KERNEL32.DLL
0x00007ffbb65b0000 - 0x00007ffbb687e000 	C:\Windows\System32\KERNELBASE.dll
0x00007ffbb6880000 - 0x00007ffbb6980000 	C:\Windows\System32\ucrtbase.dll
0x00007ffbaada0000 - 0x00007ffbaadb9000 	D:\Programs\Android\jre\bin\jli.dll
0x00007ffb99150000 - 0x00007ffb99167000 	D:\Programs\Android\jre\bin\VCRUNTIME140.dll
0x00007ffbb7330000 - 0x00007ffbb74d0000 	C:\Windows\System32\USER32.dll
0x00007ffb98190000 - 0x00007ffb9842a000 	C:\Windows\WinSxS\amd64_microsoft.windows.common-controls_6595b64144ccf1df_6.0.19041.1110_none_60b5254171f9507e\COMCTL32.dll
0x00007ffbb6b00000 - 0x00007ffbb6b22000 	C:\Windows\System32\win32u.dll
0x00007ffbb80b0000 - 0x00007ffbb814e000 	C:\Windows\System32\msvcrt.dll
0x00007ffbb6e80000 - 0x00007ffbb6eaa000 	C:\Windows\System32\GDI32.dll
0x00007ffbb6260000 - 0x00007ffbb636b000 	C:\Windows\System32\gdi32full.dll
0x00007ffbb6a30000 - 0x00007ffbb6acd000 	C:\Windows\System32\msvcp_win.dll
0x00007ffbb84b0000 - 0x00007ffbb84e0000 	C:\Windows\System32\IMM32.DLL
0x00007ffb72fe0000 - 0x00007ffb7307d000 	D:\Programs\Android\jre\bin\msvcp140.dll
0x00007ffb53770000 - 0x00007ffb54255000 	D:\Programs\Android\jre\bin\server\jvm.dll
0x00007ffbb8000000 - 0x00007ffbb80ae000 	C:\Windows\System32\ADVAPI32.dll
0x00007ffbb84e0000 - 0x00007ffbb857c000 	C:\Windows\System32\sechost.dll
0x00007ffbb7df0000 - 0x00007ffbb7f15000 	C:\Windows\System32\RPCRT4.dll
0x00007ffbb6e70000 - 0x00007ffbb6e78000 	C:\Windows\System32\PSAPI.DLL
0x00007ffbaab50000 - 0x00007ffbaab5a000 	C:\Windows\SYSTEM32\VERSION.dll
0x00007ffbaec10000 - 0x00007ffbaec19000 	C:\Windows\SYSTEM32\WSOCK32.dll
0x00007ffb90360000 - 0x00007ffb90387000 	C:\Windows\SYSTEM32\WINMM.dll
0x00007ffbb8880000 - 0x00007ffbb88eb000 	C:\Windows\System32\WS2_32.dll
0x00007ffbb4a40000 - 0x00007ffbb4a52000 	C:\Windows\SYSTEM32\kernel.appcore.dll
0x00007ffbad020000 - 0x00007ffbad031000 	D:\Programs\Android\jre\bin\verify.dll
0x00007ffbaedb0000 - 0x00007ffbaef94000 	C:\Windows\SYSTEM32\DBGHELP.DLL
0x00007ffb974e0000 - 0x00007ffb9750c000 	C:\Windows\SYSTEM32\dbgcore.DLL
0x00007ffbb64d0000 - 0x00007ffbb6552000 	C:\Windows\System32\bcryptPrimitives.dll
0x00007ffbacd90000 - 0x00007ffbacdb9000 	D:\Programs\Android\jre\bin\java.dll
0x00007ffbaec00000 - 0x00007ffbaec0b000 	D:\Programs\Android\jre\bin\jimage.dll
0x00007ffbaab30000 - 0x00007ffbaab48000 	D:\Programs\Android\jre\bin\zip.dll
0x00007ffbb7590000 - 0x00007ffbb7cd4000 	C:\Windows\System32\SHELL32.dll
0x00007ffbb4290000 - 0x00007ffbb4a24000 	C:\Windows\SYSTEM32\windows.storage.dll
0x00007ffbb8150000 - 0x00007ffbb84a4000 	C:\Windows\System32\combase.dll
0x00007ffbb5b70000 - 0x00007ffbb5ba0000 	C:\Windows\SYSTEM32\Wldp.dll
0x00007ffbb7d40000 - 0x00007ffbb7ded000 	C:\Windows\System32\SHCORE.dll
0x00007ffbb6ce0000 - 0x00007ffbb6d35000 	C:\Windows\System32\shlwapi.dll
0x00007ffbb6130000 - 0x00007ffbb614f000 	C:\Windows\SYSTEM32\profapi.dll
0x00007ffbaa660000 - 0x00007ffbaa67a000 	D:\Programs\Android\jre\bin\net.dll
0x00007ffbadda0000 - 0x00007ffbadeaa000 	C:\Windows\SYSTEM32\WINHTTP.dll
0x00007ffbb5950000 - 0x00007ffbb59ba000 	C:\Windows\system32\mswsock.dll
0x00007ffbad5f0000 - 0x00007ffbad604000 	D:\Programs\Android\jre\bin\nio.dll

dbghelp: loaded successfully - version: 4.0.5 - missing functions: none
symbol engine: initialized successfully - sym options: 0x614 - pdb path: .;D:\Programs\Android\jre\bin;C:\Windows\SYSTEM32;C:\Windows\WinSxS\amd64_microsoft.windows.common-controls_6595b64144ccf1df_6.0.19041.1110_none_60b5254171f9507e;D:\Programs\Android\jre\bin\server

VM Arguments:
java_command: org.jetbrains.kotlin.cli.jvm.K2JVMCompiler @D:\AndroidStudioProjects\IslamicApp\app\build\20220827_1737680670737954883.compiler.options
java_class_path (initial): C:\Users\ayten\.gradle\caches\modules-2\files-2.1\org.jetbrains.kotlin\kotlin-compiler-embeddable\1.7.10\909803167c98606fcf22b4c848647c68e351d48d\kotlin-compiler-embeddable-1.7.10.jar;C:\Users\ayten\.gradle\caches\modules-2\files-2.1\org.jetbrains.kotlin\kotlin-reflect\1.7.10\165e600dfea6185cf5efa700756294cc4904dbeb\kotlin-reflect-1.7.10.jar;C:\Users\ayten\.gradle\caches\modules-2\files-2.1\org.jetbrains.kotlin\kotlin-stdlib\1.7.10\d2abf9e77736acc4450dc4a3f707fa2c10f5099d\kotlin-stdlib-1.7.10.jar;C:\Users\ayten\.gradle\caches\modules-2\files-2.1\org.jetbrains.kotlin\kotlin-script-runtime\1.7.10\c99c87a6988d8fd8d5142e9ed5c9f34a7cf561ee\kotlin-script-runtime-1.7.10.jar;C:\Users\ayten\.gradle\caches\modules-2\files-2.1\org.jetbrains.kotlin\kotlin-daemon-embeddable\1.7.10\3a9f7aef7080d3ae63126cbba4f827ed664f32fa\kotlin-daemon-embeddable-1.7.10.jar;C:\Users\ayten\.gradle\caches\modules-2\files-2.1\org.jetbrains.intellij.deps\trove4j\1.0.20200330\3afb14d5f9ceb459d724e907a21145e8ff394f02\trove4j-1.0.20200330.jar;C:\Users\ayten\.gradle\caches\modules-2\files-2.1\net.java.dev.jna\jna\5.6.0\330f2244e9030119ab3030fc3fededc86713d9cc\jna-5.6.0.jar;C:\Users\ayten\.gradle\caches\modules-2\files-2.1\org.jetbrains.kotlin\kotlin-stdlib-common\1.7.10\bac80c520d0a9e3f3673bc2658c6ed02ef45a76a\kotlin-stdlib-common-1.7.10.jar;C:\Users\ayten\.gradle\caches\modules-2\files-2.1\org.jetbrains\annotations\13.0\919f0dfe192fb4e063e7dacadee7f8bb9a2672a9\annotations-13.0.jar
Launcher Type: SUN_STANDARD

[Global flags]
     intx CICompilerCount                          = 4                                         {product} {ergonomic}
     uint ConcGCThreads                            = 2                                         {product} {ergonomic}
     uint G1ConcRefinementThreads                  = 8                                         {product} {ergonomic}
   size_t G1HeapRegionSize                         = 1048576                                   {product} {ergonomic}
    uintx GCDrainStackTargetSize                   = 64                                        {product} {ergonomic}
   size_t InitialHeapSize                          = 132120576                                 {product} {ergonomic}
   size_t MarkStackSize                            = 4194304                                   {product} {ergonomic}
   size_t MaxHeapSize                              = 2099249152                                {product} {ergonomic}
   size_t MaxNewSize                               = 1259339776                                {product} {ergonomic}
   size_t MinHeapDeltaBytes                        = 1048576                                   {product} {ergonomic}
    uintx NonNMethodCodeHeapSize                   = 5836300                                {pd product} {ergonomic}
    uintx NonProfiledCodeHeapSize                  = 122910970                              {pd product} {ergonomic}
    uintx ProfiledCodeHeapSize                     = 122910970                              {pd product} {ergonomic}
    uintx ReservedCodeCacheSize                    = 251658240                              {pd product} {ergonomic}
     bool SegmentedCodeCache                       = true                                      {product} {ergonomic}
     bool UseCompressedClassPointers               = true                                 {lp64_product} {ergonomic}
     bool UseCompressedOops                        = true                                 {lp64_product} {ergonomic}
     bool UseG1GC                                  = true                                      {product} {ergonomic}
     bool UseLargePagesIndividualAllocation        = false                                  {pd product} {ergonomic}

Logging:
Log output configuration:
 #0: stdout all=warning uptime,level,tags
 #1: stderr all=off uptime,level,tags

Environment Variables:
JAVA_HOME=C:\Program Files\Java\jdk1.8.0_281
PATH=C:\Program Files\Amazon Corretto\jdk11.0.14_10\bin;C:\Program Files (x86)\Common Files\Oracle\Java\javapath;C:\ProgramData\Oracle\Java\javapath;C:\Program Files (x86)\NVIDIA Corporation\PhysX\Common;C:\Windows\system32;C:\Windows;C:\Windows\System32\Wbem;C:\Windows\System32\WindowsPowerShell\v1.0\;C:\Windows\System32\OpenSSH\;D:\Programs\Git\cmd;D:\Program Files\;D:\Programs\flutter\bin;C:\Users\ayten\AppData\Local\Programs\Python\Python310;C:\Users\ayten\AppData\Local\Microsoft\WindowsApps;D:\Programs\IntelliJ IDEA Community Edition 2021.2.3\bin;;C:\Users\ayten\AppData\Local\GitHubDesktop\bin;C:\tools\dart-sdk;C:\Program Files\Java\jdk1.8.0_281\bin;D:\Programs\Microsoft VS Code\bin;C:\Users\ayten\AppData\Local\Programs\Python\Python310\Scripts;C:\Users\ayten\.virtualenvs\storefront-dcLWylEk\Scripts;C:\Users\ayten\AppData\Roaming\npm;D:\Program Files\heroku\bin;C:\msys64\mingw64\bin;
USERNAME=aytn
OS=Windows_NT
PROCESSOR_IDENTIFIER=Intel64 Family 6 Model 142 Stepping 12, GenuineIntel



---------------  S Y S T E M  ---------------

OS: Windows 10 , 64 bit Build 19041 (10.0.19041.1889)
OS uptime: 1 days 12:31 hours
Hyper-V role detected

CPU:total 8 (initial active 8) (4 cores per cpu, 2 threads per core) family 6 model 142 stepping 12 microcode 0xca, cmov, cx8, fxsr, mmx, sse, sse2, sse3, ssse3, sse4.1, sse4.2, popcnt, avx, avx2, aes, clmul, erms, 3dnowpref, lzcnt, ht, tsc, tscinvbit, bmi1, bmi2, adx, fma

Memory: 4k page, system-wide physical 8001M (307M free)
TotalPageFile size 32577M (AvailPageFile size 0M)
current process WorkingSet (physical memory assigned to process): 80M, peak: 80M
current process commit charge ("private bytes"): 217M, peak: 217M

vm_info: OpenJDK 64-Bit Server VM (11.0.12+7-b1504.28-7817840) for windows-amd64 JRE (11.0.12+7-b1504.28-7817840), built on Oct 13 2021 22:12:33 by "builder" with MS VC++ 14.0 (VS2015)

END.
