#
# There is insufficient memory for the Java Runtime Environment to continue.
# Native memory allocation (mmap) failed to map 183500800 bytes for Failed to commit area from 0x000000008f300000 to 0x000000009a200000 of length 183500800.
# Possible reasons:
#   The system is out of physical RAM or swap space
#   The process is running with CompressedOops enabled, and the Java Heap may be blocking the growth of the native heap
# Possible solutions:
#   Reduce memory load on the system
#   Increase physical memory or swap space
#   Check if swap backing store is full
#   Decrease Java heap size (-Xmx/-Xms)
#   Decrease number of Java threads
#   Decrease Java thread stack sizes (-Xss)
#   Set larger code cache with -XX:ReservedCodeCacheSize=
#   JVM is running with Unscaled Compressed Oops mode in which the Java heap is
#     placed in the first 4GB address space. The Java Heap base address is the
#     maximum limit for the native heap growth. Please use -XX:HeapBaseMinAddress
#     to set the Java Heap base and to place the Java Heap above 4GB virtual address.
# This output file may be truncated or incomplete.
#
#  Out of Memory Error (./src/hotspot/os/windows/os_windows.cpp:3521), pid=16812, tid=15588
#
# JRE version: OpenJDK Runtime Environment (11.0.12+7) (build 11.0.12+7-b1504.28-7817840)
# Java VM: OpenJDK 64-Bit Server VM (11.0.12+7-b1504.28-7817840, mixed mode, tiered, compressed oops, g1 gc, windows-amd64)
# No core dump will be written. Minidumps are not enabled by default on client versions of Windows
#

---------------  S U M M A R Y ------------

Command Line: --add-opens=java.base/java.util=ALL-UNNAMED --add-opens=java.base/java.lang=ALL-UNNAMED --add-opens=java.base/java.lang.invoke=ALL-UNNAMED --add-opens=java.base/java.util=ALL-UNNAMED --add-opens=java.prefs/java.util.prefs=ALL-UNNAMED --add-opens=java.prefs/java.util.prefs=ALL-UNNAMED --add-opens=java.base/java.nio.charset=ALL-UNNAMED --add-opens=java.base/java.net=ALL-UNNAMED --add-opens=java.base/java.util.concurrent.atomic=ALL-UNNAMED -Xmx2048m -Dfile.encoding=UTF-8 -Duser.country=US -Duser.language=en -Duser.variant org.gradle.launcher.daemon.bootstrap.GradleDaemon 7.3.3

Host: Intel(R) Core(TM) i5-10210U CPU @ 1.60GHz, 8 cores, 7G,  Windows 10 , 64 bit Build 19041 (10.0.19041.1889)
Time: Sun Aug 28 09:39:28 2022 Azerbaijan Standard Time elapsed time: 39.408762 seconds (0d 0h 0m 39s)

---------------  T H R E A D  ---------------

Current thread (0x000001cfff4ff800):  VMThread "VM Thread" [stack: 0x0000004846100000,0x0000004846200000] [id=15588]

Stack: [0x0000004846100000,0x0000004846200000]
[error occurred during error reporting (printing stack bounds), id 0xc0000005, EXCEPTION_ACCESS_VIOLATION (0xc0000005) at pc=0x000001cf83a3112d]

Native frames: (J=compiled Java code, j=interpreted, Vv=VM code, C=native code)
V  [jvm.dll+0x5fbcea]
V  [jvm.dll+0x731905]
V  [jvm.dll+0x732f1d]
V  [jvm.dll+0x733535]
V  [jvm.dll+0x7334eb]
V  [jvm.dll+0x5fb080]
V  [jvm.dll+0x5fb818]
C  [ntdll.dll+0xa229f]
C  [ntdll.dll+0x51454]
C  [ntdll.dll+0xa0dce]
C  0x000001cf83a3112d

VM_Operation (0x000000484f9fdc80): G1CollectForAllocation, mode: safepoint, requested by thread 0x000001cf9cfdb000


---------------  P R O C E S S  ---------------

Threads class SMR info:
_java_thread_list=0x000001cfa12de130, length=146, elements={
0x000001cffd2da800, 0x000001cfff504000, 0x000001cfff50f800, 0x000001cfff51b000,
0x000001cfff51d000, 0x000001cfff51f000, 0x000001cfff524800, 0x000001cfff525800,
0x000001cf98abc000, 0x000001cf98bcb800, 0x000001cf99ae4800, 0x000001cf99c2f800,
0x000001cf9abfb000, 0x000001cf9ab29800, 0x000001cf9a398800, 0x000001cf9a2f8000,
0x000001cf99d7f800, 0x000001cf99c99800, 0x000001cf99a6c000, 0x000001cf9ab45000,
0x000001cf9ab47800, 0x000001cf9ab45800, 0x000001cf9ab46800, 0x000001cf9ab44000,
0x000001cf9ab4a000, 0x000001cf9ab4a800, 0x000001cf9ab48000, 0x000001cf9ab49000,
0x000001cf9b021800, 0x000001cf9b025800, 0x000001cf9b023800, 0x000001cf9b023000,
0x000001cf9b028000, 0x000001cf9d3ec000, 0x000001cf9d3ed000, 0x000001cf9d3ed800,
0x000001cf9d3ee800, 0x000001cf9d3ef800, 0x000001cf9d3f0000, 0x000001cf9d3f1000,
0x000001cf9d3eb000, 0x000001cf9d3f2800, 0x000001cf9d3f6000, 0x000001cf9d3f6800,
0x000001cf9d3f3800, 0x000001cf9d3f4000, 0x000001cf9d3f7800, 0x000001cf9d3f5000,
0x000001cf9d3f2000, 0x000001cf9d3f8800, 0x000001cf9d3f9000, 0x000001cf9d3fa000,
0x000001cf9ce0d000, 0x000001cf9ce12000, 0x000001cf9ce10000, 0x000001cf9ce11000,
0x000001cf9ce0c000, 0x000001cf9ce0f800, 0x000001cf9ce0e800, 0x000001cf9ce12800,
0x000001cf9ce13800, 0x000001cf9ce0d800, 0x000001cf9ce17800, 0x000001cf9ce15000,
0x000001cf9ce18800, 0x000001cf9ce16000, 0x000001cf9ce19000, 0x000001cf9ce16800,
0x000001cf9ce1a000, 0x000001cf9ce14000, 0x000001cf9ce1a800, 0x000001cf9cd81000,
0x000001cf9cd7d800, 0x000001cf9cd7d000, 0x000001cf9cd7e800, 0x000001cf9cd7f800,
0x000001cf9cd80000, 0x000001cf9cd7b800, 0x000001cf9cd82000, 0x000001cf9cd7c000,
0x000001cf9cd86000, 0x000001cf9cd83800, 0x000001cf9cd84800, 0x000001cf9cd85000,
0x000001cf9cd86800, 0x000001cf9cd87800, 0x000001cf9cd82800, 0x000001cf9cd88800,
0x000001cf9cd89000, 0x000001cf9cd8a000, 0x000001cf9cda7800, 0x000001cf9cda7000,
0x000001cf9cda8800, 0x000001cf9cda9800, 0x000001cf9cda6000, 0x000001cf9cda3800,
0x000001cf9cdaa000, 0x000001cf9cda4800, 0x000001cf9cdab000, 0x000001cf9cda5000,
0x000001cf9cdad800, 0x000001cf9cdb1800, 0x000001cf9cdb0800, 0x000001cf9cdae000,
0x000001cf9cdab800, 0x000001cf9cdb0000, 0x000001cf9cdaf000, 0x000001cf9cdb2000,
0x000001cf9cdac800, 0x000001cf9e97c000, 0x000001cf9e97a800, 0x000001cf9e979000,
0x000001cf9e97b800, 0x000001cf9e97d000, 0x000001cf9e97d800, 0x000001cf9e97e800,
0x000001cf9e97f800, 0x000001cf9e979800, 0x000001cf9e981000, 0x000001cf9e982800,
0x000001cf9e982000, 0x000001cf9e985000, 0x000001cf9e983800, 0x000001cf9e984000,
0x000001cf9e986000, 0x000001cf9e980000, 0x000001cf9e986800, 0x000001cf9e987800,
0x000001cf9cfd5000, 0x000001cf9cfd3000, 0x000001cf9cfcf800, 0x000001cf9cfd3800,
0x000001cf9cfd0800, 0x000001cf9cfd4800, 0x000001cf9cfd7000, 0x000001cf9cfd6000,
0x000001cf9cfd1000, 0x000001cf9cfd7800, 0x000001cf9cfd2000, 0x000001cf9cfdc800,
0x000001cf9cfda000, 0x000001cf9cfdb000, 0x000001cf9cfdc000, 0x000001cf9cfdd800,
0x000001cf9cfde000, 0x000001cf9cfd8800
}

Java Threads: ( => current thread )
  0x000001cffd2da800 JavaThread "main" [_thread_blocked, id=632, stack(0x0000004845b00000,0x0000004845c00000)]
  0x000001cfff504000 JavaThread "Reference Handler" daemon [_thread_blocked, id=14272, stack(0x0000004846200000,0x0000004846300000)]
  0x000001cfff50f800 JavaThread "Finalizer" daemon [_thread_blocked, id=11764, stack(0x0000004846300000,0x0000004846400000)]
  0x000001cfff51b000 JavaThread "Signal Dispatcher" daemon [_thread_blocked, id=11688, stack(0x0000004846400000,0x0000004846500000)]
  0x000001cfff51d000 JavaThread "Attach Listener" daemon [_thread_blocked, id=15284, stack(0x0000004846500000,0x0000004846600000)]
  0x000001cfff51f000 JavaThread "Service Thread" daemon [_thread_blocked, id=16972, stack(0x0000004846600000,0x0000004846700000)]
  0x000001cfff524800 JavaThread "C2 CompilerThread0" daemon [_thread_blocked, id=14296, stack(0x0000004846700000,0x0000004846800000)]
  0x000001cfff525800 JavaThread "C1 CompilerThread0" daemon [_thread_blocked, id=11716, stack(0x0000004846800000,0x0000004846900000)]
  0x000001cf98abc000 JavaThread "Sweeper thread" daemon [_thread_blocked, id=12436, stack(0x0000004846900000,0x0000004846a00000)]
  0x000001cf98bcb800 JavaThread "Common-Cleaner" daemon [_thread_blocked, id=17856, stack(0x0000004846a00000,0x0000004846b00000)]
  0x000001cf99ae4800 JavaThread "Daemon health stats" [_thread_blocked, id=7348, stack(0x0000004846e00000,0x0000004846f00000)]
  0x000001cf99c2f800 JavaThread "Incoming local TCP Connector on port 63162" [_thread_in_native, id=3268, stack(0x0000004846f00000,0x0000004847000000)]
  0x000001cf9abfb000 JavaThread "Daemon periodic checks" [_thread_blocked, id=1420, stack(0x0000004847000000,0x0000004847100000)]
  0x000001cf9ab29800 JavaThread "Daemon" [_thread_blocked, id=8668, stack(0x0000004847100000,0x0000004847200000)]
  0x000001cf9a398800 JavaThread "Handler for socket connection from /127.0.0.1:63162 to /127.0.0.1:63163" [_thread_in_native, id=10340, stack(0x0000004847200000,0x0000004847300000)]
  0x000001cf9a2f8000 JavaThread "Cancel handler" [_thread_blocked, id=10772, stack(0x0000004847300000,0x0000004847400000)]
  0x000001cf99d7f800 JavaThread "Daemon worker" [_thread_blocked, id=12408, stack(0x0000004847400000,0x0000004847500000)]
  0x000001cf99c99800 JavaThread "Asynchronous log dispatcher for DefaultDaemonConnection: socket connection from /127.0.0.1:63162 to /127.0.0.1:63163" [_thread_blocked, id=17416, stack(0x0000004847500000,0x0000004847600000)]
  0x000001cf99a6c000 JavaThread "Stdin handler" [_thread_blocked, id=13372, stack(0x0000004847600000,0x0000004847700000)]
  0x000001cf9ab45000 JavaThread "Daemon client event forwarder" [_thread_blocked, id=13704, stack(0x0000004847700000,0x0000004847800000)]
  0x000001cf9ab47800 JavaThread "Cache worker for journal cache (C:\Users\ayten\.gradle\caches\journal-1)" [_thread_blocked, id=16308, stack(0x0000004847d00000,0x0000004847e00000)]
  0x000001cf9ab45800 JavaThread "File lock request listener" [_thread_in_native, id=15412, stack(0x0000004847e00000,0x0000004847f00000)]
  0x000001cf9ab46800 JavaThread "Cache worker for file hash cache (C:\Users\ayten\.gradle\caches\7.3.3\fileHashes)" [_thread_blocked, id=6468, stack(0x0000004847f00000,0x0000004848000000)]
  0x000001cf9ab44000 JavaThread "Cache worker for file hash cache (D:\AndroidStudioProjects\IslamicApp\.gradle\7.3.3\fileHashes)" [_thread_blocked, id=3340, stack(0x0000004848100000,0x0000004848200000)]
  0x000001cf9ab4a000 JavaThread "File watcher server" daemon [_thread_blocked, id=17956, stack(0x0000004848200000,0x0000004848300000)]
  0x000001cf9ab4a800 JavaThread "File watcher consumer" daemon [_thread_blocked, id=3880, stack(0x0000004848300000,0x0000004848400000)]
  0x000001cf9ab48000 JavaThread "Cache worker for checksums cache (D:\AndroidStudioProjects\IslamicApp\.gradle\7.3.3\checksums)" [_thread_blocked, id=19240, stack(0x0000004848400000,0x0000004848500000)]
  0x000001cf9ab49000 JavaThread "Cache worker for cache directory md-supplier (C:\Users\ayten\.gradle\caches\7.3.3\md-supplier)" [_thread_blocked, id=6900, stack(0x0000004848500000,0x0000004848600000)]
  0x000001cf9b021800 JavaThread "Cache worker for cache directory md-rule (C:\Users\ayten\.gradle\caches\7.3.3\md-rule)" [_thread_blocked, id=888, stack(0x0000004848600000,0x0000004848700000)]
  0x000001cf9b025800 JavaThread "Cache worker for execution history cache (C:\Users\ayten\.gradle\caches\7.3.3\executionHistory)" [_thread_blocked, id=13044, stack(0x0000004848700000,0x0000004848800000)]
  0x000001cf9b023800 JavaThread "jar transforms" [_thread_blocked, id=17064, stack(0x0000004848800000,0x0000004848900000)]
  0x000001cf9b023000 JavaThread "Cache worker for file content cache (C:\Users\ayten\.gradle\caches\7.3.3\fileContent)" [_thread_blocked, id=14828, stack(0x0000004848900000,0x0000004848a00000)]
  0x000001cf9b028000 JavaThread "jar transforms Thread 2" [_thread_blocked, id=12616, stack(0x0000004848a00000,0x0000004848b00000)]
  0x000001cf9d3ec000 JavaThread "Cache worker for dependencies-accessors (D:\AndroidStudioProjects\IslamicApp\.gradle\7.3.3\dependencies-accessors)" [_thread_blocked, id=19420, stack(0x0000004848b00000,0x0000004848c00000)]
  0x000001cf9d3ed000 JavaThread "jar transforms Thread 3" [_thread_blocked, id=16732, stack(0x0000004848c00000,0x0000004848d00000)]
  0x000001cf9d3ed800 JavaThread "Cache worker for Build Output Cleanup Cache (D:\AndroidStudioProjects\IslamicApp\.gradle\buildOutputCleanup)" [_thread_blocked, id=17936, stack(0x0000004848d00000,0x0000004848e00000)]
  0x000001cf9d3ee800 JavaThread "Unconstrained build operations" [_thread_blocked, id=2796, stack(0x0000004848e00000,0x0000004848f00000)]
  0x000001cf9d3ef800 JavaThread "Unconstrained build operations Thread 2" [_thread_blocked, id=11092, stack(0x0000004848f00000,0x0000004849000000)]
  0x000001cf9d3f0000 JavaThread "Unconstrained build operations Thread 3" [_thread_blocked, id=5760, stack(0x0000004849000000,0x0000004849100000)]
  0x000001cf9d3f1000 JavaThread "Unconstrained build operations Thread 4" [_thread_blocked, id=3456, stack(0x0000004849100000,0x0000004849200000)]
  0x000001cf9d3eb000 JavaThread "Unconstrained build operations Thread 5" [_thread_blocked, id=15988, stack(0x0000004849200000,0x0000004849300000)]
  0x000001cf9d3f2800 JavaThread "Unconstrained build operations Thread 6" [_thread_blocked, id=8964, stack(0x0000004849300000,0x0000004849400000)]
  0x000001cf9d3f6000 JavaThread "Unconstrained build operations Thread 7" [_thread_blocked, id=2676, stack(0x0000004849400000,0x0000004849500000)]
  0x000001cf9d3f6800 JavaThread "Unconstrained build operations Thread 8" [_thread_blocked, id=16656, stack(0x0000004849500000,0x0000004849600000)]
  0x000001cf9d3f3800 JavaThread "Unconstrained build operations Thread 9" [_thread_blocked, id=18396, stack(0x0000004849600000,0x0000004849700000)]
  0x000001cf9d3f4000 JavaThread "Unconstrained build operations Thread 10" [_thread_blocked, id=7980, stack(0x0000004849700000,0x0000004849800000)]
  0x000001cf9d3f7800 JavaThread "Unconstrained build operations Thread 11" [_thread_blocked, id=8068, stack(0x0000004849800000,0x0000004849900000)]
  0x000001cf9d3f5000 JavaThread "Unconstrained build operations Thread 12" [_thread_blocked, id=11856, stack(0x0000004849900000,0x0000004849a00000)]
  0x000001cf9d3f2000 JavaThread "Unconstrained build operations Thread 13" [_thread_blocked, id=5360, stack(0x0000004849a00000,0x0000004849b00000)]
  0x000001cf9d3f8800 JavaThread "Unconstrained build operations Thread 14" [_thread_blocked, id=1668, stack(0x0000004849b00000,0x0000004849c00000)]
  0x000001cf9d3f9000 JavaThread "Unconstrained build operations Thread 15" [_thread_blocked, id=10936, stack(0x0000004849c00000,0x0000004849d00000)]
  0x000001cf9d3fa000 JavaThread "Unconstrained build operations Thread 16" [_thread_blocked, id=11668, stack(0x0000004849d00000,0x0000004849e00000)]
  0x000001cf9ce0d000 JavaThread "Unconstrained build operations Thread 17" [_thread_blocked, id=9296, stack(0x0000004849e00000,0x0000004849f00000)]
  0x000001cf9ce12000 JavaThread "Unconstrained build operations Thread 18" [_thread_blocked, id=11660, stack(0x0000004849f00000,0x000000484a000000)]
  0x000001cf9ce10000 JavaThread "Unconstrained build operations Thread 19" [_thread_blocked, id=17668, stack(0x000000484a000000,0x000000484a100000)]
  0x000001cf9ce11000 JavaThread "Unconstrained build operations Thread 20" [_thread_blocked, id=13448, stack(0x000000484a100000,0x000000484a200000)]
  0x000001cf9ce0c000 JavaThread "Unconstrained build operations Thread 21" [_thread_blocked, id=13752, stack(0x000000484a200000,0x000000484a300000)]
  0x000001cf9ce0f800 JavaThread "Unconstrained build operations Thread 22" [_thread_blocked, id=16580, stack(0x000000484a300000,0x000000484a400000)]
  0x000001cf9ce0e800 JavaThread "Unconstrained build operations Thread 23" [_thread_blocked, id=12508, stack(0x000000484a400000,0x000000484a500000)]
  0x000001cf9ce12800 JavaThread "Unconstrained build operations Thread 24" [_thread_blocked, id=18524, stack(0x000000484a500000,0x000000484a600000)]
  0x000001cf9ce13800 JavaThread "Unconstrained build operations Thread 25" [_thread_blocked, id=19112, stack(0x000000484a600000,0x000000484a700000)]
  0x000001cf9ce0d800 JavaThread "Unconstrained build operations Thread 26" [_thread_blocked, id=12088, stack(0x000000484a700000,0x000000484a800000)]
  0x000001cf9ce17800 JavaThread "Unconstrained build operations Thread 27" [_thread_blocked, id=13728, stack(0x000000484a800000,0x000000484a900000)]
  0x000001cf9ce15000 JavaThread "Unconstrained build operations Thread 28" [_thread_blocked, id=14548, stack(0x000000484a900000,0x000000484aa00000)]
  0x000001cf9ce18800 JavaThread "Unconstrained build operations Thread 29" [_thread_blocked, id=19348, stack(0x000000484aa00000,0x000000484ab00000)]
  0x000001cf9ce16000 JavaThread "Unconstrained build operations Thread 30" [_thread_blocked, id=4184, stack(0x000000484ab00000,0x000000484ac00000)]
  0x000001cf9ce19000 JavaThread "Unconstrained build operations Thread 31" [_thread_blocked, id=8840, stack(0x000000484ac00000,0x000000484ad00000)]
  0x000001cf9ce16800 JavaThread "Unconstrained build operations Thread 32" [_thread_blocked, id=8440, stack(0x000000484ad00000,0x000000484ae00000)]
  0x000001cf9ce1a000 JavaThread "Unconstrained build operations Thread 33" [_thread_blocked, id=2960, stack(0x000000484ae00000,0x000000484af00000)]
  0x000001cf9ce14000 JavaThread "Unconstrained build operations Thread 34" [_thread_blocked, id=16196, stack(0x000000484af00000,0x000000484b000000)]
  0x000001cf9ce1a800 JavaThread "Unconstrained build operations Thread 35" [_thread_blocked, id=15184, stack(0x000000484b000000,0x000000484b100000)]
  0x000001cf9cd81000 JavaThread "Unconstrained build operations Thread 36" [_thread_blocked, id=10084, stack(0x000000484b100000,0x000000484b200000)]
  0x000001cf9cd7d800 JavaThread "Unconstrained build operations Thread 37" [_thread_blocked, id=7048, stack(0x000000484b200000,0x000000484b300000)]
  0x000001cf9cd7d000 JavaThread "Unconstrained build operations Thread 38" [_thread_blocked, id=17488, stack(0x000000484b300000,0x000000484b400000)]
  0x000001cf9cd7e800 JavaThread "Unconstrained build operations Thread 39" [_thread_blocked, id=12596, stack(0x000000484b400000,0x000000484b500000)]
  0x000001cf9cd7f800 JavaThread "Unconstrained build operations Thread 40" [_thread_blocked, id=10480, stack(0x000000484b500000,0x000000484b600000)]
  0x000001cf9cd80000 JavaThread "Unconstrained build operations Thread 41" [_thread_blocked, id=1404, stack(0x000000484b600000,0x000000484b700000)]
  0x000001cf9cd7b800 JavaThread "Unconstrained build operations Thread 42" [_thread_blocked, id=15020, stack(0x000000484b700000,0x000000484b800000)]
  0x000001cf9cd82000 JavaThread "Unconstrained build operations Thread 43" [_thread_blocked, id=8344, stack(0x000000484b800000,0x000000484b900000)]
  0x000001cf9cd7c000 JavaThread "Unconstrained build operations Thread 44" [_thread_blocked, id=2636, stack(0x000000484b900000,0x000000484ba00000)]
  0x000001cf9cd86000 JavaThread "Unconstrained build operations Thread 45" [_thread_blocked, id=17720, stack(0x000000484ba00000,0x000000484bb00000)]
  0x000001cf9cd83800 JavaThread "Unconstrained build operations Thread 46" [_thread_blocked, id=14964, stack(0x000000484bb00000,0x000000484bc00000)]
  0x000001cf9cd84800 JavaThread "Unconstrained build operations Thread 47" [_thread_blocked, id=8644, stack(0x000000484bc00000,0x000000484bd00000)]
  0x000001cf9cd85000 JavaThread "Unconstrained build operations Thread 48" [_thread_blocked, id=12564, stack(0x000000484bd00000,0x000000484be00000)]
  0x000001cf9cd86800 JavaThread "Unconstrained build operations Thread 49" [_thread_blocked, id=4460, stack(0x000000484be00000,0x000000484bf00000)]
  0x000001cf9cd87800 JavaThread "Unconstrained build operations Thread 50" [_thread_blocked, id=9052, stack(0x000000484bf00000,0x000000484c000000)]
  0x000001cf9cd82800 JavaThread "Unconstrained build operations Thread 51" [_thread_blocked, id=16360, stack(0x000000484c000000,0x000000484c100000)]
  0x000001cf9cd88800 JavaThread "Unconstrained build operations Thread 52" [_thread_blocked, id=2984, stack(0x000000484c100000,0x000000484c200000)]
  0x000001cf9cd89000 JavaThread "Unconstrained build operations Thread 53" [_thread_blocked, id=17960, stack(0x000000484c200000,0x000000484c300000)]
  0x000001cf9cd8a000 JavaThread "Unconstrained build operations Thread 54" [_thread_blocked, id=4616, stack(0x000000484c300000,0x000000484c400000)]
  0x000001cf9cda7800 JavaThread "Unconstrained build operations Thread 55" [_thread_blocked, id=1048, stack(0x000000484c400000,0x000000484c500000)]
  0x000001cf9cda7000 JavaThread "Unconstrained build operations Thread 56" [_thread_blocked, id=18328, stack(0x000000484c500000,0x000000484c600000)]
  0x000001cf9cda8800 JavaThread "Unconstrained build operations Thread 57" [_thread_blocked, id=16248, stack(0x000000484c600000,0x000000484c700000)]
  0x000001cf9cda9800 JavaThread "Unconstrained build operations Thread 58" [_thread_blocked, id=15764, stack(0x000000484c700000,0x000000484c800000)]
  0x000001cf9cda6000 JavaThread "Unconstrained build operations Thread 59" [_thread_blocked, id=11648, stack(0x000000484c800000,0x000000484c900000)]
  0x000001cf9cda3800 JavaThread "Unconstrained build operations Thread 60" [_thread_blocked, id=5560, stack(0x000000484c900000,0x000000484ca00000)]
  0x000001cf9cdaa000 JavaThread "Unconstrained build operations Thread 61" [_thread_blocked, id=19052, stack(0x000000484ca00000,0x000000484cb00000)]
  0x000001cf9cda4800 JavaThread "Unconstrained build operations Thread 62" [_thread_blocked, id=17624, stack(0x000000484cb00000,0x000000484cc00000)]
  0x000001cf9cdab000 JavaThread "Unconstrained build operations Thread 63" [_thread_blocked, id=4100, stack(0x000000484cc00000,0x000000484cd00000)]
  0x000001cf9cda5000 JavaThread "Unconstrained build operations Thread 64" [_thread_blocked, id=17504, stack(0x000000484cd00000,0x000000484ce00000)]
  0x000001cf9cdad800 JavaThread "Unconstrained build operations Thread 65" [_thread_blocked, id=2328, stack(0x000000484ce00000,0x000000484cf00000)]
  0x000001cf9cdb1800 JavaThread "Unconstrained build operations Thread 66" [_thread_blocked, id=4828, stack(0x000000484cf00000,0x000000484d000000)]
  0x000001cf9cdb0800 JavaThread "Unconstrained build operations Thread 67" [_thread_blocked, id=19356, stack(0x000000484d000000,0x000000484d100000)]
  0x000001cf9cdae000 JavaThread "Unconstrained build operations Thread 68" [_thread_blocked, id=15716, stack(0x000000484d100000,0x000000484d200000)]
  0x000001cf9cdab800 JavaThread "Unconstrained build operations Thread 69" [_thread_blocked, id=18488, stack(0x000000484d200000,0x000000484d300000)]
  0x000001cf9cdb0000 JavaThread "Unconstrained build operations Thread 70" [_thread_blocked, id=3080, stack(0x000000484d300000,0x000000484d400000)]
  0x000001cf9cdaf000 JavaThread "Unconstrained build operations Thread 71" [_thread_blocked, id=2324, stack(0x000000484d400000,0x000000484d500000)]
  0x000001cf9cdb2000 JavaThread "Unconstrained build operations Thread 72" [_thread_blocked, id=17128, stack(0x000000484d500000,0x000000484d600000)]
  0x000001cf9cdac800 JavaThread "Unconstrained build operations Thread 73" [_thread_blocked, id=3944, stack(0x000000484d600000,0x000000484d700000)]
  0x000001cf9e97c000 JavaThread "Unconstrained build operations Thread 74" [_thread_blocked, id=18788, stack(0x000000484d700000,0x000000484d800000)]
  0x000001cf9e97a800 JavaThread "Unconstrained build operations Thread 75" [_thread_blocked, id=18828, stack(0x000000484d800000,0x000000484d900000)]
  0x000001cf9e979000 JavaThread "Unconstrained build operations Thread 76" [_thread_blocked, id=14152, stack(0x000000484d900000,0x000000484da00000)]
  0x000001cf9e97b800 JavaThread "Unconstrained build operations Thread 77" [_thread_blocked, id=4020, stack(0x000000484da00000,0x000000484db00000)]
  0x000001cf9e97d000 JavaThread "Unconstrained build operations Thread 78" [_thread_blocked, id=14728, stack(0x000000484db00000,0x000000484dc00000)]
  0x000001cf9e97d800 JavaThread "Unconstrained build operations Thread 79" [_thread_blocked, id=18952, stack(0x000000484dc00000,0x000000484dd00000)]
  0x000001cf9e97e800 JavaThread "Unconstrained build operations Thread 80" [_thread_blocked, id=14932, stack(0x000000484dd00000,0x000000484de00000)]
  0x000001cf9e97f800 JavaThread "jar transforms Thread 4" [_thread_blocked, id=18880, stack(0x000000484de00000,0x000000484df00000)]
  0x000001cf9e979800 JavaThread "jar transforms Thread 5" [_thread_blocked, id=13768, stack(0x000000484df00000,0x000000484e000000)]
  0x000001cf9e981000 JavaThread "jar transforms Thread 6" [_thread_blocked, id=6964, stack(0x000000484e000000,0x000000484e100000)]
  0x000001cf9e982800 JavaThread "jar transforms Thread 7" [_thread_blocked, id=5952, stack(0x000000484e100000,0x000000484e200000)]
  0x000001cf9e982000 JavaThread "jar transforms Thread 8" [_thread_blocked, id=11608, stack(0x000000484e200000,0x000000484e300000)]
  0x000001cf9e985000 JavaThread "Memory manager" [_thread_blocked, id=16464, stack(0x000000484e300000,0x000000484e400000)]
  0x000001cf9e983800 JavaThread "build event listener" [_thread_blocked, id=4192, stack(0x000000484e400000,0x000000484e500000)]
  0x000001cf9e984000 JavaThread "Execution worker for ':'" [_thread_blocked, id=18748, stack(0x000000484e500000,0x000000484e600000)]
  0x000001cf9e986000 JavaThread "Execution worker for ':' Thread 2" [_thread_blocked, id=1456, stack(0x000000484e600000,0x000000484e700000)]
  0x000001cf9e980000 JavaThread "Execution worker for ':' Thread 3" [_thread_blocked, id=7456, stack(0x000000484e700000,0x000000484e800000)]
  0x000001cf9e986800 JavaThread "Execution worker for ':' Thread 4" [_thread_blocked, id=1948, stack(0x000000484e800000,0x000000484e900000)]
  0x000001cf9e987800 JavaThread "Execution worker for ':' Thread 5" [_thread_blocked, id=18260, stack(0x000000484e900000,0x000000484ea00000)]
  0x000001cf9cfd5000 JavaThread "Execution worker for ':' Thread 6" [_thread_blocked, id=760, stack(0x000000484ea00000,0x000000484eb00000)]
  0x000001cf9cfd3000 JavaThread "Execution worker for ':' Thread 7" [_thread_blocked, id=12216, stack(0x000000484eb00000,0x000000484ec00000)]
  0x000001cf9cfcf800 JavaThread "Cache worker for execution history cache (D:\AndroidStudioProjects\IslamicApp\.gradle\7.3.3\executionHistory)" [_thread_blocked, id=15456, stack(0x000000484ec00000,0x000000484ed00000)]
  0x000001cf9cfd3800 JavaThread "WorkerExecutor Queue" [_thread_blocked, id=11024, stack(0x000000484ed00000,0x000000484ee00000)]
  0x000001cf9cfd0800 JavaThread "WorkerExecutor Queue Thread 2" [_thread_blocked, id=16160, stack(0x000000484f000000,0x000000484f100000)]
  0x000001cf9cfd4800 JavaThread "WorkerExecutor Queue Thread 3" [_thread_blocked, id=16428, stack(0x000000484f100000,0x000000484f200000)]
  0x000001cf9cfd7000 JavaThread "WorkerExecutor Queue Thread 4" [_thread_blocked, id=4984, stack(0x000000484f200000,0x000000484f300000)]
  0x000001cf9cfd6000 JavaThread "pool-3-thread-1" [_thread_blocked, id=16780, stack(0x000000484f300000,0x000000484f400000)]
  0x000001cf9cfd1000 JavaThread "stderr" [_thread_in_native, id=18720, stack(0x000000484f400000,0x000000484f500000)]
  0x000001cf9cfd7800 JavaThread "stdout" [_thread_in_native, id=17660, stack(0x000000484f500000,0x000000484f600000)]
  0x000001cf9cfd2000 JavaThread "ForkJoinPool-1-worker-3" daemon [_thread_blocked, id=7052, stack(0x000000484f600000,0x000000484f700000)]
  0x000001cf9cfdc800 JavaThread "ForkJoinPool-1-worker-5" daemon [_thread_blocked, id=18872, stack(0x000000484f700000,0x000000484f800000)]
  0x000001cf9cfda000 JavaThread "ForkJoinPool-1-worker-7" daemon [_thread_blocked, id=15004, stack(0x000000484f800000,0x000000484f900000)]
  0x000001cf9cfdb000 JavaThread "ForkJoinPool-1-worker-9" daemon [_thread_blocked, id=2864, stack(0x000000484f900000,0x000000484fa00000)]
  0x000001cf9cfdc000 JavaThread "ForkJoinPool-1-worker-11" daemon [_thread_blocked, id=7832, stack(0x000000484fa00000,0x000000484fb00000)]
  0x000001cf9cfdd800 JavaThread "ForkJoinPool-1-worker-13" daemon [_thread_blocked, id=16104, stack(0x000000484fb00000,0x000000484fc00000)]
  0x000001cf9cfde000 JavaThread "ForkJoinPool-1-worker-15" daemon [_thread_blocked, id=14896, stack(0x000000484fc00000,0x000000484fd00000)]
  0x000001cf9cfd8800 JavaThread "ForkJoinPool-1-worker-1" daemon [_thread_blocked, id=12672, stack(0x000000484fd00000,0x000000484fe00000)]

Other Threads:
=>0x000001cfff4ff800 VMThread "VM Thread" [stack: 0x0000004846100000,0x0000004846200000] [id=15588]
  0x000001cf98bdc800 WatcherThread [stack: 0x0000004846b00000,0x0000004846c00000] [id=10832]
  0x000001cffd2f6800 GCTaskThread "GC Thread#0" [stack: 0x0000004845c00000,0x0000004845d00000] [id=18960]
  0x000001cf9962e000 GCTaskThread "GC Thread#1" [stack: 0x0000004846c00000,0x0000004846d00000] [id=9900]
  0x000001cf9955b800 GCTaskThread "GC Thread#2" [stack: 0x0000004846d00000,0x0000004846e00000] [id=3360]
  0x000001cf9a2f9000 GCTaskThread "GC Thread#3" [stack: 0x0000004847800000,0x0000004847900000] [id=10212]
  0x000001cf9a5fe800 GCTaskThread "GC Thread#4" [stack: 0x0000004847900000,0x0000004847a00000] [id=3424]
  0x000001cf9ab76800 GCTaskThread "GC Thread#5" [stack: 0x0000004847a00000,0x0000004847b00000] [id=308]
  0x000001cf9a088000 GCTaskThread "GC Thread#6" [stack: 0x0000004847b00000,0x0000004847c00000] [id=12656]
  0x000001cf9ab41000 GCTaskThread "GC Thread#7" [stack: 0x0000004847c00000,0x0000004847d00000] [id=3300]
  0x000001cffd328800 ConcurrentGCThread "G1 Main Marker" [stack: 0x0000004845d00000,0x0000004845e00000] [id=8512]
  0x000001cffd32a000 ConcurrentGCThread "G1 Conc#0" [stack: 0x0000004845e00000,0x0000004845f00000] [id=8664]
  0x000001cf98b4d800 ConcurrentGCThread "G1 Conc#1" [stack: 0x0000004848000000,0x0000004848100000] [id=14832]
  0x000001cfff350800 ConcurrentGCThread "G1 Refine#0" [stack: 0x0000004845f00000,0x0000004846000000] [id=17748]
  0x000001cfff351800 ConcurrentGCThread "G1 Young RemSet Sampling" [stack: 0x0000004846000000,0x0000004846100000] [id=13992]

Threads with active compile tasks:
C2 CompilerThread0  39473 12191       4       com.android.tools.r8.dex.j::e (664 bytes)

VM state:at safepoint (normal execution)

VM Mutex/Monitor currently owned by a thread:  ([mutex/lock_event])
[0x000001cffd2d9600] Threads_lock - owner thread: 0x000001cfff4ff800
[0x000001cffd2d8f40] Heap_lock - owner thread: 0x000001cf9cfdb000

Heap address: 0x0000000080000000, size: 2048 MB, Compressed Oops mode: 32-bit
Narrow klass base: 0x0000000000000000, Narrow klass shift: 3
Compressed class space size: 1073741824 Address: 0x0000000100000000

Heap:
 garbage-first heap   total 428032K, used 200984K [0x0000000080000000, 0x0000000100000000)
  region size 1024K, 2 young (2048K), 2 survivors (2048K)
 Metaspace       used 98626K, capacity 100862K, committed 101036K, reserved 1136640K
  class space    used 12903K, capacity 13780K, committed 13824K, reserved 1048576K
Heap Regions: E=young(eden), S=young(survivor), O=old, HS=humongous(starts), HC=humongous(continues), CS=collection set, F=free, A=archive, TAMS=top-at-mark-start (previous, next)
|   0|0x0000000080000000, 0x0000000080100000, 0x0000000080100000|100%| O|  |TAMS 0x0000000080100000, 0x0000000080000000| Updating 
|   1|0x0000000080100000, 0x0000000080200000, 0x0000000080200000|100%| O|  |TAMS 0x0000000080200000, 0x0000000080100000| Updating 
|   2|0x0000000080200000, 0x0000000080300000, 0x0000000080300000|100%| O|  |TAMS 0x0000000080300000, 0x0000000080200000| Updating 
|   3|0x0000000080300000, 0x0000000080400000, 0x0000000080400000|100%|HS|  |TAMS 0x0000000080400000, 0x0000000080300000| Complete 
|   4|0x0000000080400000, 0x0000000080500000, 0x0000000080500000|100%|HC|  |TAMS 0x0000000080500000, 0x0000000080400000| Complete 
|   5|0x0000000080500000, 0x0000000080600000, 0x0000000080600000|100%|HC|  |TAMS 0x0000000080600000, 0x0000000080500000| Complete 
|   6|0x0000000080600000, 0x0000000080700000, 0x0000000080700000|100%| O|  |TAMS 0x0000000080700000, 0x0000000080600000| Updating 
|   7|0x0000000080700000, 0x0000000080800000, 0x0000000080800000|100%| O|  |TAMS 0x0000000080800000, 0x0000000080700000| Updating 
|   8|0x0000000080800000, 0x0000000080900000, 0x0000000080900000|100%| O|  |TAMS 0x0000000080900000, 0x0000000080800000| Updating 
|   9|0x0000000080900000, 0x0000000080a00000, 0x0000000080a00000|100%| O|  |TAMS 0x0000000080a00000, 0x0000000080900000| Updating 
|  10|0x0000000080a00000, 0x0000000080b00000, 0x0000000080b00000|100%| O|  |TAMS 0x0000000080b00000, 0x0000000080a00000| Updating 
|  11|0x0000000080b00000, 0x0000000080c00000, 0x0000000080c00000|100%| O|  |TAMS 0x0000000080c00000, 0x0000000080b00000| Updating 
|  12|0x0000000080c00000, 0x0000000080d00000, 0x0000000080d00000|100%| O|  |TAMS 0x0000000080d00000, 0x0000000080c00000| Updating 
|  13|0x0000000080d00000, 0x0000000080e00000, 0x0000000080e00000|100%| O|  |TAMS 0x0000000080e00000, 0x0000000080d00000| Updating 
|  14|0x0000000080e00000, 0x0000000080f00000, 0x0000000080f00000|100%| O|  |TAMS 0x0000000080f00000, 0x0000000080e00000| Updating 
|  15|0x0000000080f00000, 0x0000000081000000, 0x0000000081000000|100%| O|  |TAMS 0x0000000081000000, 0x0000000080f00000| Updating 
|  16|0x0000000081000000, 0x0000000081100000, 0x0000000081100000|100%|HS|  |TAMS 0x0000000081100000, 0x0000000081000000| Complete 
|  17|0x0000000081100000, 0x0000000081200000, 0x0000000081200000|100%| O|  |TAMS 0x0000000081200000, 0x0000000081100000| Updating 
|  18|0x0000000081200000, 0x0000000081300000, 0x0000000081300000|100%| O|  |TAMS 0x0000000081300000, 0x0000000081200000| Updating 
|  19|0x0000000081300000, 0x0000000081400000, 0x0000000081400000|100%| O|  |TAMS 0x0000000081400000, 0x0000000081300000| Updating 
|  20|0x0000000081400000, 0x0000000081500000, 0x0000000081500000|100%| O|  |TAMS 0x0000000081500000, 0x0000000081400000| Updating 
|  21|0x0000000081500000, 0x0000000081600000, 0x0000000081600000|100%| O|  |TAMS 0x0000000081600000, 0x0000000081500000| Updating 
|  22|0x0000000081600000, 0x0000000081700000, 0x0000000081700000|100%| O|  |TAMS 0x0000000081700000, 0x0000000081600000| Updating 
|  23|0x0000000081700000, 0x0000000081800000, 0x0000000081800000|100%| O|  |TAMS 0x0000000081800000, 0x0000000081700000| Updating 
|  24|0x0000000081800000, 0x0000000081900000, 0x0000000081900000|100%| O|  |TAMS 0x0000000081900000, 0x0000000081800000| Updating 
|  25|0x0000000081900000, 0x0000000081a00000, 0x0000000081a00000|100%| O|  |TAMS 0x0000000081a00000, 0x0000000081900000| Updating 
|  26|0x0000000081a00000, 0x0000000081b00000, 0x0000000081b00000|100%| O|  |TAMS 0x0000000081b00000, 0x0000000081a00000| Updating 
|  27|0x0000000081b00000, 0x0000000081c00000, 0x0000000081c00000|100%| O|  |TAMS 0x0000000081c00000, 0x0000000081b00000| Updating 
|  28|0x0000000081c00000, 0x0000000081d00000, 0x0000000081d00000|100%|HS|  |TAMS 0x0000000081d00000, 0x0000000081c00000| Complete 
|  29|0x0000000081d00000, 0x0000000081e00000, 0x0000000081e00000|100%|HS|  |TAMS 0x0000000081e00000, 0x0000000081d00000| Complete 
|  30|0x0000000081e00000, 0x0000000081f00000, 0x0000000081f00000|100%|HS|  |TAMS 0x0000000081f00000, 0x0000000081e00000| Complete 
|  31|0x0000000081f00000, 0x0000000082000000, 0x0000000082000000|100%|HC|  |TAMS 0x0000000082000000, 0x0000000081f00000| Complete 
|  32|0x0000000082000000, 0x0000000082100000, 0x0000000082100000|100%|HC|  |TAMS 0x0000000082100000, 0x0000000082000000| Complete 
|  33|0x0000000082100000, 0x0000000082200000, 0x0000000082200000|100%|HS|  |TAMS 0x0000000082200000, 0x0000000082100000| Complete 
|  34|0x0000000082200000, 0x0000000082300000, 0x0000000082300000|100%|HC|  |TAMS 0x0000000082300000, 0x0000000082200000| Complete 
|  35|0x0000000082300000, 0x0000000082400000, 0x0000000082400000|100%| O|  |TAMS 0x0000000082400000, 0x0000000082300000| Updating 
|  36|0x0000000082400000, 0x0000000082500000, 0x0000000082500000|100%| O|  |TAMS 0x0000000082500000, 0x0000000082400000| Updating 
|  37|0x0000000082500000, 0x0000000082600000, 0x0000000082600000|100%| O|  |TAMS 0x0000000082600000, 0x0000000082500000| Updating 
|  38|0x0000000082600000, 0x0000000082700000, 0x0000000082700000|100%| O|  |TAMS 0x0000000082700000, 0x0000000082600000| Updating 
|  39|0x0000000082700000, 0x0000000082800000, 0x0000000082800000|100%| O|  |TAMS 0x0000000082800000, 0x0000000082700000| Updating 
|  40|0x0000000082800000, 0x0000000082900000, 0x0000000082900000|100%| O|  |TAMS 0x0000000082900000, 0x0000000082800000| Updating 
|  41|0x0000000082900000, 0x0000000082a00000, 0x0000000082a00000|100%| O|  |TAMS 0x0000000082a00000, 0x0000000082900000| Updating 
|  42|0x0000000082a00000, 0x0000000082b00000, 0x0000000082b00000|100%| O|  |TAMS 0x0000000082b00000, 0x0000000082a00000| Updating 
|  43|0x0000000082b00000, 0x0000000082c00000, 0x0000000082c00000|100%| O|  |TAMS 0x0000000082c00000, 0x0000000082b00000| Updating 
|  44|0x0000000082c00000, 0x0000000082d00000, 0x0000000082d00000|100%| O|  |TAMS 0x0000000082d00000, 0x0000000082c00000| Updating 
|  45|0x0000000082d00000, 0x0000000082e00000, 0x0000000082e00000|100%| O|  |TAMS 0x0000000082e00000, 0x0000000082d00000| Updating 
|  46|0x0000000082e00000, 0x0000000082f00000, 0x0000000082f00000|100%| O|  |TAMS 0x0000000082f00000, 0x0000000082e00000| Updating 
|  47|0x0000000082f00000, 0x0000000083000000, 0x0000000083000000|100%| O|  |TAMS 0x0000000083000000, 0x0000000082f00000| Updating 
|  48|0x0000000083000000, 0x0000000083100000, 0x0000000083100000|100%| O|  |TAMS 0x0000000083100000, 0x0000000083000000| Updating 
|  49|0x0000000083100000, 0x0000000083200000, 0x0000000083200000|100%| O|  |TAMS 0x0000000083200000, 0x0000000083100000| Updating 
|  50|0x0000000083200000, 0x0000000083300000, 0x0000000083300000|100%| O|  |TAMS 0x0000000083300000, 0x0000000083200000| Updating 
|  51|0x0000000083300000, 0x0000000083400000, 0x0000000083400000|100%| O|  |TAMS 0x0000000083400000, 0x0000000083300000| Updating 
|  52|0x0000000083400000, 0x0000000083500000, 0x0000000083500000|100%| O|  |TAMS 0x0000000083500000, 0x0000000083400000| Updating 
|  53|0x0000000083500000, 0x0000000083600000, 0x0000000083600000|100%| O|  |TAMS 0x0000000083600000, 0x0000000083500000| Updating 
|  54|0x0000000083600000, 0x0000000083700000, 0x0000000083700000|100%| O|  |TAMS 0x0000000083700000, 0x0000000083600000| Updating 
|  55|0x0000000083700000, 0x0000000083800000, 0x0000000083800000|100%| O|  |TAMS 0x0000000083800000, 0x0000000083700000| Updating 
|  56|0x0000000083800000, 0x0000000083900000, 0x0000000083900000|100%| O|  |TAMS 0x0000000083900000, 0x0000000083800000| Updating 
|  57|0x0000000083900000, 0x0000000083a00000, 0x0000000083a00000|100%| O|  |TAMS 0x0000000083a00000, 0x0000000083900000| Updating 
|  58|0x0000000083a00000, 0x0000000083b00000, 0x0000000083b00000|100%| O|  |TAMS 0x0000000083b00000, 0x0000000083a00000| Updating 
|  59|0x0000000083b00000, 0x0000000083c00000, 0x0000000083c00000|100%| O|  |TAMS 0x0000000083c00000, 0x0000000083b00000| Updating 
|  60|0x0000000083c00000, 0x0000000083d00000, 0x0000000083d00000|100%| O|  |TAMS 0x0000000083d00000, 0x0000000083c00000| Updating 
|  61|0x0000000083d00000, 0x0000000083e00000, 0x0000000083e00000|100%| O|  |TAMS 0x0000000083e00000, 0x0000000083d00000| Updating 
|  62|0x0000000083e00000, 0x0000000083f00000, 0x0000000083f00000|100%| O|  |TAMS 0x0000000083f00000, 0x0000000083e00000| Updating 
|  63|0x0000000083f00000, 0x0000000084000000, 0x0000000084000000|100%| O|  |TAMS 0x0000000084000000, 0x0000000083f00000| Updating 
|  64|0x0000000084000000, 0x0000000084100000, 0x0000000084100000|100%| O|  |TAMS 0x0000000084100000, 0x0000000084000000| Updating 
|  65|0x0000000084100000, 0x0000000084200000, 0x0000000084200000|100%| O|  |TAMS 0x0000000084200000, 0x0000000084100000| Updating 
|  66|0x0000000084200000, 0x0000000084300000, 0x0000000084300000|100%| O|  |TAMS 0x0000000084300000, 0x0000000084200000| Updating 
|  67|0x0000000084300000, 0x0000000084400000, 0x0000000084400000|100%| O|  |TAMS 0x0000000084400000, 0x0000000084300000| Updating 
|  68|0x0000000084400000, 0x0000000084500000, 0x0000000084500000|100%| O|  |TAMS 0x0000000084500000, 0x0000000084400000| Updating 
|  69|0x0000000084500000, 0x0000000084600000, 0x0000000084600000|100%| O|  |TAMS 0x0000000084600000, 0x0000000084500000| Updating 
|  70|0x0000000084600000, 0x0000000084700000, 0x0000000084700000|100%| O|  |TAMS 0x0000000084700000, 0x0000000084600000| Updating 
|  71|0x0000000084700000, 0x0000000084800000, 0x0000000084800000|100%| O|  |TAMS 0x0000000084800000, 0x0000000084700000| Updating 
|  72|0x0000000084800000, 0x0000000084900000, 0x0000000084900000|100%| O|  |TAMS 0x0000000084900000, 0x0000000084800000| Updating 
|  73|0x0000000084900000, 0x0000000084a00000, 0x0000000084a00000|100%| O|  |TAMS 0x0000000084a00000, 0x0000000084900000| Updating 
|  74|0x0000000084a00000, 0x0000000084b00000, 0x0000000084b00000|100%| O|  |TAMS 0x0000000084b00000, 0x0000000084a00000| Updating 
|  75|0x0000000084b00000, 0x0000000084c00000, 0x0000000084c00000|100%| O|  |TAMS 0x0000000084c00000, 0x0000000084b00000| Updating 
|  76|0x0000000084c00000, 0x0000000084d00000, 0x0000000084d00000|100%| O|  |TAMS 0x0000000084d00000, 0x0000000084c00000| Updating 
|  77|0x0000000084d00000, 0x0000000084e00000, 0x0000000084e00000|100%| O|  |TAMS 0x0000000084e00000, 0x0000000084d00000| Updating 
|  78|0x0000000084e00000, 0x0000000084f00000, 0x0000000084f00000|100%| O|  |TAMS 0x0000000084f00000, 0x0000000084e00000| Updating 
|  79|0x0000000084f00000, 0x0000000085000000, 0x0000000085000000|100%| O|  |TAMS 0x0000000085000000, 0x0000000084f00000| Updating 
|  80|0x0000000085000000, 0x0000000085100000, 0x0000000085100000|100%| O|  |TAMS 0x0000000085100000, 0x0000000085000000| Updating 
|  81|0x0000000085100000, 0x0000000085200000, 0x0000000085200000|100%| O|  |TAMS 0x0000000085200000, 0x0000000085100000| Updating 
|  82|0x0000000085200000, 0x0000000085300000, 0x0000000085300000|100%| O|  |TAMS 0x0000000085300000, 0x0000000085200000| Updating 
|  83|0x0000000085300000, 0x0000000085400000, 0x0000000085400000|100%| O|  |TAMS 0x0000000085400000, 0x0000000085300000| Updating 
|  84|0x0000000085400000, 0x0000000085500000, 0x0000000085500000|100%| O|  |TAMS 0x0000000085500000, 0x0000000085400000| Updating 
|  85|0x0000000085500000, 0x0000000085600000, 0x0000000085600000|100%| O|  |TAMS 0x0000000085600000, 0x0000000085500000| Updating 
|  86|0x0000000085600000, 0x0000000085700000, 0x0000000085700000|100%| O|  |TAMS 0x0000000085700000, 0x0000000085600000| Updating 
|  87|0x0000000085700000, 0x0000000085800000, 0x0000000085800000|100%| O|  |TAMS 0x0000000085800000, 0x0000000085700000| Updating 
|  88|0x0000000085800000, 0x0000000085900000, 0x0000000085900000|100%| O|  |TAMS 0x0000000085900000, 0x0000000085800000| Updating 
|  89|0x0000000085900000, 0x0000000085a00000, 0x0000000085a00000|100%| O|  |TAMS 0x0000000085a00000, 0x0000000085900000| Updating 
|  90|0x0000000085a00000, 0x0000000085b00000, 0x0000000085b00000|100%|HS|  |TAMS 0x0000000085b00000, 0x0000000085a00000| Complete 
|  91|0x0000000085b00000, 0x0000000085c00000, 0x0000000085c00000|100%|HS|  |TAMS 0x0000000085c00000, 0x0000000085b00000| Complete 
|  92|0x0000000085c00000, 0x0000000085d00000, 0x0000000085d00000|100%|HC|  |TAMS 0x0000000085d00000, 0x0000000085c00000| Complete 
|  93|0x0000000085d00000, 0x0000000085e00000, 0x0000000085e00000|100%|HS|  |TAMS 0x0000000085e00000, 0x0000000085d00000| Complete 
|  94|0x0000000085e00000, 0x0000000085f00000, 0x0000000085f00000|100%|HC|  |TAMS 0x0000000085f00000, 0x0000000085e00000| Complete 
|  95|0x0000000085f00000, 0x0000000086000000, 0x0000000086000000|100%|HS|  |TAMS 0x0000000086000000, 0x0000000085f00000| Complete 
|  96|0x0000000086000000, 0x0000000086100000, 0x0000000086100000|100%|HS|  |TAMS 0x0000000086100000, 0x0000000086000000| Complete 
|  97|0x0000000086100000, 0x0000000086200000, 0x0000000086200000|100%|HS|  |TAMS 0x0000000086200000, 0x0000000086100000| Complete 
|  98|0x0000000086200000, 0x0000000086300000, 0x0000000086300000|100%|HC|  |TAMS 0x0000000086300000, 0x0000000086200000| Complete 
|  99|0x0000000086300000, 0x0000000086400000, 0x0000000086400000|100%|HS|  |TAMS 0x0000000086400000, 0x0000000086300000| Complete 
| 100|0x0000000086400000, 0x0000000086500000, 0x0000000086500000|100%|HC|  |TAMS 0x0000000086500000, 0x0000000086400000| Complete 
| 101|0x0000000086500000, 0x0000000086600000, 0x0000000086600000|100%|HC|  |TAMS 0x0000000086600000, 0x0000000086500000| Complete 
| 102|0x0000000086600000, 0x0000000086700000, 0x0000000086700000|100%| O|  |TAMS 0x0000000086700000, 0x0000000086600000| Updating 
| 103|0x0000000086700000, 0x0000000086800000, 0x0000000086800000|100%| O|  |TAMS 0x0000000086800000, 0x0000000086700000| Updating 
| 104|0x0000000086800000, 0x0000000086900000, 0x0000000086900000|100%| O|  |TAMS 0x0000000086900000, 0x0000000086800000| Updating 
| 105|0x0000000086900000, 0x0000000086a00000, 0x0000000086a00000|100%| O|  |TAMS 0x0000000086a00000, 0x0000000086900000| Updating 
| 106|0x0000000086a00000, 0x0000000086b00000, 0x0000000086b00000|100%| O|  |TAMS 0x0000000086b00000, 0x0000000086a00000| Updating 
| 107|0x0000000086b00000, 0x0000000086c00000, 0x0000000086c00000|100%| O|  |TAMS 0x0000000086c00000, 0x0000000086b00000| Updating 
| 108|0x0000000086c00000, 0x0000000086d00000, 0x0000000086d00000|100%| O|  |TAMS 0x0000000086d00000, 0x0000000086c00000| Updating 
| 109|0x0000000086d00000, 0x0000000086e00000, 0x0000000086e00000|100%|HS|  |TAMS 0x0000000086e00000, 0x0000000086d00000| Complete 
| 110|0x0000000086e00000, 0x0000000086f00000, 0x0000000086f00000|100%| O|  |TAMS 0x0000000086f00000, 0x0000000086e00000| Updating 
| 111|0x0000000086f00000, 0x0000000087000000, 0x0000000087000000|100%| O|  |TAMS 0x0000000087000000, 0x0000000086f00000| Updating 
| 112|0x0000000087000000, 0x0000000087100000, 0x0000000087100000|100%| O|  |TAMS 0x0000000087100000, 0x0000000087000000| Updating 
| 113|0x0000000087100000, 0x0000000087200000, 0x0000000087200000|100%|HS|  |TAMS 0x0000000087200000, 0x0000000087100000| Complete 
| 114|0x0000000087200000, 0x0000000087300000, 0x0000000087300000|100%|HC|  |TAMS 0x0000000087300000, 0x0000000087200000| Complete 
| 115|0x0000000087300000, 0x0000000087400000, 0x0000000087400000|100%| O|  |TAMS 0x0000000087400000, 0x0000000087300000| Updating 
| 116|0x0000000087400000, 0x0000000087500000, 0x0000000087500000|100%| O|  |TAMS 0x0000000087500000, 0x0000000087400000| Updating 
| 117|0x0000000087500000, 0x0000000087600000, 0x0000000087600000|100%| O|  |TAMS 0x0000000087600000, 0x0000000087500000| Updating 
| 118|0x0000000087600000, 0x0000000087700000, 0x0000000087700000|100%|HS|  |TAMS 0x0000000087700000, 0x0000000087600000| Complete 
| 119|0x0000000087700000, 0x0000000087800000, 0x0000000087800000|100%|HC|  |TAMS 0x0000000087800000, 0x0000000087700000| Complete 
| 120|0x0000000087800000, 0x0000000087900000, 0x0000000087900000|100%| O|  |TAMS 0x0000000087900000, 0x0000000087800000| Updating 
| 121|0x0000000087900000, 0x0000000087a00000, 0x0000000087a00000|100%|HS|  |TAMS 0x0000000087a00000, 0x0000000087900000| Complete 
| 122|0x0000000087a00000, 0x0000000087b00000, 0x0000000087b00000|100%| O|  |TAMS 0x0000000087b00000, 0x0000000087a00000| Updating 
| 123|0x0000000087b00000, 0x0000000087c00000, 0x0000000087c00000|100%|HS|  |TAMS 0x0000000087c00000, 0x0000000087b00000| Complete 
| 124|0x0000000087c00000, 0x0000000087d00000, 0x0000000087d00000|100%|HS|  |TAMS 0x0000000087d00000, 0x0000000087c00000| Complete 
| 125|0x0000000087d00000, 0x0000000087e00000, 0x0000000087e00000|100%|HS|  |TAMS 0x0000000087e00000, 0x0000000087d00000| Complete 
| 126|0x0000000087e00000, 0x0000000087f00000, 0x0000000087f00000|100%| O|  |TAMS 0x0000000087f00000, 0x0000000087e00000| Updating 
| 127|0x0000000087f00000, 0x0000000088000000, 0x0000000088000000|100%|HS|  |TAMS 0x0000000088000000, 0x0000000087f00000| Complete 
| 128|0x0000000088000000, 0x0000000088100000, 0x0000000088100000|100%|HC|  |TAMS 0x0000000088100000, 0x0000000088000000| Complete 
| 129|0x0000000088100000, 0x0000000088200000, 0x0000000088200000|100%| O|  |TAMS 0x0000000088200000, 0x0000000088100000| Updating 
| 130|0x0000000088200000, 0x0000000088300000, 0x0000000088300000|100%| O|  |TAMS 0x0000000088300000, 0x0000000088200000| Updating 
| 131|0x0000000088300000, 0x0000000088400000, 0x0000000088400000|100%| O|  |TAMS 0x0000000088400000, 0x0000000088300000| Updating 
| 132|0x0000000088400000, 0x0000000088500000, 0x0000000088500000|100%| O|  |TAMS 0x0000000088500000, 0x0000000088400000| Updating 
| 133|0x0000000088500000, 0x0000000088600000, 0x0000000088600000|100%| O|  |TAMS 0x0000000088600000, 0x0000000088500000| Updating 
| 134|0x0000000088600000, 0x0000000088700000, 0x0000000088700000|100%| O|  |TAMS 0x0000000088700000, 0x0000000088600000| Updating 
| 135|0x0000000088700000, 0x0000000088800000, 0x0000000088800000|100%|HS|  |TAMS 0x0000000088800000, 0x0000000088700000| Complete 
| 136|0x0000000088800000, 0x0000000088900000, 0x0000000088900000|100%|HC|  |TAMS 0x0000000088900000, 0x0000000088800000| Complete 
| 137|0x0000000088900000, 0x0000000088a00000, 0x0000000088a00000|100%|HC|  |TAMS 0x0000000088a00000, 0x0000000088900000| Complete 
| 138|0x0000000088a00000, 0x0000000088b00000, 0x0000000088b00000|100%| O|  |TAMS 0x0000000088b00000, 0x0000000088a00000| Updating 
| 139|0x0000000088b00000, 0x0000000088c00000, 0x0000000088c00000|100%| O|  |TAMS 0x0000000088c00000, 0x0000000088b00000| Updating 
| 140|0x0000000088c00000, 0x0000000088d00000, 0x0000000088d00000|100%| O|  |TAMS 0x0000000088d00000, 0x0000000088c00000| Updating 
| 141|0x0000000088d00000, 0x0000000088e00000, 0x0000000088e00000|100%| O|  |TAMS 0x0000000088e00000, 0x0000000088d00000| Updating 
| 142|0x0000000088e00000, 0x0000000088f00000, 0x0000000088f00000|100%| O|  |TAMS 0x0000000088f00000, 0x0000000088e00000| Updating 
| 143|0x0000000088f00000, 0x0000000089000000, 0x0000000089000000|100%| O|  |TAMS 0x0000000089000000, 0x0000000088f00000| Updating 
| 144|0x0000000089000000, 0x0000000089100000, 0x0000000089100000|100%| O|  |TAMS 0x0000000089100000, 0x0000000089000000| Updating 
| 145|0x0000000089100000, 0x0000000089200000, 0x0000000089200000|100%| O|  |TAMS 0x0000000089200000, 0x0000000089100000| Updating 
| 146|0x0000000089200000, 0x0000000089300000, 0x0000000089300000|100%| O|  |TAMS 0x0000000089300000, 0x0000000089200000| Updating 
| 147|0x0000000089300000, 0x0000000089400000, 0x0000000089400000|100%| O|  |TAMS 0x0000000089400000, 0x0000000089300000| Updating 
| 148|0x0000000089400000, 0x0000000089500000, 0x0000000089500000|100%| O|  |TAMS 0x0000000089500000, 0x0000000089400000| Updating 
| 149|0x0000000089500000, 0x0000000089600000, 0x0000000089600000|100%| O|  |TAMS 0x0000000089600000, 0x0000000089500000| Updating 
| 150|0x0000000089600000, 0x0000000089700000, 0x0000000089700000|100%| O|  |TAMS 0x0000000089700000, 0x0000000089600000| Updating 
| 151|0x0000000089700000, 0x0000000089800000, 0x0000000089800000|100%| O|  |TAMS 0x0000000089800000, 0x0000000089700000| Updating 
| 152|0x0000000089800000, 0x0000000089900000, 0x0000000089900000|100%| O|  |TAMS 0x0000000089900000, 0x0000000089800000| Updating 
| 153|0x0000000089900000, 0x0000000089a00000, 0x0000000089a00000|100%| O|  |TAMS 0x0000000089a00000, 0x0000000089900000| Updating 
| 154|0x0000000089a00000, 0x0000000089b00000, 0x0000000089b00000|100%| O|  |TAMS 0x0000000089b00000, 0x0000000089a00000| Updating 
| 155|0x0000000089b00000, 0x0000000089c00000, 0x0000000089c00000|100%| O|  |TAMS 0x0000000089c00000, 0x0000000089b00000| Updating 
| 156|0x0000000089c00000, 0x0000000089d00000, 0x0000000089d00000|100%| O|  |TAMS 0x0000000089d00000, 0x0000000089c00000| Updating 
| 157|0x0000000089d00000, 0x0000000089e00000, 0x0000000089e00000|100%| O|  |TAMS 0x0000000089e00000, 0x0000000089d00000| Updating 
| 158|0x0000000089e00000, 0x0000000089f00000, 0x0000000089f00000|100%| O|  |TAMS 0x0000000089f00000, 0x0000000089e00000| Updating 
| 159|0x0000000089f00000, 0x000000008a000000, 0x000000008a000000|100%| O|  |TAMS 0x000000008a000000, 0x0000000089f00000| Updating 
| 160|0x000000008a000000, 0x000000008a100000, 0x000000008a100000|100%| O|  |TAMS 0x000000008a100000, 0x000000008a000000| Updating 
| 161|0x000000008a100000, 0x000000008a200000, 0x000000008a200000|100%| O|  |TAMS 0x000000008a200000, 0x000000008a100000| Updating 
| 162|0x000000008a200000, 0x000000008a300000, 0x000000008a300000|100%| O|  |TAMS 0x000000008a300000, 0x000000008a200000| Updating 
| 163|0x000000008a300000, 0x000000008a400000, 0x000000008a400000|100%| O|  |TAMS 0x000000008a400000, 0x000000008a300000| Updating 
| 164|0x000000008a400000, 0x000000008a500000, 0x000000008a500000|100%| O|  |TAMS 0x000000008a500000, 0x000000008a400000| Updating 
| 165|0x000000008a500000, 0x000000008a600000, 0x000000008a600000|100%| O|  |TAMS 0x000000008a600000, 0x000000008a500000| Updating 
| 166|0x000000008a600000, 0x000000008a700000, 0x000000008a700000|100%| O|  |TAMS 0x000000008a700000, 0x000000008a600000| Updating 
| 167|0x000000008a700000, 0x000000008a800000, 0x000000008a800000|100%| O|  |TAMS 0x000000008a800000, 0x000000008a700000| Updating 
| 168|0x000000008a800000, 0x000000008a900000, 0x000000008a900000|100%| O|  |TAMS 0x000000008a8a2a00, 0x000000008a800000| Updating 
| 169|0x000000008a900000, 0x000000008aa00000, 0x000000008aa00000|100%| O|  |TAMS 0x000000008a900000, 0x000000008a900000| Untracked 
| 170|0x000000008aa00000, 0x000000008ab00000, 0x000000008ab00000|100%| O|  |TAMS 0x000000008aa00000, 0x000000008aa00000| Untracked 
| 171|0x000000008ab00000, 0x000000008ac00000, 0x000000008ac00000|100%| O|  |TAMS 0x000000008ab00000, 0x000000008ab00000| Untracked 
| 172|0x000000008ac00000, 0x000000008ad00000, 0x000000008ad00000|100%| O|  |TAMS 0x000000008ac00000, 0x000000008ac00000| Untracked 
| 173|0x000000008ad00000, 0x000000008ae00000, 0x000000008ae00000|100%| O|  |TAMS 0x000000008ad00000, 0x000000008ad00000| Untracked 
| 174|0x000000008ae00000, 0x000000008af00000, 0x000000008af00000|100%| O|  |TAMS 0x000000008ae00000, 0x000000008ae00000| Untracked 
| 175|0x000000008af00000, 0x000000008b000000, 0x000000008b000000|100%| O|  |TAMS 0x000000008af00000, 0x000000008af00000| Untracked 
| 176|0x000000008b000000, 0x000000008b100000, 0x000000008b100000|100%| O|  |TAMS 0x000000008b000000, 0x000000008b000000| Untracked 
| 177|0x000000008b100000, 0x000000008b200000, 0x000000008b200000|100%| O|  |TAMS 0x000000008b100000, 0x000000008b100000| Untracked 
| 178|0x000000008b200000, 0x000000008b300000, 0x000000008b300000|100%| O|  |TAMS 0x000000008b200000, 0x000000008b200000| Untracked 
| 179|0x000000008b300000, 0x000000008b400000, 0x000000008b400000|100%| O|  |TAMS 0x000000008b300000, 0x000000008b300000| Untracked 
| 180|0x000000008b400000, 0x000000008b500000, 0x000000008b500000|100%| O|  |TAMS 0x000000008b400000, 0x000000008b400000| Untracked 
| 181|0x000000008b500000, 0x000000008b600000, 0x000000008b600000|100%| O|  |TAMS 0x000000008b500000, 0x000000008b500000| Untracked 
| 182|0x000000008b600000, 0x000000008b700000, 0x000000008b700000|100%| O|  |TAMS 0x000000008b600000, 0x000000008b600000| Untracked 
| 183|0x000000008b700000, 0x000000008b800000, 0x000000008b800000|100%| O|  |TAMS 0x000000008b700000, 0x000000008b700000| Untracked 
| 184|0x000000008b800000, 0x000000008b900000, 0x000000008b900000|100%| O|  |TAMS 0x000000008b800000, 0x000000008b800000| Untracked 
| 185|0x000000008b900000, 0x000000008ba00000, 0x000000008ba00000|100%| O|  |TAMS 0x000000008b900000, 0x000000008b900000| Untracked 
| 186|0x000000008ba00000, 0x000000008bb00000, 0x000000008bb00000|100%| O|  |TAMS 0x000000008ba00000, 0x000000008ba00000| Untracked 
| 187|0x000000008bb00000, 0x000000008bc00000, 0x000000008bc00000|100%| O|  |TAMS 0x000000008bc00000, 0x000000008bb00000| Updating 
| 188|0x000000008bc00000, 0x000000008bd00000, 0x000000008bd00000|100%| O|  |TAMS 0x000000008bd00000, 0x000000008bc00000| Updating 
| 189|0x000000008bd00000, 0x000000008be00000, 0x000000008be00000|100%| O|  |TAMS 0x000000008be00000, 0x000000008bd00000| Updating 
| 190|0x000000008be00000, 0x000000008bf00000, 0x000000008bf00000|100%| O|  |TAMS 0x000000008bf00000, 0x000000008be00000| Updating 
| 191|0x000000008bf00000, 0x000000008c000000, 0x000000008c000000|100%| O|  |TAMS 0x000000008c000000, 0x000000008bf00000| Updating 
| 192|0x000000008c000000, 0x000000008c100000, 0x000000008c100000|100%| O|  |TAMS 0x000000008c100000, 0x000000008c000000| Updating 
| 193|0x000000008c100000, 0x000000008c200000, 0x000000008c200000|100%| O|  |TAMS 0x000000008c100000, 0x000000008c100000| Untracked 
| 194|0x000000008c200000, 0x000000008c246200, 0x000000008c300000| 27%| O|  |TAMS 0x000000008c200000, 0x000000008c200000| Untracked 
| 195|0x000000008c300000, 0x000000008c300000, 0x000000008c400000|  0%| F|  |TAMS 0x000000008c300000, 0x000000008c300000| Untracked 
| 196|0x000000008c400000, 0x000000008c400000, 0x000000008c500000|  0%| F|  |TAMS 0x000000008c400000, 0x000000008c400000| Untracked 
| 197|0x000000008c500000, 0x000000008c500000, 0x000000008c600000|  0%| F|  |TAMS 0x000000008c500000, 0x000000008c500000| Untracked 
| 198|0x000000008c600000, 0x000000008c600000, 0x000000008c700000|  0%| F|  |TAMS 0x000000008c600000, 0x000000008c600000| Untracked 
| 199|0x000000008c700000, 0x000000008c700000, 0x000000008c800000|  0%| F|  |TAMS 0x000000008c700000, 0x000000008c700000| Untracked 
| 200|0x000000008c800000, 0x000000008c800000, 0x000000008c900000|  0%| F|  |TAMS 0x000000008c800000, 0x000000008c800000| Untracked 
| 201|0x000000008c900000, 0x000000008c900000, 0x000000008ca00000|  0%| F|  |TAMS 0x000000008c900000, 0x000000008c900000| Untracked 
| 202|0x000000008ca00000, 0x000000008ca00000, 0x000000008cb00000|  0%| F|  |TAMS 0x000000008ca00000, 0x000000008ca00000| Untracked 
| 203|0x000000008cb00000, 0x000000008cb00000, 0x000000008cc00000|  0%| F|  |TAMS 0x000000008cb00000, 0x000000008cb00000| Untracked 
| 204|0x000000008cc00000, 0x000000008cc00000, 0x000000008cd00000|  0%| F|  |TAMS 0x000000008cc00000, 0x000000008cc00000| Untracked 
| 205|0x000000008cd00000, 0x000000008cd00000, 0x000000008ce00000|  0%| F|  |TAMS 0x000000008cd00000, 0x000000008cd00000| Untracked 
| 206|0x000000008ce00000, 0x000000008ce00000, 0x000000008cf00000|  0%| F|  |TAMS 0x000000008ce00000, 0x000000008ce00000| Untracked 
| 207|0x000000008cf00000, 0x000000008cf00000, 0x000000008d000000|  0%| F|  |TAMS 0x000000008cf00000, 0x000000008cf00000| Untracked 
| 208|0x000000008d000000, 0x000000008d000000, 0x000000008d100000|  0%| F|  |TAMS 0x000000008d000000, 0x000000008d000000| Untracked 
| 209|0x000000008d100000, 0x000000008d100000, 0x000000008d200000|  0%| F|  |TAMS 0x000000008d100000, 0x000000008d100000| Untracked 
| 210|0x000000008d200000, 0x000000008d200000, 0x000000008d300000|  0%| F|  |TAMS 0x000000008d200000, 0x000000008d200000| Untracked 
| 211|0x000000008d300000, 0x000000008d300000, 0x000000008d400000|  0%| F|  |TAMS 0x000000008d300000, 0x000000008d300000| Untracked 
| 212|0x000000008d400000, 0x000000008d400000, 0x000000008d500000|  0%| F|  |TAMS 0x000000008d400000, 0x000000008d400000| Untracked 
| 213|0x000000008d500000, 0x000000008d500000, 0x000000008d600000|  0%| F|  |TAMS 0x000000008d500000, 0x000000008d500000| Untracked 
| 214|0x000000008d600000, 0x000000008d600000, 0x000000008d700000|  0%| F|  |TAMS 0x000000008d600000, 0x000000008d600000| Untracked 
| 215|0x000000008d700000, 0x000000008d700000, 0x000000008d800000|  0%| F|  |TAMS 0x000000008d700000, 0x000000008d700000| Untracked 
| 216|0x000000008d800000, 0x000000008d800000, 0x000000008d900000|  0%| F|  |TAMS 0x000000008d800000, 0x000000008d800000| Untracked 
| 217|0x000000008d900000, 0x000000008d900000, 0x000000008da00000|  0%| F|  |TAMS 0x000000008d900000, 0x000000008d900000| Untracked 
| 218|0x000000008da00000, 0x000000008da00000, 0x000000008db00000|  0%| F|  |TAMS 0x000000008da00000, 0x000000008da00000| Untracked 
| 219|0x000000008db00000, 0x000000008db00000, 0x000000008dc00000|  0%| F|  |TAMS 0x000000008db00000, 0x000000008db00000| Untracked 
| 220|0x000000008dc00000, 0x000000008dc00000, 0x000000008dd00000|  0%| F|  |TAMS 0x000000008dc00000, 0x000000008dc00000| Untracked 
| 221|0x000000008dd00000, 0x000000008dd00000, 0x000000008de00000|  0%| F|  |TAMS 0x000000008dd00000, 0x000000008dd00000| Untracked 
| 222|0x000000008de00000, 0x000000008de00000, 0x000000008df00000|  0%| F|  |TAMS 0x000000008de00000, 0x000000008de00000| Untracked 
| 223|0x000000008df00000, 0x000000008df00000, 0x000000008e000000|  0%| F|  |TAMS 0x000000008df00000, 0x000000008df00000| Untracked 
| 224|0x000000008e000000, 0x000000008e000000, 0x000000008e100000|  0%| F|  |TAMS 0x000000008e000000, 0x000000008e000000| Untracked 
| 225|0x000000008e100000, 0x000000008e100000, 0x000000008e200000|  0%| F|  |TAMS 0x000000008e100000, 0x000000008e100000| Untracked 
| 226|0x000000008e200000, 0x000000008e200000, 0x000000008e300000|  0%| F|  |TAMS 0x000000008e200000, 0x000000008e200000| Untracked 
| 227|0x000000008e300000, 0x000000008e300000, 0x000000008e400000|  0%| F|  |TAMS 0x000000008e300000, 0x000000008e300000| Untracked 
| 228|0x000000008e400000, 0x000000008e500000, 0x000000008e500000|100%| S|CS|TAMS 0x000000008e400000, 0x000000008e400000| Complete 
| 229|0x000000008e500000, 0x000000008e600000, 0x000000008e600000|100%| S|CS|TAMS 0x000000008e500000, 0x000000008e500000| Complete 
| 230|0x000000008e600000, 0x000000008e600000, 0x000000008e700000|  0%| F|  |TAMS 0x000000008e600000, 0x000000008e600000| Untracked 
| 231|0x000000008e700000, 0x000000008e700000, 0x000000008e800000|  0%| F|  |TAMS 0x000000008e700000, 0x000000008e700000| Untracked 
| 232|0x000000008e800000, 0x000000008e800000, 0x000000008e900000|  0%| F|  |TAMS 0x000000008e800000, 0x000000008e800000| Untracked 
| 233|0x000000008e900000, 0x000000008e900000, 0x000000008ea00000|  0%| F|  |TAMS 0x000000008e900000, 0x000000008e900000| Untracked 
| 234|0x000000008ea00000, 0x000000008ea00000, 0x000000008eb00000|  0%| F|  |TAMS 0x000000008ea00000, 0x000000008ea00000| Untracked 
| 235|0x000000008eb00000, 0x000000008eb00000, 0x000000008ec00000|  0%| F|  |TAMS 0x000000008eb00000, 0x000000008eb00000| Untracked 
| 236|0x000000008ec00000, 0x000000008ec00000, 0x000000008ed00000|  0%| F|  |TAMS 0x000000008ec00000, 0x000000008ec00000| Untracked 
| 237|0x000000008ed00000, 0x000000008ed00000, 0x000000008ee00000|  0%| F|  |TAMS 0x000000008ed00000, 0x000000008ed00000| Untracked 
| 238|0x000000008ee00000, 0x000000008ee00000, 0x000000008ef00000|  0%| F|  |TAMS 0x000000008ee00000, 0x000000008ee00000| Untracked 
| 239|0x000000008ef00000, 0x000000008ef00000, 0x000000008f000000|  0%| F|  |TAMS 0x000000008ef00000, 0x000000008ef00000| Untracked 
| 240|0x000000008f000000, 0x000000008f000000, 0x000000008f100000|  0%| F|  |TAMS 0x000000008f000000, 0x000000008f000000| Untracked 
| 241|0x000000008f100000, 0x000000008f100000, 0x000000008f200000|  0%| F|  |TAMS 0x000000008f100000, 0x000000008f100000| Untracked 
| 242|0x000000008f200000, 0x000000008f200000, 0x000000008f300000|  0%| F|  |TAMS 0x000000008f200000, 0x000000008f200000| Untracked 

Card table byte_map: [0x000001cffe220000,0x000001cffe620000] _byte_map_base: 0x000001cffde20000

Marking Bits (Prev, Next): (CMBitMap*) 0x000001cffd31f950, (CMBitMap*) 0x000001cffd31f918
 Prev Bits: [0x000001cf94a30000, 0x000001cf96a30000)
 Next Bits: [0x000001cf92a30000, 0x000001cf94a30000)

Polling page: 0x000001cffbae0000

Metaspace:

Usage:
  Non-class:     85.04 MB capacity,    83.71 MB ( 98%) used,     1.05 MB (  1%) free+waste,   279.63 KB ( <1%) overhead. 
      Class:     13.46 MB capacity,    12.60 MB ( 94%) used,   751.38 KB (  5%) free+waste,   125.13 KB ( <1%) overhead. 
       Both:     98.50 MB capacity,    96.31 MB ( 98%) used,     1.79 MB (  2%) free+waste,   404.75 KB ( <1%) overhead. 

Virtual space:
  Non-class space:       86.00 MB reserved,      85.17 MB (>99%) committed 
      Class space:        1.00 GB reserved,      13.50 MB (  1%) committed 
             Both:        1.08 GB reserved,      98.67 MB (  9%) committed 

Chunk freelists:
   Non-Class:  2.00 KB
       Class:  12.00 KB
        Both:  14.00 KB

MaxMetaspaceSize: 17179869184.00 GB
CompressedClassSpaceSize: 1.00 GB
Initial GC threshold: 20.80 MB
Current GC threshold: 164.45 MB
CDS: off

CodeHeap 'non-profiled nmethods': size=120000Kb used=5406Kb max_used=5406Kb free=114593Kb
 bounds [0x000001cf8b500000, 0x000001cf8ba50000, 0x000001cf92a30000]
CodeHeap 'profiled nmethods': size=120000Kb used=24467Kb max_used=24467Kb free=95532Kb
 bounds [0x000001cf83fd0000, 0x000001cf857c0000, 0x000001cf8b500000]
CodeHeap 'non-nmethods': size=5760Kb used=2412Kb max_used=2461Kb free=3347Kb
 bounds [0x000001cf83a30000, 0x000001cf83ca0000, 0x000001cf83fd0000]
 total_blobs=12806 nmethods=11882 adapters=835
 compilation: enabled
              stopped_count=0, restarted_count=0
 full_count=0

Compilation events (20 events):
Event: 39.352 Thread 0x000001cfff525800 12311       2       com.android.tools.r8.code.n2::<init> (7 bytes)
Event: 39.352 Thread 0x000001cfff525800 nmethod 12311 0x000001cf857b1910 code [0x000001cf857b1ae0, 0x000001cf857b1ca8]
Event: 39.352 Thread 0x000001cfff525800 12275       2       com.android.tools.r8.code.m3::<init> (13 bytes)
Event: 39.353 Thread 0x000001cfff525800 nmethod 12275 0x000001cf857b1e10 code [0x000001cf857b1fe0, 0x000001cf857b2248]
Event: 39.353 Thread 0x000001cfff525800 12306       2       com.android.tools.r8.code.I2::<init> (13 bytes)
Event: 39.353 Thread 0x000001cfff525800 nmethod 12306 0x000001cf857b2490 code [0x000001cf857b2640, 0x000001cf857b2768]
Event: 39.353 Thread 0x000001cfff525800 12308       2       com.android.tools.r8.code.b1::<init> (7 bytes)
Event: 39.354 Thread 0x000001cfff525800 nmethod 12308 0x000001cf857b2890 code [0x000001cf857b2a60, 0x000001cf857b2c28]
Event: 39.354 Thread 0x000001cfff525800 12309       2       com.android.tools.r8.code.Y0::<init> (14 bytes)
Event: 39.354 Thread 0x000001cfff525800 nmethod 12309 0x000001cf857b2d90 code [0x000001cf857b2f60, 0x000001cf857b3108]
Event: 39.354 Thread 0x000001cfff525800 12299       2       com.android.tools.r8.code.B::<init> (7 bytes)
Event: 39.355 Thread 0x000001cfff525800 nmethod 12299 0x000001cf857b3290 code [0x000001cf857b3460, 0x000001cf857b3698]
Event: 39.355 Thread 0x000001cfff525800 12310       2       com.android.tools.r8.code.d1::<init> (7 bytes)
Event: 39.355 Thread 0x000001cfff525800 nmethod 12310 0x000001cf857b3890 code [0x000001cf857b3a60, 0x000001cf857b3c28]
Event: 39.355 Thread 0x000001cfff525800 12282       2       com.android.tools.r8.code.x::<init> (7 bytes)
Event: 39.355 Thread 0x000001cfff525800 nmethod 12282 0x000001cf857b3d90 code [0x000001cf857b3f60, 0x000001cf857b4198]
Event: 39.360 Thread 0x000001cfff525800 12315       2       com.android.tools.r8.internal.ZG::<init> (41 bytes)
Event: 39.360 Thread 0x000001cfff525800 nmethod 12315 0x000001cf857b4390 code [0x000001cf857b4540, 0x000001cf857b46b8]
Event: 39.363 Thread 0x000001cfff525800 12316       2       com.android.tools.r8.code.u::<init> (7 bytes)
Event: 39.364 Thread 0x000001cfff525800 nmethod 12316 0x000001cf857b4790 code [0x000001cf857b4960, 0x000001cf857b4b98]

GC Heap History (20 events):
Event: 34.343 GC heap after
{Heap after GC invocations=37 (full 0):
 garbage-first heap   total 155648K, used 92773K [0x0000000080000000, 0x0000000100000000)
  region size 1024K, 4 young (4096K), 4 survivors (4096K)
 Metaspace       used 91116K, capacity 93196K, committed 93484K, reserved 1130496K
  class space    used 11784K, capacity 12562K, committed 12672K, reserved 1048576K
}
Event: 34.927 GC heap before
{Heap before GC invocations=38 (full 0):
 garbage-first heap   total 155648K, used 127589K [0x0000000080000000, 0x0000000100000000)
  region size 1024K, 39 young (39936K), 4 survivors (4096K)
 Metaspace       used 92370K, capacity 94452K, committed 94636K, reserved 1130496K
  class space    used 11944K, capacity 12724K, committed 12800K, reserved 1048576K
}
Event: 34.936 GC heap after
{Heap after GC invocations=39 (full 0):
 garbage-first heap   total 155648K, used 93816K [0x0000000080000000, 0x0000000100000000)
  region size 1024K, 3 young (3072K), 3 survivors (3072K)
 Metaspace       used 92370K, capacity 94452K, committed 94636K, reserved 1130496K
  class space    used 11944K, capacity 12724K, committed 12800K, reserved 1048576K
}
Event: 35.280 GC heap before
{Heap before GC invocations=39 (full 0):
 garbage-first heap   total 155648K, used 119416K [0x0000000080000000, 0x0000000100000000)
  region size 1024K, 30 young (30720K), 3 survivors (3072K)
 Metaspace       used 92837K, capacity 94975K, committed 95276K, reserved 1132544K
  class space    used 11972K, capacity 12765K, committed 12928K, reserved 1048576K
}
Event: 35.291 GC heap after
{Heap after GC invocations=40 (full 0):
 garbage-first heap   total 187392K, used 97144K [0x0000000080000000, 0x0000000100000000)
  region size 1024K, 5 young (5120K), 5 survivors (5120K)
 Metaspace       used 92837K, capacity 94975K, committed 95276K, reserved 1132544K
  class space    used 11972K, capacity 12765K, committed 12928K, reserved 1048576K
}
Event: 36.574 GC heap before
{Heap before GC invocations=41 (full 0):
 garbage-first heap   total 187392K, used 128888K [0x0000000080000000, 0x0000000100000000)
  region size 1024K, 26 young (26624K), 5 survivors (5120K)
 Metaspace       used 95944K, capacity 98081K, committed 98220K, reserved 1134592K
  class space    used 12398K, capacity 13188K, committed 13312K, reserved 1048576K
}
Event: 36.596 GC heap after
{Heap after GC invocations=42 (full 0):
 garbage-first heap   total 187392K, used 117574K [0x0000000080000000, 0x0000000100000000)
  region size 1024K, 7 young (7168K), 7 survivors (7168K)
 Metaspace       used 95944K, capacity 98081K, committed 98220K, reserved 1134592K
  class space    used 12398K, capacity 13188K, committed 13312K, reserved 1048576K
}
Event: 36.987 GC heap before
{Heap before GC invocations=43 (full 0):
 garbage-first heap   total 187392K, used 177990K [0x0000000080000000, 0x0000000100000000)
  region size 1024K, 37 young (37888K), 7 survivors (7168K)
 Metaspace       used 96201K, capacity 98327K, committed 98476K, reserved 1134592K
  class space    used 12430K, capacity 13227K, committed 13312K, reserved 1048576K
}
Event: 37.014 GC heap after
{Heap after GC invocations=44 (full 0):
 garbage-first heap   total 197632K, used 141066K [0x0000000080000000, 0x0000000100000000)
  region size 1024K, 5 young (5120K), 5 survivors (5120K)
 Metaspace       used 96201K, capacity 98327K, committed 98476K, reserved 1134592K
  class space    used 12430K, capacity 13227K, committed 13312K, reserved 1048576K
}
Event: 37.413 GC heap before
{Heap before GC invocations=44 (full 0):
 garbage-first heap   total 197632K, used 158474K [0x0000000080000000, 0x0000000100000000)
  region size 1024K, 24 young (24576K), 5 survivors (5120K)
 Metaspace       used 96203K, capacity 98327K, committed 98476K, reserved 1134592K
  class space    used 12430K, capacity 13227K, committed 13312K, reserved 1048576K
}
Event: 37.434 GC heap after
{Heap after GC invocations=45 (full 0):
 garbage-first heap   total 197632K, used 149111K [0x0000000080000000, 0x0000000100000000)
  region size 1024K, 4 young (4096K), 4 survivors (4096K)
 Metaspace       used 96203K, capacity 98327K, committed 98476K, reserved 1134592K
  class space    used 12430K, capacity 13227K, committed 13312K, reserved 1048576K
}
Event: 37.692 GC heap before
{Heap before GC invocations=45 (full 0):
 garbage-first heap   total 197632K, used 165495K [0x0000000080000000, 0x0000000100000000)
  region size 1024K, 19 young (19456K), 4 survivors (4096K)
 Metaspace       used 96203K, capacity 98327K, committed 98476K, reserved 1134592K
  class space    used 12430K, capacity 13227K, committed 13312K, reserved 1048576K
}
Event: 37.729 GC heap after
{Heap after GC invocations=46 (full 0):
 garbage-first heap   total 248832K, used 156964K [0x0000000080000000, 0x0000000100000000)
  region size 1024K, 3 young (3072K), 3 survivors (3072K)
 Metaspace       used 96203K, capacity 98327K, committed 98476K, reserved 1134592K
  class space    used 12430K, capacity 13227K, committed 13312K, reserved 1048576K
}
Event: 38.496 GC heap before
{Heap before GC invocations=47 (full 0):
 garbage-first heap   total 248832K, used 186660K [0x0000000080000000, 0x0000000100000000)
  region size 1024K, 33 young (33792K), 3 survivors (3072K)
 Metaspace       used 98451K, capacity 100719K, committed 100780K, reserved 1136640K
  class space    used 12903K, capacity 13780K, committed 13824K, reserved 1048576K
}
Event: 38.543 GC heap after
{Heap after GC invocations=48 (full 0):
 garbage-first heap   total 248832K, used 168960K [0x0000000080000000, 0x0000000100000000)
  region size 1024K, 5 young (5120K), 5 survivors (5120K)
 Metaspace       used 98451K, capacity 100719K, committed 100780K, reserved 1136640K
  class space    used 12903K, capacity 13780K, committed 13824K, reserved 1048576K
}
Event: 38.705 GC heap before
{Heap before GC invocations=48 (full 0):
 garbage-first heap   total 248832K, used 195584K [0x0000000080000000, 0x0000000100000000)
  region size 1024K, 31 young (31744K), 5 survivors (5120K)
 Metaspace       used 98564K, capacity 100858K, committed 101036K, reserved 1136640K
  class space    used 12903K, capacity 13780K, committed 13824K, reserved 1048576K
}
Event: 38.749 GC heap after
{Heap after GC invocations=49 (full 0):
 garbage-first heap   total 248832K, used 182922K [0x0000000080000000, 0x0000000100000000)
  region size 1024K, 4 young (4096K), 4 survivors (4096K)
 Metaspace       used 98564K, capacity 100858K, committed 101036K, reserved 1136640K
  class space    used 12903K, capacity 13780K, committed 13824K, reserved 1048576K
}
Event: 39.142 GC heap before
{Heap before GC invocations=49 (full 0):
 garbage-first heap   total 248832K, used 202378K [0x0000000080000000, 0x0000000100000000)
  region size 1024K, 23 young (23552K), 4 survivors (4096K)
 Metaspace       used 98584K, capacity 100862K, committed 101036K, reserved 1136640K
  class space    used 12903K, capacity 13780K, committed 13824K, reserved 1048576K
}
Event: 39.173 GC heap after
{Heap after GC invocations=50 (full 0):
 garbage-first heap   total 248832K, used 193452K [0x0000000080000000, 0x0000000100000000)
  region size 1024K, 3 young (3072K), 3 survivors (3072K)
 Metaspace       used 98584K, capacity 100862K, committed 101036K, reserved 1136640K
  class space    used 12903K, capacity 13780K, committed 13824K, reserved 1048576K
}
Event: 39.379 GC heap before
{Heap before GC invocations=50 (full 0):
 garbage-first heap   total 248832K, used 206764K [0x0000000080000000, 0x0000000100000000)
  region size 1024K, 16 young (16384K), 3 survivors (3072K)
 Metaspace       used 98626K, capacity 100862K, committed 101036K, reserved 1136640K
  class space    used 12903K, capacity 13780K, committed 13824K, reserved 1048576K
}

Deoptimization events (20 events):
Event: 38.062 Thread 0x000001cf9cfdb000 DEOPT PACKING pc=0x000001cf8b828530 sp=0x000000484f9fc360
Event: 38.062 Thread 0x000001cf9cfdb000 DEOPT UNPACKING pc=0x000001cf83a7a1af sp=0x000000484f9fc238 mode 2
Event: 38.313 Thread 0x000001cf9cfdd800 Uncommon trap: trap_request=0xffffff4d fr.pc=0x000001cf8ba234b8 relative=0x0000000000000198
Event: 38.313 Thread 0x000001cf9cfdd800 Uncommon trap: reason=unstable_if action=reinterpret pc=0x000001cf8ba234b8 method=jdk.internal.util.ArraysSupport.mismatch([B[BI)I @ 14 c2
Event: 38.313 Thread 0x000001cf9cfdd800 DEOPT PACKING pc=0x000001cf8ba234b8 sp=0x000000484fbfe9b0
Event: 38.313 Thread 0x000001cf9cfdd800 DEOPT UNPACKING pc=0x000001cf83a7a1af sp=0x000000484fbfe958 mode 2
Event: 38.545 Thread 0x000001cf9cfd8800 DEOPT PACKING pc=0x000001cf8571cbfe sp=0x000000484fdfe660
Event: 38.545 Thread 0x000001cf9cfd8800 DEOPT UNPACKING pc=0x000001cf83a7a95e sp=0x000000484fdfdbe8 mode 0
Event: 38.548 Thread 0x000001cf9cfdb000 DEOPT PACKING pc=0x000001cf8571cbfe sp=0x000000484f9fe550
Event: 38.548 Thread 0x000001cf9cfdb000 DEOPT UNPACKING pc=0x000001cf83a7a95e sp=0x000000484f9fdad8 mode 0
Event: 39.099 Thread 0x000001cf9cfde000 Uncommon trap: trap_request=0xffffff4d fr.pc=0x000001cf8ba33e68 relative=0x0000000000000e68
Event: 39.099 Thread 0x000001cf9cfde000 Uncommon trap: reason=unstable_if action=reinterpret pc=0x000001cf8ba33e68 method=com.android.tools.r8.internal.Hq.d(I)V @ 38 c2
Event: 39.099 Thread 0x000001cf9cfde000 DEOPT PACKING pc=0x000001cf8ba33e68 sp=0x000000484fcfe830
Event: 39.099 Thread 0x000001cf9cfde000 DEOPT UNPACKING pc=0x000001cf83a7a1af sp=0x000000484fcfe778 mode 2
Event: 39.298 Thread 0x000001cf9cfdb000 Uncommon trap: trap_request=0xffffff4d fr.pc=0x000001cf8ba41318 relative=0x0000000000009b78
Event: 39.298 Thread 0x000001cf9cfdb000 Uncommon trap: reason=unstable_if action=reinterpret pc=0x000001cf8ba41318 method=com.android.tools.r8.code.y1.a(Ljava/nio/ShortBuffer;IILcom/android/tools/r8/internal/mI;)[Lcom/android/tools/r8/code/w1; @ 541 c2
Event: 39.299 Thread 0x000001cf9cfdb000 DEOPT PACKING pc=0x000001cf8ba41318 sp=0x000000484f9fe850
Event: 39.299 Thread 0x000001cf9cfdb000 DEOPT UNPACKING pc=0x000001cf83a7a1af sp=0x000000484f9fe828 mode 2
Event: 39.330 Thread 0x000001cf9cfdd800 DEOPT PACKING pc=0x000001cf856a6cdb sp=0x000000484fbfe8c0
Event: 39.330 Thread 0x000001cf9cfdd800 DEOPT UNPACKING pc=0x000001cf83a7a95e sp=0x000000484fbfde18 mode 0

Classes redefined (0 events):
No events

Internal exceptions (20 events):
Event: 33.265 Thread 0x000001cf9e980000 Exception <a 'sun/nio/fs/WindowsException'{0x0000000088685b58}> (0x0000000088685b58) thrown at [./src/hotspot/share/prims/jni.cpp, line 615]
Event: 33.265 Thread 0x000001cf9e980000 Exception <a 'sun/nio/fs/WindowsException'{0x00000000886869f8}> (0x00000000886869f8) thrown at [./src/hotspot/share/prims/jni.cpp, line 615]
Event: 33.304 Thread 0x000001cf9e980000 Exception <a 'java/lang/NoSuchMethodError'{0x0000000088423f68}: <clinit>> (0x0000000088423f68) thrown at [./src/hotspot/share/prims/jni.cpp, line 1365]
Event: 33.312 Thread 0x000001cf9e980000 Exception <a 'java/lang/NoSuchMethodError'{0x0000000088457a60}: <clinit>> (0x0000000088457a60) thrown at [./src/hotspot/share/prims/jni.cpp, line 1365]
Event: 33.317 Thread 0x000001cf9e980000 Exception <a 'java/lang/NoSuchMethodError'{0x000000008848bc28}: <clinit>> (0x000000008848bc28) thrown at [./src/hotspot/share/prims/jni.cpp, line 1365]
Event: 33.319 Thread 0x000001cf9e980000 Exception <a 'java/lang/NoSuchMethodError'{0x000000008849e5e0}: <clinit>> (0x000000008849e5e0) thrown at [./src/hotspot/share/prims/jni.cpp, line 1365]
Event: 35.636 Thread 0x000001cf9cfd3800 Exception <a 'java/lang/NoSuchMethodError'{0x000000008b13d8f8}: 'void java.lang.invoke.DirectMethodHandle$Holder.invokeStatic(java.lang.Object, long)'> (0x000000008b13d8f8) thrown at [./src/hotspot/share/interpreter/linkResolver.cpp, line 773]
Event: 35.636 Thread 0x000001cf9cfd3800 Exception <a 'java/lang/NoSuchMethodError'{0x000000008b142b10}: 'java.lang.Object java.lang.invoke.DirectMethodHandle$Holder.invokeStatic(java.lang.Object, long)'> (0x000000008b142b10) thrown at [./src/hotspot/share/interpreter/linkResolver.cpp, line 773]
Event: 35.641 Thread 0x000001cf9cfd3800 Exception <a 'java/lang/NoSuchMethodError'{0x000000008b150e78}: 'java.lang.Object java.lang.invoke.DirectMethodHandle$Holder.invokeStaticInit(java.lang.Object, java.lang.Object, long, java.lang.Object)'> (0x000000008b150e78) thrown at [./src/hotspot/share/interpreter/linkResolver.cpp, line 773]
Event: 35.643 Thread 0x000001cf9cfd3800 Exception <a 'java/lang/NoSuchMethodError'{0x000000008b09b198}: 'java.lang.Object java.lang.invoke.DirectMethodHandle$Holder.invokeStatic(java.lang.Object, java.lang.Object, long)'> (0x000000008b09b198) thrown at [./src/hotspot/share/interpreter/linkResolver.cpp, line 773]
Event: 35.646 Thread 0x000001cf9cfd3800 Exception <a 'java/lang/NoSuchMethodError'{0x000000008b0a1710}: 'java.lang.Object java.lang.invoke.Invokers$Holder.linkToTargetMethod(java.lang.Object, long, java.lang.Object)'> (0x000000008b0a1710) thrown at [./src/hotspot/share/interpreter/linkResolver.cpp, line 773]
Event: 36.044 Thread 0x000001cf9cfd7000 Exception <a 'sun/nio/fs/WindowsException'{0x000000008add1130}> (0x000000008add1130) thrown at [./src/hotspot/share/prims/jni.cpp, line 615]
Event: 36.554 Thread 0x000001cf9cfd7000 Exception <a 'java/lang/NoSuchMethodError'{0x000000008a5eafe0}: 'java.lang.Object java.lang.invoke.DirectMethodHandle$Holder.invokeStaticInit(java.lang.Object, java.lang.Object, java.lang.Object, java.lang.Object, java.lang.Object, java.lang.Object, java.lang.Object, java.lang.Object, java.lang.Object, java.lang.Object, java.lang.Object, java.lang.Object, java.lang.Object, java.lang.Object, java.lang.Object, java.lang.Object, java.lang.Object, java.lang.Object, int, java.lang.Object, java.lang.Object)'> (0
Event: 36.958 Thread 0x000001cf9cfd3800 Exception <a 'java/lang/NoSuchMethodError'{0x00000000895e0a40}: 'int java.lang.invoke.DirectMethodHandle$Holder.invokeSpecialIFC(java.lang.Object, java.lang.Object, java.lang.Object)'> (0x00000000895e0a40) thrown at [./src/hotspot/share/interpreter/linkResolver.cpp, line 773]
Event: 38.038 Thread 0x000001cf9cfd8800 Exception <a 'java/lang/IncompatibleClassChangeError'{0x000000008e978ee0}: Found class java.lang.Object, but interface was expected> (0x000000008e978ee0) thrown at [./src/hotspot/share/interpreter/linkResolver.cpp, line 839]
Event: 38.038 Thread 0x000001cf9cfdc800 Exception <a 'java/lang/IncompatibleClassChangeError'{0x000000008e91c628}: Found class java.lang.Object, but interface was expected> (0x000000008e91c628) thrown at [./src/hotspot/share/interpreter/linkResolver.cpp, line 839]
Event: 38.038 Thread 0x000001cf9cfde000 Exception <a 'java/lang/IncompatibleClassChangeError'{0x000000008e968678}: Found class java.lang.Object, but interface was expected> (0x000000008e968678) thrown at [./src/hotspot/share/interpreter/linkResolver.cpp, line 839]
Event: 38.042 Thread 0x000001cf9cfd2000 Exception <a 'java/lang/NoSuchMethodError'{0x000000008e8cf990}: 'java.lang.Object java.lang.invoke.DirectMethodHandle$Holder.newInvokeSpecial(java.lang.Object, int)'> (0x000000008e8cf990) thrown at [./src/hotspot/share/interpreter/linkResolver.cpp, line 773]
Event: 38.053 Thread 0x000001cf9cfde000 Exception <a 'java/lang/IncompatibleClassChangeError'{0x000000008e7213a8}: Found class java.lang.Object, but interface was expected> (0x000000008e7213a8) thrown at [./src/hotspot/share/interpreter/linkResolver.cpp, line 839]
Event: 38.054 Thread 0x000001cf9cfde000 Exception <a 'java/lang/IncompatibleClassChangeError'{0x000000008e72e970}: Found class java.lang.Object, but interface was expected> (0x000000008e72e970) thrown at [./src/hotspot/share/interpreter/linkResolver.cpp, line 839]

Events (20 events):
Event: 38.385 loading class com/android/tools/r8/graph/W0 done
Event: 38.386 loading class com/android/tools/r8/graph/N2
Event: 38.386 loading class com/android/tools/r8/graph/N2 done
Event: 38.387 loading class com/android/tools/r8/internal/XG
Event: 38.387 loading class com/android/tools/r8/internal/XG done
Event: 38.388 loading class com/android/tools/r8/internal/cH
Event: 38.388 loading class com/android/tools/r8/internal/cH done
Event: 38.427 loading class com/android/tools/r8/internal/vg
Event: 38.427 loading class com/android/tools/r8/internal/vg done
Event: 38.440 loading class com/android/tools/r8/internal/Dj
Event: 38.440 loading class com/android/tools/r8/internal/Dj done
Event: 38.495 Executing VM operation: G1CollectForAllocation
Event: 38.543 Executing VM operation: G1CollectForAllocation done
Event: 38.704 Executing VM operation: G1CollectForAllocation
Event: 38.749 Executing VM operation: G1CollectForAllocation done
Event: 39.120 Executing VM operation: G1CollectForAllocation
Event: 39.173 Executing VM operation: G1CollectForAllocation done
Event: 39.218 Executing VM operation: CGC_Operation
Event: 39.242 Executing VM operation: CGC_Operation done
Event: 39.378 Executing VM operation: G1CollectForAllocation


Dynamic libraries:
0x00007ff604b50000 - 0x00007ff604b5a000 	D:\Programs\Android\jre\bin\java.exe
0x00007ffbb8ad0000 - 0x00007ffbb8cc8000 	C:\Windows\SYSTEM32\ntdll.dll
0x00007ffbb74d0000 - 0x00007ffbb758d000 	C:\Windows\System32\KERNEL32.DLL
0x00007ffbb65b0000 - 0x00007ffbb687e000 	C:\Windows\System32\KERNELBASE.dll
0x00007ffbb6880000 - 0x00007ffbb6980000 	C:\Windows\System32\ucrtbase.dll
0x00007ffbad870000 - 0x00007ffbad889000 	D:\Programs\Android\jre\bin\jli.dll
0x00007ffbaeb90000 - 0x00007ffbaeba7000 	D:\Programs\Android\jre\bin\VCRUNTIME140.dll
0x00007ffbb7330000 - 0x00007ffbb74d0000 	C:\Windows\System32\USER32.dll
0x00007ffb98190000 - 0x00007ffb9842a000 	C:\Windows\WinSxS\amd64_microsoft.windows.common-controls_6595b64144ccf1df_6.0.19041.1110_none_60b5254171f9507e\COMCTL32.dll
0x00007ffbb6b00000 - 0x00007ffbb6b22000 	C:\Windows\System32\win32u.dll
0x00007ffbb6e80000 - 0x00007ffbb6eaa000 	C:\Windows\System32\GDI32.dll
0x00007ffbb6260000 - 0x00007ffbb636b000 	C:\Windows\System32\gdi32full.dll
0x00007ffbb6a30000 - 0x00007ffbb6acd000 	C:\Windows\System32\msvcp_win.dll
0x00007ffbb80b0000 - 0x00007ffbb814e000 	C:\Windows\System32\msvcrt.dll
0x00007ffbb84b0000 - 0x00007ffbb84e0000 	C:\Windows\System32\IMM32.DLL
0x00007ffb72bb0000 - 0x00007ffb72c4d000 	D:\Programs\Android\jre\bin\msvcp140.dll
0x00007ffb53770000 - 0x00007ffb54255000 	D:\Programs\Android\jre\bin\server\jvm.dll
0x00007ffbb8000000 - 0x00007ffbb80ae000 	C:\Windows\System32\ADVAPI32.dll
0x00007ffbb84e0000 - 0x00007ffbb857c000 	C:\Windows\System32\sechost.dll
0x00007ffbb7df0000 - 0x00007ffbb7f15000 	C:\Windows\System32\RPCRT4.dll
0x00007ffbb6e70000 - 0x00007ffbb6e78000 	C:\Windows\System32\PSAPI.DLL
0x00007ffbaab50000 - 0x00007ffbaab5a000 	C:\Windows\SYSTEM32\VERSION.dll
0x00007ffb90360000 - 0x00007ffb90387000 	C:\Windows\SYSTEM32\WINMM.dll
0x00007ffbaec10000 - 0x00007ffbaec19000 	C:\Windows\SYSTEM32\WSOCK32.dll
0x00007ffbb8880000 - 0x00007ffbb88eb000 	C:\Windows\System32\WS2_32.dll
0x00007ffbb4a40000 - 0x00007ffbb4a52000 	C:\Windows\SYSTEM32\kernel.appcore.dll
0x00007ffbad020000 - 0x00007ffbad031000 	D:\Programs\Android\jre\bin\verify.dll
0x00007ffbaedb0000 - 0x00007ffbaef94000 	C:\Windows\SYSTEM32\DBGHELP.DLL
0x00007ffb974e0000 - 0x00007ffb9750c000 	C:\Windows\SYSTEM32\dbgcore.DLL
0x00007ffbb64d0000 - 0x00007ffbb6552000 	C:\Windows\System32\bcryptPrimitives.dll
0x00007ffbacd90000 - 0x00007ffbacdb9000 	D:\Programs\Android\jre\bin\java.dll
0x00007ffbaec00000 - 0x00007ffbaec0b000 	D:\Programs\Android\jre\bin\jimage.dll
0x00007ffbaab30000 - 0x00007ffbaab48000 	D:\Programs\Android\jre\bin\zip.dll
0x00007ffbb7590000 - 0x00007ffbb7cd4000 	C:\Windows\System32\SHELL32.dll
0x00007ffbb4290000 - 0x00007ffbb4a24000 	C:\Windows\SYSTEM32\windows.storage.dll
0x00007ffbb8150000 - 0x00007ffbb84a4000 	C:\Windows\System32\combase.dll
0x00007ffbb5b70000 - 0x00007ffbb5ba0000 	C:\Windows\SYSTEM32\Wldp.dll
0x00007ffbb7d40000 - 0x00007ffbb7ded000 	C:\Windows\System32\SHCORE.dll
0x00007ffbb6ce0000 - 0x00007ffbb6d35000 	C:\Windows\System32\shlwapi.dll
0x00007ffbb6130000 - 0x00007ffbb614f000 	C:\Windows\SYSTEM32\profapi.dll
0x00007ffbaa660000 - 0x00007ffbaa67a000 	D:\Programs\Android\jre\bin\net.dll
0x00007ffbadda0000 - 0x00007ffbadeaa000 	C:\Windows\SYSTEM32\WINHTTP.dll
0x00007ffbb5950000 - 0x00007ffbb59ba000 	C:\Windows\system32\mswsock.dll
0x00007ffbad5f0000 - 0x00007ffbad604000 	D:\Programs\Android\jre\bin\nio.dll
0x00007ffb7c6e0000 - 0x00007ffb7c707000 	C:\Users\ayten\.gradle\native\e1d6ef7f7dcc3fd88c89a11ec53ec762bb8ba0a96d01ffa2cd45eb1d1d8dd5c5\windows-amd64\native-platform.dll
0x00007ffb72570000 - 0x00007ffb726b4000 	C:\Users\ayten\.gradle\native\5664cfc778a61ccfe75a443a1ab52a65af34e5dc3c78e0209fed803814484fcb\windows-amd64\native-platform-file-events.dll
0x00007ffbaebb0000 - 0x00007ffbaebba000 	D:\Programs\Android\jre\bin\management.dll
0x00007ffbad5e0000 - 0x00007ffbad5ed000 	D:\Programs\Android\jre\bin\management_ext.dll
0x00007ffbb5bb0000 - 0x00007ffbb5bc8000 	C:\Windows\SYSTEM32\CRYPTSP.dll
0x00007ffbb5280000 - 0x00007ffbb52b4000 	C:\Windows\system32\rsaenh.dll
0x00007ffbb6ad0000 - 0x00007ffbb6af7000 	C:\Windows\System32\bcrypt.dll
0x00007ffbb60f0000 - 0x00007ffbb611e000 	C:\Windows\SYSTEM32\USERENV.dll
0x00007ffbb5ae0000 - 0x00007ffbb5aec000 	C:\Windows\SYSTEM32\CRYPTBASE.dll
0x00007ffbb5610000 - 0x00007ffbb564b000 	C:\Windows\SYSTEM32\IPHLPAPI.DLL
0x00007ffbb6d40000 - 0x00007ffbb6d48000 	C:\Windows\System32\NSI.dll
0x00007ffbabe90000 - 0x00007ffbabea7000 	C:\Windows\SYSTEM32\dhcpcsvc6.DLL
0x00007ffbab640000 - 0x00007ffbab65d000 	C:\Windows\SYSTEM32\dhcpcsvc.DLL
0x00007ffbb5660000 - 0x00007ffbb572a000 	C:\Windows\SYSTEM32\DNSAPI.dll

dbghelp: loaded successfully - version: 4.0.5 - missing functions: none
symbol engine: initialized successfully - sym options: 0x614 - pdb path: .;D:\Programs\Android\jre\bin;C:\Windows\SYSTEM32;C:\Windows\WinSxS\amd64_microsoft.windows.common-controls_6595b64144ccf1df_6.0.19041.1110_none_60b5254171f9507e;D:\Programs\Android\jre\bin\server;C:\Users\ayten\.gradle\native\e1d6ef7f7dcc3fd88c89a11ec53ec762bb8ba0a96d01ffa2cd45eb1d1d8dd5c5\windows-amd64;C:\Users\ayten\.gradle\native\5664cfc778a61ccfe75a443a1ab52a65af34e5dc3c78e0209fed803814484fcb\windows-amd64

VM Arguments:
jvm_args: --add-opens=java.base/java.util=ALL-UNNAMED --add-opens=java.base/java.lang=ALL-UNNAMED --add-opens=java.base/java.lang.invoke=ALL-UNNAMED --add-opens=java.base/java.util=ALL-UNNAMED --add-opens=java.prefs/java.util.prefs=ALL-UNNAMED --add-opens=java.prefs/java.util.prefs=ALL-UNNAMED --add-opens=java.base/java.nio.charset=ALL-UNNAMED --add-opens=java.base/java.net=ALL-UNNAMED --add-opens=java.base/java.util.concurrent.atomic=ALL-UNNAMED -Xmx2048m -Dfile.encoding=UTF-8 -Duser.country=US -Duser.language=en -Duser.variant 
java_command: org.gradle.launcher.daemon.bootstrap.GradleDaemon 7.3.3
java_class_path (initial): C:\Users\ayten\.gradle\wrapper\dists\gradle-7.3.3-bin\6a41zxkdtcxs8rphpq6y0069z\gradle-7.3.3\lib\gradle-launcher-7.3.3.jar
Launcher Type: SUN_STANDARD

[Global flags]
     intx CICompilerCount                          = 4                                         {product} {ergonomic}
     uint ConcGCThreads                            = 2                                         {product} {ergonomic}
     uint G1ConcRefinementThreads                  = 8                                         {product} {ergonomic}
   size_t G1HeapRegionSize                         = 1048576                                   {product} {ergonomic}
    uintx GCDrainStackTargetSize                   = 64                                        {product} {ergonomic}
   size_t InitialHeapSize                          = 132120576                                 {product} {ergonomic}
   size_t MarkStackSize                            = 4194304                                   {product} {ergonomic}
   size_t MaxHeapSize                              = 2147483648                                {product} {command line}
   size_t MaxNewSize                               = 1287651328                                {product} {ergonomic}
   size_t MinHeapDeltaBytes                        = 1048576                                   {product} {ergonomic}
    uintx NonNMethodCodeHeapSize                   = 5836300                                {pd product} {ergonomic}
    uintx NonProfiledCodeHeapSize                  = 122910970                              {pd product} {ergonomic}
    uintx ProfiledCodeHeapSize                     = 122910970                              {pd product} {ergonomic}
    uintx ReservedCodeCacheSize                    = 251658240                              {pd product} {ergonomic}
     bool SegmentedCodeCache                       = true                                      {product} {ergonomic}
     bool UseCompressedClassPointers               = true                                 {lp64_product} {ergonomic}
     bool UseCompressedOops                        = true                                 {lp64_product} {ergonomic}
     bool UseG1GC                                  = true                                      {product} {ergonomic}
     bool UseLargePagesIndividualAllocation        = false                                  {pd product} {ergonomic}

Logging:
Log output configuration:
 #0: stdout all=warning uptime,level,tags
 #1: stderr all=off uptime,level,tags

Environment Variables:
JAVA_HOME=C:\Program Files\Java\jdk1.8.0_281
PATH=C:\Program Files\Amazon Corretto\jdk11.0.14_10\bin;C:\Program Files (x86)\Common Files\Oracle\Java\javapath;C:\ProgramData\Oracle\Java\javapath;C:\Program Files (x86)\NVIDIA Corporation\PhysX\Common;C:\Windows\system32;C:\Windows;C:\Windows\System32\Wbem;C:\Windows\System32\WindowsPowerShell\v1.0\;C:\Windows\System32\OpenSSH\;D:\Programs\Git\cmd;D:\Program Files\;D:\Programs\flutter\bin;C:\Users\ayten\AppData\Local\Programs\Python\Python310;C:\Users\ayten\AppData\Local\Microsoft\WindowsApps;D:\Programs\IntelliJ IDEA Community Edition 2021.2.3\bin;;C:\Users\ayten\AppData\Local\GitHubDesktop\bin;C:\tools\dart-sdk;C:\Program Files\Java\jdk1.8.0_281\bin;D:\Programs\Microsoft VS Code\bin;C:\Users\ayten\AppData\Local\Programs\Python\Python310\Scripts;C:\Users\ayten\.virtualenvs\storefront-dcLWylEk\Scripts;C:\Users\ayten\AppData\Roaming\npm;D:\Program Files\heroku\bin;C:\msys64\mingw64\bin;
USERNAME=aytn
OS=Windows_NT
PROCESSOR_IDENTIFIER=Intel64 Family 6 Model 142 Stepping 12, GenuineIntel



---------------  S Y S T E M  ---------------

OS: Windows 10 , 64 bit Build 19041 (10.0.19041.1889)
OS uptime: 2 days 1:17 hours
Hyper-V role detected

CPU:total 8 (initial active 8) (4 cores per cpu, 2 threads per core) family 6 model 142 stepping 12 microcode 0xca, cmov, cx8, fxsr, mmx, sse, sse2, sse3, ssse3, sse4.1, sse4.2, popcnt, avx, avx2, aes, clmul, erms, 3dnowpref, lzcnt, ht, tsc, tscinvbit, bmi1, bmi2, adx, fma

Memory: 4k page, system-wide physical 8001M (83M free)
TotalPageFile size 32577M (AvailPageFile size 27M)
current process WorkingSet (physical memory assigned to process): 398M, peak: 409M
current process commit charge ("private bytes"): 561M, peak: 736M

vm_info: OpenJDK 64-Bit Server VM (11.0.12+7-b1504.28-7817840) for windows-amd64 JRE (11.0.12+7-b1504.28-7817840), built on Oct 13 2021 22:12:33 by "builder" with MS VC++ 14.0 (VS2015)

END.
